C:/ncs/projects/light_bulb/CMakeLists.txt(7):  cmake_minimum_required(VERSION 3.21.0 )
C:/ncs/projects/light_bulb/CMakeLists.txt(10):  set(BOARD nrf52840dk/nrf52840 )
C:/ncs/projects/light_bulb/CMakeLists.txt(11):  message(STATUS Board set to: nrf52840dk/nrf52840 )
C:/ncs/projects/light_bulb/CMakeLists.txt(12):  message(STATUS ZEPHYR_BASE: C:/ncs/v2.7.0/zephyr )
C:/ncs/projects/light_bulb/CMakeLists.txt(15):  set(MbedTLS_DIR C:/ncs/v2.7.0/modules/crypto/mbedtls/cmake )
C:/ncs/projects/light_bulb/CMakeLists.txt(16):  message(STATUS MbedTLS_DIR: C:/ncs/v2.7.0/modules/crypto/mbedtls/cmake )
C:/ncs/projects/light_bulb/CMakeLists.txt(17):  set(ZEPHYR_BASE C:/ncs/v2.7.0/zephyr )
C:/ncs/projects/light_bulb/CMakeLists.txt(18):  set(CMAKE_MODULE_PATH C:/ncs/v2.7.0/zephyr/cmake/modules  )
C:/ncs/projects/light_bulb/CMakeLists.txt(19):  message(STATUS CMAKE_MODULE_PATH: C:/ncs/v2.7.0/zephyr/cmake/modules )
C:/ncs/projects/light_bulb/CMakeLists.txt(22):  set(SYSBUILD_MODULE_PATH C:/ncs/v2.7.0/nrf/sysbuild )
C:/ncs/projects/light_bulb/CMakeLists.txt(23):  set(CMAKE_MODULE_PATH C:/ncs/v2.7.0/nrf/sysbuild C:/ncs/v2.7.0/zephyr/cmake/modules )
C:/ncs/projects/light_bulb/CMakeLists.txt(24):  message(STATUS Sysbuild module path: C:/ncs/v2.7.0/nrf/sysbuild )
C:/ncs/projects/light_bulb/CMakeLists.txt(26):  if(SB_CONFIG_PARTITION_MANAGER )
C:/ncs/projects/light_bulb/CMakeLists.txt(29):  else()
C:/ncs/projects/light_bulb/CMakeLists.txt(30):  message(STATUS Partition Manager is NOT enabled. )
C:/ncs/projects/light_bulb/CMakeLists.txt(34):  set(CONF_FILE C:/ncs/v2.7.0/bootloader/mcuboot/boot/zephyr/prj.conf )
C:/ncs/projects/light_bulb/CMakeLists.txt(35):  message(STATUS MCUBoot project configuration set to: C:/ncs/v2.7.0/bootloader/mcuboot/boot/zephyr/prj.conf )
C:/ncs/projects/light_bulb/CMakeLists.txt(36):  message(STATUS CMAKE_CURRENT_BINARY_DIR: C:/ncs/projects/light_bulb )
C:/ncs/projects/light_bulb/CMakeLists.txt(37):  message(STATUS CMAKE_BINARY_DIR is: C:/ncs/projects/light_bulb )
C:/ncs/projects/light_bulb/CMakeLists.txt(40):  set(ZEPHYR_CONNECTEDHOMEIP_MODULE_DIR C:/ncs/v2.7.0/modules/lib/matter )
C:/ncs/projects/light_bulb/CMakeLists.txt(41):  message(STATUS ZEPHYR_CONNECTEDHOMEIP_MODULE_DIR: C:/ncs/v2.7.0/modules/lib/matter )
C:/ncs/projects/light_bulb/CMakeLists.txt(44):  find_package(Zephyr HINTS C:/ncs/v2.7.0/zephyr )
C:/ncs/v2.7.0/zephyr/share/zephyr-package/cmake/ZephyrConfigVersion.cmake(11):  if(0.0.0 STREQUAL PACKAGE_FIND_VERSION )
C:/ncs/v2.7.0/zephyr/share/zephyr-package/cmake/ZephyrConfigVersion.cmake(15):  macro(check_zephyr_version )
C:/ncs/v2.7.0/zephyr/share/zephyr-package/cmake/ZephyrConfigVersion.cmake(36):  set(ENV_ZEPHYR_BASE C:/ncs/v2.7.0/zephyr )
C:/ncs/v2.7.0/zephyr/share/zephyr-package/cmake/ZephyrConfigVersion.cmake(37):  if(( NOT DEFINED ZEPHYR_BASE ) AND ( DEFINED ENV_ZEPHYR_BASE ) )
C:/ncs/v2.7.0/zephyr/share/zephyr-package/cmake/ZephyrConfigVersion.cmake(45):  if(ZEPHYR_CANDIDATE )
C:/ncs/v2.7.0/zephyr/share/zephyr-package/cmake/ZephyrConfigVersion.cmake(47):  else()
C:/ncs/v2.7.0/zephyr/share/zephyr-package/cmake/ZephyrConfigVersion.cmake(48):  include(C:/ncs/v2.7.0/zephyr/share/zephyr-package/cmake/zephyr_package_search.cmake )
C:/ncs/v2.7.0/zephyr/share/zephyr-package/cmake/zephyr_package_search.cmake(7):  set(WORKSPACE_RELATIVE_DIR ../../../../.. )
C:/ncs/v2.7.0/zephyr/share/zephyr-package/cmake/zephyr_package_search.cmake(10):  set(ZEPHYR_RELATIVE_DIR ../../../.. )
C:/ncs/v2.7.0/zephyr/share/zephyr-package/cmake/zephyr_package_search.cmake(18):  function(set_zephyr_dir zephyr_candidate )
C:/ncs/v2.7.0/zephyr/share/zephyr-package/cmake/zephyr_package_search.cmake(28):  macro(get_search_paths START_PATH SEARCH_PATHS PREFERENCE_LIST )
C:/ncs/v2.7.0/zephyr/share/zephyr-package/cmake/zephyr_package_search.cmake(51):  macro(check_zephyr_package )
C:/ncs/v2.7.0/zephyr/share/zephyr-package/cmake/ZephyrConfigVersion.cmake(51):  if(( DEFINED ZEPHYR_BASE ) OR ( DEFINED ENV_ZEPHYR_BASE ) )
C:/ncs/v2.7.0/zephyr/share/zephyr-package/cmake/ZephyrConfigVersion.cmake(55):  if(C:/ncs/v2.7.0/zephyr/share/zephyr-package/cmake STREQUAL C:/ncs/v2.7.0/zephyr/share/zephyr-package/cmake )
C:/ncs/v2.7.0/zephyr/share/zephyr-package/cmake/ZephyrConfigVersion.cmake(58):  set(NO_PRINT_VERSION True )
C:/ncs/v2.7.0/zephyr/share/zephyr-package/cmake/ZephyrConfigVersion.cmake(59):  include(C:/ncs/v2.7.0/zephyr/cmake/modules/version.cmake )
C:/ncs/v2.7.0/zephyr/cmake/modules/version.cmake(38):  if(NOT DEFINED VERSION_FILE AND NOT DEFINED VERSION_TYPE )
C:/ncs/v2.7.0/zephyr/cmake/modules/version.cmake(39):  set(VERSION_FILE C:/ncs/v2.7.0/zephyr/VERSION )
C:/ncs/v2.7.0/zephyr/cmake/modules/version.cmake(40):  set(VERSION_TYPE KERNEL )
C:/ncs/v2.7.0/zephyr/cmake/modules/version.cmake(41):  if(DEFINED APPLICATION_SOURCE_DIR )
C:/ncs/v2.7.0/zephyr/cmake/modules/version.cmake(42):  list(APPEND VERSION_FILE C:/ncs/projects/light_bulb/VERSION )
C:/ncs/v2.7.0/zephyr/cmake/modules/version.cmake(43):  list(APPEND VERSION_TYPE APP )
C:/ncs/v2.7.0/zephyr/cmake/modules/version.cmake(47):  foreach(type file IN ZIP_LISTS VERSION_TYPE VERSION_FILE )
C:/ncs/v2.7.0/zephyr/cmake/modules/version.cmake(48):  if(NOT EXISTS C:/ncs/v2.7.0/zephyr/VERSION )
C:/ncs/v2.7.0/zephyr/cmake/modules/version.cmake(51):  file(READ C:/ncs/v2.7.0/zephyr/VERSION ver )
C:/ncs/v2.7.0/zephyr/cmake/modules/version.cmake(52):  set_property(DIRECTORY APPEND PROPERTY CMAKE_CONFIGURE_DEPENDS C:/ncs/v2.7.0/zephyr/VERSION )
C:/ncs/v2.7.0/zephyr/cmake/modules/version.cmake(54):  string(REGEX MATCH VERSION_MAJOR = ([0-9]*) _ VERSION_MAJOR = 3
VERSION_MINOR = 6
PATCHLEVEL = 99
VERSION_TWEAK = 0
EXTRAVERSION =
 )
C:/ncs/v2.7.0/zephyr/cmake/modules/version.cmake(55):  set(KERNEL_VERSION_MAJOR 3 )
C:/ncs/v2.7.0/zephyr/cmake/modules/version.cmake(57):  string(REGEX MATCH VERSION_MINOR = ([0-9]*) _ VERSION_MAJOR = 3
VERSION_MINOR = 6
PATCHLEVEL = 99
VERSION_TWEAK = 0
EXTRAVERSION =
 )
C:/ncs/v2.7.0/zephyr/cmake/modules/version.cmake(58):  set(KERNEL_VERSION_MINOR 6 )
C:/ncs/v2.7.0/zephyr/cmake/modules/version.cmake(60):  string(REGEX MATCH PATCHLEVEL = ([0-9]*) _ VERSION_MAJOR = 3
VERSION_MINOR = 6
PATCHLEVEL = 99
VERSION_TWEAK = 0
EXTRAVERSION =
 )
C:/ncs/v2.7.0/zephyr/cmake/modules/version.cmake(61):  set(KERNEL_PATCHLEVEL 99 )
C:/ncs/v2.7.0/zephyr/cmake/modules/version.cmake(63):  string(REGEX MATCH VERSION_TWEAK = ([0-9]*) _ VERSION_MAJOR = 3
VERSION_MINOR = 6
PATCHLEVEL = 99
VERSION_TWEAK = 0
EXTRAVERSION =
 )
C:/ncs/v2.7.0/zephyr/cmake/modules/version.cmake(64):  set(KERNEL_VERSION_TWEAK 0 )
C:/ncs/v2.7.0/zephyr/cmake/modules/version.cmake(66):  string(REGEX MATCH EXTRAVERSION = ([a-z0-9]*) _ VERSION_MAJOR = 3
VERSION_MINOR = 6
PATCHLEVEL = 99
VERSION_TWEAK = 0
EXTRAVERSION =
 )
C:/ncs/v2.7.0/zephyr/cmake/modules/version.cmake(67):  set(KERNEL_VERSION_EXTRA  )
C:/ncs/v2.7.0/zephyr/cmake/modules/version.cmake(70):  set(KERNEL_VERSION_WITHOUT_TWEAK 3.6.99 )
C:/ncs/v2.7.0/zephyr/cmake/modules/version.cmake(71):  set(KERNEL_VERSION_WITH_TWEAK 3.6.99+0 )
C:/ncs/v2.7.0/zephyr/cmake/modules/version.cmake(73):  set(MAJOR 3 )
C:/ncs/v2.7.0/zephyr/cmake/modules/version.cmake(74):  set(MINOR 6 )
C:/ncs/v2.7.0/zephyr/cmake/modules/version.cmake(75):  set(PATCH 99 )
C:/ncs/v2.7.0/zephyr/cmake/modules/version.cmake(76):  set(TWEAK 0 )
C:/ncs/v2.7.0/zephyr/cmake/modules/version.cmake(78):  math(EXPR KERNEL_VERSION_NUMBER_INT (3 << 16) + (6 << 8)  + (99) )
C:/ncs/v2.7.0/zephyr/cmake/modules/version.cmake(79):  math(EXPR KERNELVERSION_INT (3 << 24) + (6 << 16) + (99 << 8) + (0) )
C:/ncs/v2.7.0/zephyr/cmake/modules/version.cmake(81):  math(EXPR KERNEL_VERSION_NUMBER 198243 OUTPUT_FORMAT HEXADECIMAL )
C:/ncs/v2.7.0/zephyr/cmake/modules/version.cmake(82):  math(EXPR KERNELVERSION 50750208 OUTPUT_FORMAT HEXADECIMAL )
C:/ncs/v2.7.0/zephyr/cmake/modules/version.cmake(84):  if(KERNEL_VERSION_EXTRA )
C:/ncs/v2.7.0/zephyr/cmake/modules/version.cmake(86):  else()
C:/ncs/v2.7.0/zephyr/cmake/modules/version.cmake(87):  set(KERNEL_VERSION_STRING 3.6.99 )
C:/ncs/v2.7.0/zephyr/cmake/modules/version.cmake(89):  set(KERNEL_VERSION_TWEAK_STRING 3.6.99+0 )
C:/ncs/v2.7.0/zephyr/cmake/modules/version.cmake(90):  set(KERNEL_VERSION_EXTENDED_STRING 3.6.99+0 )
C:/ncs/v2.7.0/zephyr/cmake/modules/version.cmake(92):  if(type STREQUAL KERNEL )
C:/ncs/v2.7.0/zephyr/cmake/modules/version.cmake(93):  set(PROJECT_VERSION_MAJOR 3 )
C:/ncs/v2.7.0/zephyr/cmake/modules/version.cmake(94):  set(PROJECT_VERSION_MINOR 6 )
C:/ncs/v2.7.0/zephyr/cmake/modules/version.cmake(95):  set(PROJECT_VERSION_PATCH 99 )
C:/ncs/v2.7.0/zephyr/cmake/modules/version.cmake(96):  set(PROJECT_VERSION_TWEAK 0 )
C:/ncs/v2.7.0/zephyr/cmake/modules/version.cmake(97):  set(PROJECT_VERSION_EXTRA  )
C:/ncs/v2.7.0/zephyr/cmake/modules/version.cmake(99):  if(PROJECT_VERSION_EXTRA )
C:/ncs/v2.7.0/zephyr/cmake/modules/version.cmake(103):  if(KERNEL_VERSION_TWEAK )
C:/ncs/v2.7.0/zephyr/cmake/modules/version.cmake(105):  else()
C:/ncs/v2.7.0/zephyr/cmake/modules/version.cmake(106):  set(PROJECT_VERSION 3.6.99 )
C:/ncs/v2.7.0/zephyr/cmake/modules/version.cmake(109):  set(PROJECT_VERSION_STR 3.6.99 )
C:/ncs/v2.7.0/zephyr/cmake/modules/version.cmake(111):  set(ZEPHYR_VERSION_CODE 198243 )
C:/ncs/v2.7.0/zephyr/cmake/modules/version.cmake(112):  set(ZEPHYR_VERSION TRUE )
C:/ncs/v2.7.0/zephyr/cmake/modules/version.cmake(114):  if(DEFINED BUILD_VERSION )
C:/ncs/v2.7.0/zephyr/cmake/modules/version.cmake(118):  if(NOT NO_PRINT_VERSION )
C:/ncs/v2.7.0/zephyr/cmake/modules/version.cmake(124):  unset(MAJOR )
C:/ncs/v2.7.0/zephyr/cmake/modules/version.cmake(125):  unset(MINOR )
C:/ncs/v2.7.0/zephyr/cmake/modules/version.cmake(126):  unset(PATCH )
C:/ncs/v2.7.0/zephyr/cmake/modules/version.cmake(127):  unset(TWEAK )
C:/ncs/v2.7.0/zephyr/cmake/modules/version.cmake(128):  unset(KERNEL_VERSION_WITHOUT_TWEAK )
C:/ncs/v2.7.0/zephyr/cmake/modules/version.cmake(129):  unset(KERNEL_VERSION_WITH_TWEAK )
C:/ncs/v2.7.0/zephyr/cmake/modules/version.cmake(48):  if(NOT EXISTS C:/ncs/projects/light_bulb/VERSION )
C:/ncs/v2.7.0/zephyr/cmake/modules/version.cmake(51):  file(READ C:/ncs/projects/light_bulb/VERSION ver )
C:/ncs/v2.7.0/zephyr/cmake/modules/version.cmake(52):  set_property(DIRECTORY APPEND PROPERTY CMAKE_CONFIGURE_DEPENDS C:/ncs/projects/light_bulb/VERSION )
C:/ncs/v2.7.0/zephyr/cmake/modules/version.cmake(54):  string(REGEX MATCH VERSION_MAJOR = ([0-9]*) _ VERSION_MAJOR = 2
VERSION_MINOR = 7
PATCHLEVEL = 0
VERSION_TWEAK = 0
EXTRAVERSION =
 )
C:/ncs/v2.7.0/zephyr/cmake/modules/version.cmake(55):  set(APP_VERSION_MAJOR 2 )
C:/ncs/v2.7.0/zephyr/cmake/modules/version.cmake(57):  string(REGEX MATCH VERSION_MINOR = ([0-9]*) _ VERSION_MAJOR = 2
VERSION_MINOR = 7
PATCHLEVEL = 0
VERSION_TWEAK = 0
EXTRAVERSION =
 )
C:/ncs/v2.7.0/zephyr/cmake/modules/version.cmake(58):  set(APP_VERSION_MINOR 7 )
C:/ncs/v2.7.0/zephyr/cmake/modules/version.cmake(60):  string(REGEX MATCH PATCHLEVEL = ([0-9]*) _ VERSION_MAJOR = 2
VERSION_MINOR = 7
PATCHLEVEL = 0
VERSION_TWEAK = 0
EXTRAVERSION =
 )
C:/ncs/v2.7.0/zephyr/cmake/modules/version.cmake(61):  set(APP_PATCHLEVEL 0 )
C:/ncs/v2.7.0/zephyr/cmake/modules/version.cmake(63):  string(REGEX MATCH VERSION_TWEAK = ([0-9]*) _ VERSION_MAJOR = 2
VERSION_MINOR = 7
PATCHLEVEL = 0
VERSION_TWEAK = 0
EXTRAVERSION =
 )
C:/ncs/v2.7.0/zephyr/cmake/modules/version.cmake(64):  set(APP_VERSION_TWEAK 0 )
C:/ncs/v2.7.0/zephyr/cmake/modules/version.cmake(66):  string(REGEX MATCH EXTRAVERSION = ([a-z0-9]*) _ VERSION_MAJOR = 2
VERSION_MINOR = 7
PATCHLEVEL = 0
VERSION_TWEAK = 0
EXTRAVERSION =
 )
C:/ncs/v2.7.0/zephyr/cmake/modules/version.cmake(67):  set(APP_VERSION_EXTRA  )
C:/ncs/v2.7.0/zephyr/cmake/modules/version.cmake(70):  set(APP_VERSION_WITHOUT_TWEAK 2.7.0 )
C:/ncs/v2.7.0/zephyr/cmake/modules/version.cmake(71):  set(APP_VERSION_WITH_TWEAK 2.7.0+0 )
C:/ncs/v2.7.0/zephyr/cmake/modules/version.cmake(73):  set(MAJOR 2 )
C:/ncs/v2.7.0/zephyr/cmake/modules/version.cmake(74):  set(MINOR 7 )
C:/ncs/v2.7.0/zephyr/cmake/modules/version.cmake(75):  set(PATCH 0 )
C:/ncs/v2.7.0/zephyr/cmake/modules/version.cmake(76):  set(TWEAK 0 )
C:/ncs/v2.7.0/zephyr/cmake/modules/version.cmake(78):  math(EXPR APP_VERSION_NUMBER_INT (2 << 16) + (7 << 8)  + (0) )
C:/ncs/v2.7.0/zephyr/cmake/modules/version.cmake(79):  math(EXPR APPVERSION_INT (2 << 24) + (7 << 16) + (0 << 8) + (0) )
C:/ncs/v2.7.0/zephyr/cmake/modules/version.cmake(81):  math(EXPR APP_VERSION_NUMBER 132864 OUTPUT_FORMAT HEXADECIMAL )
C:/ncs/v2.7.0/zephyr/cmake/modules/version.cmake(82):  math(EXPR APPVERSION 34013184 OUTPUT_FORMAT HEXADECIMAL )
C:/ncs/v2.7.0/zephyr/cmake/modules/version.cmake(84):  if(APP_VERSION_EXTRA )
C:/ncs/v2.7.0/zephyr/cmake/modules/version.cmake(86):  else()
C:/ncs/v2.7.0/zephyr/cmake/modules/version.cmake(87):  set(APP_VERSION_STRING 2.7.0 )
C:/ncs/v2.7.0/zephyr/cmake/modules/version.cmake(89):  set(APP_VERSION_TWEAK_STRING 2.7.0+0 )
C:/ncs/v2.7.0/zephyr/cmake/modules/version.cmake(90):  set(APP_VERSION_EXTENDED_STRING 2.7.0+0 )
C:/ncs/v2.7.0/zephyr/cmake/modules/version.cmake(92):  if(type STREQUAL KERNEL )
C:/ncs/v2.7.0/zephyr/cmake/modules/version.cmake(124):  unset(MAJOR )
C:/ncs/v2.7.0/zephyr/cmake/modules/version.cmake(125):  unset(MINOR )
C:/ncs/v2.7.0/zephyr/cmake/modules/version.cmake(126):  unset(PATCH )
C:/ncs/v2.7.0/zephyr/cmake/modules/version.cmake(127):  unset(TWEAK )
C:/ncs/v2.7.0/zephyr/cmake/modules/version.cmake(128):  unset(APP_VERSION_WITHOUT_TWEAK )
C:/ncs/v2.7.0/zephyr/cmake/modules/version.cmake(129):  unset(APP_VERSION_WITH_TWEAK )
C:/ncs/v2.7.0/zephyr/share/zephyr-package/cmake/ZephyrConfigVersion.cmake(61):  set(PACKAGE_VERSION 3.6.99 )
C:/ncs/v2.7.0/zephyr/share/zephyr-package/cmake/ZephyrConfigVersion.cmake(62):  check_zephyr_version()
C:/ncs/v2.7.0/zephyr/share/zephyr-package/cmake/ZephyrConfigVersion.cmake(16):  if(PACKAGE_VERSION VERSION_LESS PACKAGE_FIND_VERSION )
C:/ncs/v2.7.0/zephyr/share/zephyr-package/cmake/ZephyrConfigVersion.cmake(24):  else()
C:/ncs/v2.7.0/zephyr/share/zephyr-package/cmake/ZephyrConfigVersion.cmake(28):  set(PACKAGE_VERSION_COMPATIBLE TRUE )
C:/ncs/v2.7.0/zephyr/share/zephyr-package/cmake/ZephyrConfigVersion.cmake(29):  if(PACKAGE_FIND_VERSION STREQUAL PACKAGE_VERSION )
C:/ncs/v2.7.0/zephyr/share/zephyr-package/cmake/ZephyrConfigVersion.cmake(64):  if(IS_INCLUDED )
C:/ncs/v2.7.0/zephyr/share/zephyr-package/cmake/ZephyrConfigVersion.cmake(83):  return()
C:/ncs/v2.7.0/zephyr/share/zephyr-package/cmake/ZephyrConfig.cmake(22):  macro(zephyr_package_message )
C:/ncs/v2.7.0/zephyr/share/zephyr-package/cmake/ZephyrConfig.cmake(28):  macro(include_boilerplate location )
C:/ncs/v2.7.0/zephyr/share/zephyr-package/cmake/ZephyrConfig.cmake(85):  set(ENV_ZEPHYR_BASE C:/ncs/v2.7.0/zephyr )
C:/ncs/v2.7.0/zephyr/share/zephyr-package/cmake/ZephyrConfig.cmake(86):  if(( NOT DEFINED ZEPHYR_BASE ) AND ( DEFINED ENV_ZEPHYR_BASE ) )
C:/ncs/v2.7.0/zephyr/share/zephyr-package/cmake/ZephyrConfig.cmake(96):  if(DEFINED ZEPHYR_BASE )
C:/ncs/v2.7.0/zephyr/share/zephyr-package/cmake/ZephyrConfig.cmake(97):  include_boilerplate(Zephyr base (cached) )
C:/ncs/v2.7.0/zephyr/share/zephyr-package/cmake/ZephyrConfig.cmake(29):  set(Zephyr_DIR C:/ncs/v2.7.0/zephyr/share/zephyr-package/cmake CACHE PATH The directory containing a CMake configuration file for Zephyr. FORCE )
C:/ncs/v2.7.0/zephyr/share/zephyr-package/cmake/ZephyrConfig.cmake(32):  list(PREPEND CMAKE_MODULE_PATH C:/ncs/v2.7.0/zephyr/cmake/modules )
C:/ncs/v2.7.0/zephyr/share/zephyr-package/cmake/ZephyrConfig.cmake(33):  if(ZEPHYR_UNITTEST )
C:/ncs/v2.7.0/zephyr/share/zephyr-package/cmake/ZephyrConfig.cmake(40):  else()
C:/ncs/v2.7.0/zephyr/share/zephyr-package/cmake/ZephyrConfig.cmake(41):  set(Zephyr_FOUND True )
C:/ncs/v2.7.0/zephyr/share/zephyr-package/cmake/ZephyrConfig.cmake(44):  if(NOT DEFINED APPLICATION_SOURCE_DIR )
C:/ncs/v2.7.0/zephyr/share/zephyr-package/cmake/ZephyrConfig.cmake(50):  if(NOT DEFINED APPLICATION_BINARY_DIR )
C:/ncs/v2.7.0/zephyr/share/zephyr-package/cmake/ZephyrConfig.cmake(56):  set(__build_dir C:/ncs/projects/light_bulb/zephyr )
C:/ncs/v2.7.0/zephyr/share/zephyr-package/cmake/ZephyrConfig.cmake(57):  set(PROJECT_BINARY_DIR C:/ncs/projects/light_bulb/zephyr )
C:/ncs/v2.7.0/zephyr/share/zephyr-package/cmake/ZephyrConfig.cmake(59):  if(NOT NO_BOILERPLATE )
C:/ncs/v2.7.0/zephyr/share/zephyr-package/cmake/ZephyrConfig.cmake(60):  list(LENGTH Zephyr_FIND_COMPONENTS components_length )
C:/ncs/v2.7.0/zephyr/share/zephyr-package/cmake/ZephyrConfig.cmake(64):  if(components_length EQUAL 0 )
C:/ncs/v2.7.0/zephyr/share/zephyr-package/cmake/ZephyrConfig.cmake(65):  zephyr_package_message(NOTICE Loading Zephyr default modules (Zephyr base (cached)). )
C:/ncs/v2.7.0/zephyr/share/zephyr-package/cmake/ZephyrConfig.cmake(23):  if(NOT Zephyr_FIND_QUIETLY )
C:/ncs/v2.7.0/zephyr/share/zephyr-package/cmake/ZephyrConfig.cmake(24):  message(NOTICE;Loading Zephyr default modules (Zephyr base (cached)). )
C:/ncs/v2.7.0/zephyr/share/zephyr-package/cmake/ZephyrConfig.cmake(66):  include(zephyr_default NO_POLICY_SCOPE )
C:/ncs/v2.7.0/zephyr/cmake/modules/zephyr_default.cmake(11):  include_guard(GLOBAL )
C:/ncs/v2.7.0/zephyr/cmake/modules/zephyr_default.cmake(18):  cmake_minimum_required(VERSION 3.20.0 )
C:/ncs/v2.7.0/zephyr/cmake/modules/zephyr_default.cmake(20):  message(STATUS Application: C:/ncs/projects/light_bulb )
C:/ncs/v2.7.0/zephyr/cmake/modules/zephyr_default.cmake(25):  message(STATUS CMake version: 3.30.5 )
C:/ncs/v2.7.0/zephyr/cmake/modules/zephyr_default.cmake(28):  find_package(ZephyrBuildConfiguration QUIET NO_POLICY_SCOPE NAMES ZephyrBuild PATHS C:/ncs/v2.7.0/zephyr/../* NO_CMAKE_PATH NO_CMAKE_ENVIRONMENT_PATH NO_SYSTEM_ENVIRONMENT_PATH NO_CMAKE_PACKAGE_REGISTRY NO_CMAKE_SYSTEM_PATH NO_CMAKE_SYSTEM_PACKAGE_REGISTRY )
C:/ncs/v2.7.0/nrf/share/zephyrbuild-package/cmake/ZephyrBuildConfig.cmake(3):  include(C:/ncs/v2.7.0/nrf/share/zephyrbuild-package/cmake/../../ncs-package/cmake/NcsConfig.cmake )
C:/ncs/v2.7.0/nrf/share/ncs-package/cmake/NcsConfig.cmake(2):  set(NRF_RELATIVE_DIR ../../.. )
C:/ncs/v2.7.0/nrf/share/ncs-package/cmake/NcsConfig.cmake(3):  set(NCS_RELATIVE_DIR ../../../.. )
C:/ncs/v2.7.0/nrf/share/ncs-package/cmake/NcsConfig.cmake(7):  get_filename_component(NRF_DIR C:/ncs/v2.7.0/nrf/share/ncs-package/cmake/../../.. ABSOLUTE )
C:/ncs/v2.7.0/nrf/share/ncs-package/cmake/NcsConfig.cmake(8):  get_filename_component(NCS_DIR C:/ncs/v2.7.0/nrf/share/ncs-package/cmake/../../../.. ABSOLUTE )
C:/ncs/v2.7.0/nrf/share/ncs-package/cmake/NcsConfig.cmake(10):  file(STRINGS C:/ncs/v2.7.0/nrf/VERSION NCS_VERSION LIMIT_COUNT 1 LENGTH_MINIMUM 5 )
C:/ncs/v2.7.0/nrf/share/ncs-package/cmake/NcsConfig.cmake(11):  string(REGEX MATCH ([^.]*).([^.]*).([^-]*)[-]?(.*) OUT_VAR 2.7.0 )
C:/ncs/v2.7.0/nrf/share/ncs-package/cmake/NcsConfig.cmake(13):  set(NCS_VERSION_MAJOR 2 )
C:/ncs/v2.7.0/nrf/share/ncs-package/cmake/NcsConfig.cmake(14):  set(NCS_VERSION_MINOR 7 )
C:/ncs/v2.7.0/nrf/share/ncs-package/cmake/NcsConfig.cmake(15):  set(NCS_VERSION_PATCH 0 )
C:/ncs/v2.7.0/nrf/share/ncs-package/cmake/NcsConfig.cmake(16):  set(NCS_VERSION_EXTRA  )
C:/ncs/v2.7.0/nrf/share/ncs-package/cmake/NcsConfig.cmake(18):  file(STRINGS C:/ncs/v2.7.0/nrf/scripts/ncs-toolchain-version-minimum.txt toolchain_string LIMIT_COUNT 1 REGEX ^nrf-connect-sdk-toolchain= )
C:/ncs/v2.7.0/nrf/share/ncs-package/cmake/NcsConfig.cmake(22):  string(REGEX MATCH =([^ 	]*) OUT_VAR nrf-connect-sdk-toolchain=2.6.20240605 )
C:/ncs/v2.7.0/nrf/share/ncs-package/cmake/NcsConfig.cmake(23):  set(NCS_TOOLCHAIN_MINIMUM_REQUIRED 2.6.20240605 )
C:/ncs/v2.7.0/nrf/share/ncs-package/cmake/NcsConfig.cmake(25):  if(NOT NO_BOILERPLATE )
C:/ncs/v2.7.0/nrf/share/ncs-package/cmake/NcsConfig.cmake(26):  if(NCS_TOOLCHAIN_VERSION )
C:/ncs/v2.7.0/nrf/share/ncs-package/cmake/NcsConfig.cmake(31):  if(NOT 2.6.20240605 STREQUAL NONE )
C:/ncs/v2.7.0/nrf/share/ncs-package/cmake/NcsConfig.cmake(32):  find_package(NcsToolchain 2.6.20240605  QUIET )
C:/ncs/toolchains/ce3b5ff664/cmake/NcsToolchainConfigVersion.cmake(10):  set(PACKAGE_VERSION 2.6.20240605.885759407716 )
C:/ncs/toolchains/ce3b5ff664/cmake/NcsToolchainConfigVersion.cmake(11):  set(NCS_TOOLCHAIN_MINIMUM_COMPATIBLE_VERSION 1.0.0 )
C:/ncs/toolchains/ce3b5ff664/cmake/NcsToolchainConfigVersion.cmake(13):  if(PACKAGE_VERSION VERSION_LESS PACKAGE_FIND_VERSION )
C:/ncs/toolchains/ce3b5ff664/cmake/NcsToolchainConfigVersion.cmake(15):  else()
C:/ncs/toolchains/ce3b5ff664/cmake/NcsToolchainConfigVersion.cmake(21):  if(PACKAGE_FIND_VERSION VERSION_LESS NCS_TOOLCHAIN_MINIMUM_COMPATIBLE_VERSION )
C:/ncs/toolchains/ce3b5ff664/cmake/NcsToolchainConfigVersion.cmake(26):  set(PACKAGE_VERSION_COMPATIBLE TRUE )
C:/ncs/toolchains/ce3b5ff664/cmake/NcsToolchainConfigVersion.cmake(27):  if(PACKAGE_FIND_VERSION STREQUAL PACKAGE_VERSION )
C:/ncs/toolchains/ce3b5ff664/cmake/NcsToolchainConfig.cmake(7):  get_filename_component(NCS_TOOLCHAIN_PATH C:/ncs/toolchains/ce3b5ff664/cmake/../ ABSOLUTE )
C:/ncs/toolchains/ce3b5ff664/cmake/NcsToolchainConfig.cmake(8):  if(Windows STREQUAL Windows )
C:/ncs/toolchains/ce3b5ff664/cmake/NcsToolchainConfig.cmake(9):  set(NCS_TOOLCHAIN_EXECUTABLE_SUFFIX .exe )
C:/ncs/toolchains/ce3b5ff664/cmake/NcsToolchainConfig.cmake(10):  set(NCS_TOOLCHAIN_BIN_PATH C:/ncs/toolchains/ce3b5ff664/opt/bin )
C:/ncs/toolchains/ce3b5ff664/cmake/NcsToolchainConfig.cmake(13):  set(NCS_GNUARMEMB_TOOLCHAIN_PATH C:/ncs/toolchains/ce3b5ff664/opt )
C:/ncs/toolchains/ce3b5ff664/cmake/NcsToolchainConfig.cmake(15):  set(NCS_TOOLCHAIN_ENV_PATH C:/ncs/toolchains/ce3b5ff664/opt/bin;C:/ncs/toolchains/ce3b5ff664/opt/bin/Scripts;C:/ncs/toolchains/ce3b5ff664/mingw64/bin )
C:/ncs/toolchains/ce3b5ff664/cmake/NcsToolchainConfig.cmake(16):  set(NCS_TOOLCHAIN_PYTHONPATH C:/ncs/toolchains/ce3b5ff664/opt/bin/;C:/ncs/toolchains/ce3b5ff664/opt/bin/Lib;C:/ncs/toolchains/ce3b5ff664/opt/bin/Lib/site-packages )
C:/ncs/toolchains/ce3b5ff664/cmake/NcsToolchainConfig.cmake(17):  set(NCS_TOOLCHAIN_PYTHON C:/ncs/toolchains/ce3b5ff664/opt/bin/python.exe )
C:/ncs/toolchains/ce3b5ff664/cmake/NcsToolchainConfig.cmake(18):  set(NCS_TOOLCHAIN_WEST C:/ncs/toolchains/ce3b5ff664/opt/bin/Scripts/west.exe )
C:/ncs/toolchains/ce3b5ff664/cmake/NcsToolchainConfig.cmake(19):  set(NCS_TOOLCHAIN_GIT C:/ncs/toolchains/ce3b5ff664/bin/git.exe )
C:/ncs/toolchains/ce3b5ff664/cmake/NcsToolchainConfig.cmake(38):  set(NCS_TOOLCHAIN_CMAKE C:/ncs/toolchains/ce3b5ff664/opt/bin/cmake.exe )
C:/ncs/toolchains/ce3b5ff664/cmake/NcsToolchainConfig.cmake(39):  set(NCS_TOOLCHAIN_NINJA C:/ncs/toolchains/ce3b5ff664/opt/bin/ninja.exe )
C:/ncs/toolchains/ce3b5ff664/cmake/NcsToolchainConfig.cmake(40):  set(NCS_TOOLCHAIN_DTC C:/ncs/toolchains/ce3b5ff664/opt/bin/dtc.exe )
C:/ncs/toolchains/ce3b5ff664/cmake/NcsToolchainConfig.cmake(41):  set(NCS_TOOLCHAIN_GPERF C:/ncs/toolchains/ce3b5ff664/opt/bin/gperf.exe )
C:/ncs/toolchains/ce3b5ff664/cmake/NcsToolchainConfig.cmake(42):  set(NCS_TOOLCHAIN_PROTOC C:/ncs/toolchains/ce3b5ff664/opt/nanopb/generator-bin/protoc.exe )
C:/ncs/toolchains/ce3b5ff664/cmake/NcsToolchainConfig.cmake(44):  set(NCS_TOOLCHAIN_VARIANT zephyr )
C:/ncs/toolchains/ce3b5ff664/cmake/NcsToolchainConfig.cmake(45):  set(NCS_ZEPHYR_SDK_INSTALL_DIR C:/ncs/toolchains/ce3b5ff664/opt/zephyr-sdk )
C:/ncs/toolchains/ce3b5ff664/cmake/NcsToolchainConfig.cmake(48):  set(NcsToolchain_FOUND True )
C:/ncs/toolchains/ce3b5ff664/cmake/NcsToolchainConfig.cmake(50):  if( STREQUAL C:/ncs/toolchains/ce3b5ff664/cmake/NcsToolchainConfig.cmake )
C:/ncs/v2.7.0/nrf/share/ncs-package/cmake/NcsConfig.cmake(33):  if(1 )
C:/ncs/v2.7.0/nrf/share/ncs-package/cmake/NcsConfig.cmake(34):  message(-- Using NCS Toolchain 2.6.20240605.885759407716 for building. (C:/ncs/toolchains/ce3b5ff664/cmake) )
C:/ncs/v2.7.0/nrf/share/ncs-package/cmake/NcsConfig.cmake(36):  set(CUSTOM_COMMAND_PATH C:/ncs/toolchains/ce3b5ff664/opt/bin C:\Program Files (x86)\Razer Chroma SDK\bin;C:\Program Files\Razer Chroma SDK\bin;C:\Program Files (x86)\Common Files\Oracle\Java\javapath;C:\Program Files (x86)\Razer\ChromaBroadcast\bin;C:\Program Files\Razer\ChromaBroadcast\bin;C:\Windows\system32;C:\Windows;C:\Windows\System32\Wbem;C:\Windows\System32\WindowsPowerShell\v1.0\;C:\Windows\System32\OpenSSH\;C:\Program Files\NVIDIA Corporation\NVIDIA NvDLISR;C:\Program Files (x86)\NVIDIA Corporation\PhysX\Common;C:\Windows\system32\config\systemprofile\AppData\Local\Microsoft\WindowsApps;C:\Program Files (x86)\dotnet\;C:\Program Files\Nordic Semiconductor\nrf-command-line-tools\bin\;C:\Program Files\Git\cmd;C:\Program Files\CMake\bin;C:\ProgramData\chocolatey\bin;C:\ncs\toolchains\ce3b5ff664\opt\bin;C:\ncs\toolchains\ce3b5ff664\opt\bin\Scripts;C:\Users\lockh\AppData\Local\Microsoft\WindowsApps;C:\Users\lockh\AppData\Local\Programs\Microsoft VS Code\bin;C:\Program Files\Git\bin;C:\Program Files\Git\cmd;C:\Program Files\CMake\bin\;C:\Program Files\7-Zip;C:\Program Files\zephyr-sdk-0.16.8_windows-x86_64;C:\ncs\v2.7.0\modules\lib\matter\config\zephyr\chip-module; )
C:/ncs/v2.7.0/nrf/share/ncs-package/cmake/NcsConfig.cmake(37):  cmake_path(CONVERT C:/ncs/toolchains/ce3b5ff664/opt/bin;C:\Program Files (x86)\Razer Chroma SDK\bin;C:\Program Files\Razer Chroma SDK\bin;C:\Program Files (x86)\Common Files\Oracle\Java\javapath;C:\Program Files (x86)\Razer\ChromaBroadcast\bin;C:\Program Files\Razer\ChromaBroadcast\bin;C:\Windows\system32;C:\Windows;C:\Windows\System32\Wbem;C:\Windows\System32\WindowsPowerShell\v1.0;C:\Windows\System32\OpenSSH;C:\Program Files\NVIDIA Corporation\NVIDIA NvDLISR;C:\Program Files (x86)\NVIDIA Corporation\PhysX\Common;C:\Windows\system32\config\systemprofile\AppData\Local\Microsoft\WindowsApps;C:\Program Files (x86)\dotnet;C:\Program Files\Nordic Semiconductor\nrf-command-line-tools\bin;C:\Program Files\Git\cmd;C:\Program Files\CMake\bin;C:\ProgramData\chocolatey\bin;C:\ncs\toolchains\ce3b5ff664\opt\bin;C:\ncs\toolchains\ce3b5ff664\opt\bin\Scripts;C:\Users\lockh\AppData\Local\Microsoft\WindowsApps;C:\Users\lockh\AppData\Local\Programs\Microsoft VS Code\bin;C:\Program Files\Git\bin;C:\Program Files\Git\cmd;C:\Program Files\CMake\bin;C:\Program Files\7-Zip;C:\Program Files\zephyr-sdk-0.16.8_windows-x86_64;C:\ncs\v2.7.0\modules\lib\matter\config\zephyr\chip-module TO_NATIVE_PATH_LIST CUSTOM_COMMAND_PATH )
C:/ncs/v2.7.0/nrf/share/ncs-package/cmake/NcsConfig.cmake(38):  string(REPLACE ; \\; CUSTOM_COMMAND_PATH C:\ncs\toolchains\ce3b5ff664\opt\bin;C:\Program Files (x86)\Razer Chroma SDK\bin;C:\Program Files\Razer Chroma SDK\bin;C:\Program Files (x86)\Common Files\Oracle\Java\javapath;C:\Program Files (x86)\Razer\ChromaBroadcast\bin;C:\Program Files\Razer\ChromaBroadcast\bin;C:\Windows\system32;C:\Windows;C:\Windows\System32\Wbem;C:\Windows\System32\WindowsPowerShell\v1.0;C:\Windows\System32\OpenSSH;C:\Program Files\NVIDIA Corporation\NVIDIA NvDLISR;C:\Program Files (x86)\NVIDIA Corporation\PhysX\Common;C:\Windows\system32\config\systemprofile\AppData\Local\Microsoft\WindowsApps;C:\Program Files (x86)\dotnet;C:\Program Files\Nordic Semiconductor\nrf-command-line-tools\bin;C:\Program Files\Git\cmd;C:\Program Files\CMake\bin;C:\ProgramData\chocolatey\bin;C:\ncs\toolchains\ce3b5ff664\opt\bin;C:\ncs\toolchains\ce3b5ff664\opt\bin\Scripts;C:\Users\lockh\AppData\Local\Microsoft\WindowsApps;C:\Users\lockh\AppData\Local\Programs\Microsoft VS Code\bin;C:\Program Files\Git\bin;C:\Program Files\Git\cmd;C:\Program Files\CMake\bin;C:\Program Files\7-Zip;C:\Program Files\zephyr-sdk-0.16.8_windows-x86_64;C:\ncs\v2.7.0\modules\lib\matter\config\zephyr\chip-module )
C:/ncs/v2.7.0/nrf/share/ncs-package/cmake/NcsConfig.cmake(40):  set(CUSTOM_COMMAND_ENV C:/Program Files/CMake/bin/cmake.exe -E env PATH=C:\ncs\toolchains\ce3b5ff664\opt\bin\\;C:\Program Files (x86)\Razer Chroma SDK\bin\\;C:\Program Files\Razer Chroma SDK\bin\\;C:\Program Files (x86)\Common Files\Oracle\Java\javapath\\;C:\Program Files (x86)\Razer\ChromaBroadcast\bin\\;C:\Program Files\Razer\ChromaBroadcast\bin\\;C:\Windows\system32\\;C:\Windows\\;C:\Windows\System32\Wbem\\;C:\Windows\System32\WindowsPowerShell\v1.0\\;C:\Windows\System32\OpenSSH\\;C:\Program Files\NVIDIA Corporation\NVIDIA NvDLISR\\;C:\Program Files (x86)\NVIDIA Corporation\PhysX\Common\\;C:\Windows\system32\config\systemprofile\AppData\Local\Microsoft\WindowsApps\\;C:\Program Files (x86)\dotnet\\;C:\Program Files\Nordic Semiconductor\nrf-command-line-tools\bin\\;C:\Program Files\Git\cmd\\;C:\Program Files\CMake\bin\\;C:\ProgramData\chocolatey\bin\\;C:\ncs\toolchains\ce3b5ff664\opt\bin\\;C:\ncs\toolchains\ce3b5ff664\opt\bin\Scripts\\;C:\Users\lockh\AppData\Local\Microsoft\WindowsApps\\;C:\Users\lockh\AppData\Local\Programs\Microsoft VS Code\bin\\;C:\Program Files\Git\bin\\;C:\Program Files\Git\cmd\\;C:\Program Files\CMake\bin\\;C:\Program Files\7-Zip\\;C:\Program Files\zephyr-sdk-0.16.8_windows-x86_64\\;C:\ncs\v2.7.0\modules\lib\matter\config\zephyr\chip-module )
C:/ncs/v2.7.0/nrf/share/ncs-package/cmake/NcsConfig.cmake(41):  set(GIT_EXECUTABLE C:/ncs/toolchains/ce3b5ff664/bin/git.exe CACHE FILEPATH NCS Toolchain Git )
C:/ncs/v2.7.0/nrf/share/ncs-package/cmake/NcsConfig.cmake(43):  set(DTC C:/ncs/toolchains/ce3b5ff664/opt/bin/dtc.exe CACHE FILEPATH NCS Toolchain DTC )
C:/ncs/v2.7.0/nrf/share/ncs-package/cmake/NcsConfig.cmake(44):  set(GPERF C:/ncs/toolchains/ce3b5ff664/opt/bin/gperf.exe CACHE FILEPATH NCS Toolchain gperf )
C:/ncs/v2.7.0/nrf/share/ncs-package/cmake/NcsConfig.cmake(45):  set(WEST C:/ncs/toolchains/ce3b5ff664/opt/bin/Scripts/west.exe CACHE FILEPATH NCS Toolchain West )
C:/ncs/v2.7.0/nrf/share/ncs-package/cmake/NcsConfig.cmake(46):  set(Python3_EXECUTABLE C:/ncs/toolchains/ce3b5ff664/opt/bin/python.exe CACHE FILEPATH NCS Toolchain Python )
C:/ncs/v2.7.0/nrf/share/ncs-package/cmake/NcsConfig.cmake(47):  set(PYTHON_EXECUTABLE C:/ncs/toolchains/ce3b5ff664/opt/bin/python.exe CACHE FILEPATH NCS Toolchain Python )
C:/ncs/v2.7.0/nrf/share/ncs-package/cmake/NcsConfig.cmake(49):  if(DEFINED NCS_TOOLCHAIN_PROTOC )
C:/ncs/v2.7.0/nrf/share/ncs-package/cmake/NcsConfig.cmake(50):  set(PROTOC C:/Program Files/CMake/bin/cmake.exe;-E;env;PATH=C:\ncs\toolchains\ce3b5ff664\opt\bin\\;C:\Program Files (x86)\Razer Chroma SDK\bin\\;C:\Program Files\Razer Chroma SDK\bin\\;C:\Program Files (x86)\Common Files\Oracle\Java\javapath\\;C:\Program Files (x86)\Razer\ChromaBroadcast\bin\\;C:\Program Files\Razer\ChromaBroadcast\bin\\;C:\Windows\system32\\;C:\Windows\\;C:\Windows\System32\Wbem\\;C:\Windows\System32\WindowsPowerShell\v1.0\\;C:\Windows\System32\OpenSSH\\;C:\Program Files\NVIDIA Corporation\NVIDIA NvDLISR\\;C:\Program Files (x86)\NVIDIA Corporation\PhysX\Common\\;C:\Windows\system32\config\systemprofile\AppData\Local\Microsoft\WindowsApps\\;C:\Program Files (x86)\dotnet\\;C:\Program Files\Nordic Semiconductor\nrf-command-line-tools\bin\\;C:\Program Files\Git\cmd\\;C:\Program Files\CMake\bin\\;C:\ProgramData\chocolatey\bin\\;C:\ncs\toolchains\ce3b5ff664\opt\bin\\;C:\ncs\toolchains\ce3b5ff664\opt\bin\Scripts\\;C:\Users\lockh\AppData\Local\Microsoft\WindowsApps\\;C:\Users\lockh\AppData\Local\Programs\Microsoft VS Code\bin\\;C:\Program Files\Git\bin\\;C:\Program Files\Git\cmd\\;C:\Program Files\CMake\bin\\;C:\Program Files\7-Zip\\;C:\Program Files\zephyr-sdk-0.16.8_windows-x86_64\\;C:\ncs\v2.7.0\modules\lib\matter\config\zephyr\chip-module C:/ncs/toolchains/ce3b5ff664/opt/nanopb/generator-bin/protoc.exe CACHE STRING NCS Toolchain protoc )
C:/ncs/v2.7.0/nrf/share/ncs-package/cmake/NcsConfig.cmake(51):  set(PROTOBUF_PROTOC_EXECUTABLE C:/Program Files/CMake/bin/cmake.exe;-E;env;PATH=C:\ncs\toolchains\ce3b5ff664\opt\bin\\;C:\Program Files (x86)\Razer Chroma SDK\bin\\;C:\Program Files\Razer Chroma SDK\bin\\;C:\Program Files (x86)\Common Files\Oracle\Java\javapath\\;C:\Program Files (x86)\Razer\ChromaBroadcast\bin\\;C:\Program Files\Razer\ChromaBroadcast\bin\\;C:\Windows\system32\\;C:\Windows\\;C:\Windows\System32\Wbem\\;C:\Windows\System32\WindowsPowerShell\v1.0\\;C:\Windows\System32\OpenSSH\\;C:\Program Files\NVIDIA Corporation\NVIDIA NvDLISR\\;C:\Program Files (x86)\NVIDIA Corporation\PhysX\Common\\;C:\Windows\system32\config\systemprofile\AppData\Local\Microsoft\WindowsApps\\;C:\Program Files (x86)\dotnet\\;C:\Program Files\Nordic Semiconductor\nrf-command-line-tools\bin\\;C:\Program Files\Git\cmd\\;C:\Program Files\CMake\bin\\;C:\ProgramData\chocolatey\bin\\;C:\ncs\toolchains\ce3b5ff664\opt\bin\\;C:\ncs\toolchains\ce3b5ff664\opt\bin\Scripts\\;C:\Users\lockh\AppData\Local\Microsoft\WindowsApps\\;C:\Users\lockh\AppData\Local\Programs\Microsoft VS Code\bin\\;C:\Program Files\Git\bin\\;C:\Program Files\Git\cmd\\;C:\Program Files\CMake\bin\\;C:\Program Files\7-Zip\\;C:\Program Files\zephyr-sdk-0.16.8_windows-x86_64\\;C:\ncs\v2.7.0\modules\lib\matter\config\zephyr\chip-module C:/ncs/toolchains/ce3b5ff664/opt/nanopb/generator-bin/protoc.exe CACHE STRING NCS Toolchain protoc )
C:/ncs/v2.7.0/nrf/share/ncs-package/cmake/NcsConfig.cmake(54):  set(ZEPHYR_TOOLCHAIN_VARIANT zephyr CACHE STRING NCS Toolchain Variant )
C:/ncs/v2.7.0/nrf/share/ncs-package/cmake/NcsConfig.cmake(55):  if(zephyr STREQUAL zephyr )
C:/ncs/v2.7.0/nrf/share/ncs-package/cmake/NcsConfig.cmake(56):  set(ZEPHYR_SDK_INSTALL_DIR C:/ncs/toolchains/ce3b5ff664/opt/zephyr-sdk CACHE PATH NCS Zephyr SDK install dir )
C:/ncs/v2.7.0/nrf/share/ncs-package/cmake/NcsConfig.cmake(58):  set(GNUARMEMB_TOOLCHAIN_PATH C:/ncs/toolchains/ce3b5ff664/opt CACHE PATH NCS GNU ARM emb path )
C:/ncs/v2.7.0/nrf/share/ncs-package/cmake/NcsConfig.cmake(60):  if(NMake Makefiles STREQUAL Ninja )
C:/ncs/v2.7.0/nrf/share/ncs-package/cmake/NcsConfig.cmake(64):  if(Windows STREQUAL Windows )
C:/ncs/v2.7.0/nrf/share/ncs-package/cmake/NcsConfig.cmake(65):  set(env_list_delimeter ; )
C:/ncs/v2.7.0/nrf/share/ncs-package/cmake/NcsConfig.cmake(73):  if(NCS_TOOLCHAIN_ENV_PATH )
C:/ncs/v2.7.0/nrf/share/ncs-package/cmake/NcsConfig.cmake(74):  set(ENV{PATH} C:/ncs/toolchains/ce3b5ff664/opt/bin;C:/ncs/toolchains/ce3b5ff664/opt/bin/Scripts;C:/ncs/toolchains/ce3b5ff664/mingw64/bin;C:\Program Files (x86)\Razer Chroma SDK\bin;C:\Program Files\Razer Chroma SDK\bin;C:\Program Files (x86)\Common Files\Oracle\Java\javapath;C:\Program Files (x86)\Razer\ChromaBroadcast\bin;C:\Program Files\Razer\ChromaBroadcast\bin;C:\Windows\system32;C:\Windows;C:\Windows\System32\Wbem;C:\Windows\System32\WindowsPowerShell\v1.0\;C:\Windows\System32\OpenSSH\;C:\Program Files\NVIDIA Corporation\NVIDIA NvDLISR;C:\Program Files (x86)\NVIDIA Corporation\PhysX\Common;C:\Windows\system32\config\systemprofile\AppData\Local\Microsoft\WindowsApps;C:\Program Files (x86)\dotnet\;C:\Program Files\Nordic Semiconductor\nrf-command-line-tools\bin\;C:\Program Files\Git\cmd;C:\Program Files\CMake\bin;C:\ProgramData\chocolatey\bin;C:\ncs\toolchains\ce3b5ff664\opt\bin;C:\ncs\toolchains\ce3b5ff664\opt\bin\Scripts;C:\Users\lockh\AppData\Local\Microsoft\WindowsApps;C:\Users\lockh\AppData\Local\Programs\Microsoft VS Code\bin;C:\Program Files\Git\bin;C:\Program Files\Git\cmd;C:\Program Files\CMake\bin\;C:\Program Files\7-Zip;C:\Program Files\zephyr-sdk-0.16.8_windows-x86_64;C:\ncs\v2.7.0\modules\lib\matter\config\zephyr\chip-module; )
C:/ncs/v2.7.0/nrf/share/ncs-package/cmake/NcsConfig.cmake(79):  if(NCS_TOOLCHAIN_PYTHONPATH )
C:/ncs/v2.7.0/nrf/share/ncs-package/cmake/NcsConfig.cmake(80):  set(ENV{PYTHONPATH} C:/ncs/toolchains/ce3b5ff664/opt/bin/;C:/ncs/toolchains/ce3b5ff664/opt/bin/Lib;C:/ncs/toolchains/ce3b5ff664/opt/bin/Lib/site-packages )
C:/ncs/v2.7.0/nrf/share/ncs-package/cmake/NcsConfig.cmake(85):  include(C:/ncs/v2.7.0/nrf/cmake/boilerplate.cmake NO_POLICY_SCOPE )
C:/ncs/v2.7.0/nrf/cmake/boilerplate.cmake(12):  include(C:/ncs/v2.7.0/nrf/boards/deprecated.cmake )
C:/ncs/v2.7.0/nrf/boards/deprecated.cmake(15):  set(nrf52840_pca20035_DEPRECATED thingy91_nrf52840 )
C:/ncs/v2.7.0/nrf/boards/deprecated.cmake(16):  set(nrf9160_pca20035_DEPRECATED thingy91_nrf9160 )
C:/ncs/v2.7.0/nrf/boards/deprecated.cmake(17):  set(nrf9160_pca20035ns_DEPRECATED thingy91_nrf9160_ns )
C:/ncs/v2.7.0/nrf/boards/deprecated.cmake(18):  set(thingy91_nrf9160ns_DEPRECATED thingy91_nrf9160_ns )
C:/ncs/v2.7.0/nrf/boards/deprecated.cmake(20):  set(nrf52810dmouse_nrf52810_DEPRECATED nrf52810dmouse/nrf52810 )
C:/ncs/v2.7.0/nrf/boards/deprecated.cmake(21):  set(nrf52820dongle_nrf52820_DEPRECATED nrf52820dongle/nrf52820 )
C:/ncs/v2.7.0/nrf/boards/deprecated.cmake(22):  set(nrf52833dongle_nrf52833_DEPRECATED nrf52833dongle/nrf52833 )
C:/ncs/v2.7.0/nrf/boards/deprecated.cmake(23):  set(nrf52840gmouse_nrf52840_DEPRECATED nrf52840gmouse/nrf52840 )
C:/ncs/v2.7.0/nrf/boards/deprecated.cmake(24):  set(nrf52dmouse_nrf52832_DEPRECATED nrf52dmouse/nrf52832 )
C:/ncs/v2.7.0/nrf/boards/deprecated.cmake(25):  set(nrf52kbd_nrf52832_DEPRECATED nrf52kbd/nrf52832 )
C:/ncs/v2.7.0/nrf/boards/deprecated.cmake(28):  set(nrf7002dk_nrf5340_cpuapp_DEPRECATED nrf7002dk/nrf5340/cpuapp )
C:/ncs/v2.7.0/nrf/boards/deprecated.cmake(29):  set(nrf7002dk_nrf5340_cpuapp_ns_DEPRECATED nrf7002dk/nrf5340/cpuapp_ns )
C:/ncs/v2.7.0/nrf/boards/deprecated.cmake(31):  set(nrf7002dk_nrf7001_nrf5340_cpuapp_DEPRECATED nrf7002dk/nrf5340/cpuapp/nrf7001 )
C:/ncs/v2.7.0/nrf/boards/deprecated.cmake(32):  set(nrf7002dk_nrf7001_nrf5340_cpuapp_ns_DEPRECATED nrf7002dk/nrf5340/cpuapp_ns/nrf7001 )
C:/ncs/v2.7.0/nrf/cmake/boilerplate.cmake(14):  if(NOT BOARD )
C:/ncs/v2.7.0/nrf/cmake/boilerplate.cmake(19):  if(DEFINED NRF_SUPPORTED_BOARDS )
C:/ncs/v2.7.0/nrf/cmake/boilerplate.cmake(26):  if(DEFINED NRF_SUPPORTED_BUILD_TYPES )
C:/ncs/v2.7.0/nrf/cmake/boilerplate.cmake(32):  list(PREPEND CMAKE_MODULE_PATH C:/ncs/v2.7.0/nrf/cmake/modules )
C:/ncs/v2.7.0/zephyr/cmake/modules/zephyr_default.cmake(41):  find_package(ZephyrAppConfiguration QUIET NO_POLICY_SCOPE NAMES ZephyrApp PATHS C:/ncs/projects/light_bulb NO_CMAKE_PATH NO_CMAKE_ENVIRONMENT_PATH NO_SYSTEM_ENVIRONMENT_PATH NO_CMAKE_PACKAGE_REGISTRY NO_CMAKE_SYSTEM_PATH NO_CMAKE_SYSTEM_PACKAGE_REGISTRY )
C:/ncs/v2.7.0/zephyr/cmake/modules/zephyr_default.cmake(54):  if(3.30.5 VERSION_EQUAL 3.22.1 OR 3.30.5 VERSION_EQUAL 3.22.2 )
C:/ncs/v2.7.0/zephyr/cmake/modules/zephyr_default.cmake(69):  list(APPEND zephyr_cmake_modules python )
C:/ncs/v2.7.0/zephyr/cmake/modules/zephyr_default.cmake(70):  list(APPEND zephyr_cmake_modules user_cache )
C:/ncs/v2.7.0/zephyr/cmake/modules/zephyr_default.cmake(73):  list(APPEND zephyr_cmake_modules extensions )
C:/ncs/v2.7.0/zephyr/cmake/modules/zephyr_default.cmake(74):  list(APPEND zephyr_cmake_modules version )
C:/ncs/v2.7.0/zephyr/cmake/modules/zephyr_default.cmake(77):  list(APPEND zephyr_cmake_modules basic_settings )
C:/ncs/v2.7.0/zephyr/cmake/modules/zephyr_default.cmake(83):  list(APPEND zephyr_cmake_modules west )
C:/ncs/v2.7.0/zephyr/cmake/modules/zephyr_default.cmake(84):  list(APPEND zephyr_cmake_modules ccache )
C:/ncs/v2.7.0/zephyr/cmake/modules/zephyr_default.cmake(87):  list(APPEND zephyr_cmake_modules root )
C:/ncs/v2.7.0/zephyr/cmake/modules/zephyr_default.cmake(94):  list(APPEND zephyr_cmake_modules zephyr_module )
C:/ncs/v2.7.0/zephyr/cmake/modules/zephyr_default.cmake(96):  list(APPEND zephyr_cmake_modules boards )
C:/ncs/v2.7.0/zephyr/cmake/modules/zephyr_default.cmake(97):  list(APPEND zephyr_cmake_modules shields )
C:/ncs/v2.7.0/zephyr/cmake/modules/zephyr_default.cmake(98):  list(APPEND zephyr_cmake_modules snippets )
C:/ncs/v2.7.0/zephyr/cmake/modules/zephyr_default.cmake(99):  list(APPEND zephyr_cmake_modules arch_v1 )
C:/ncs/v2.7.0/zephyr/cmake/modules/zephyr_default.cmake(100):  list(APPEND zephyr_cmake_modules hwm_v2 )
C:/ncs/v2.7.0/zephyr/cmake/modules/zephyr_default.cmake(101):  list(APPEND zephyr_cmake_modules configuration_files )
C:/ncs/v2.7.0/zephyr/cmake/modules/zephyr_default.cmake(102):  list(APPEND zephyr_cmake_modules generated_file_directories )
C:/ncs/v2.7.0/zephyr/cmake/modules/zephyr_default.cmake(105):  set(pre_dt_board ${BOARD_DIR}/pre_dt_board.cmake OPTIONAL )
C:/ncs/v2.7.0/zephyr/cmake/modules/zephyr_default.cmake(106):  list(APPEND zephyr_cmake_modules ${pre_dt_board} )
C:/ncs/v2.7.0/zephyr/cmake/modules/zephyr_default.cmake(110):  list(APPEND zephyr_cmake_modules dts )
C:/ncs/v2.7.0/zephyr/cmake/modules/zephyr_default.cmake(111):  list(APPEND zephyr_cmake_modules kconfig )
C:/ncs/v2.7.0/zephyr/cmake/modules/zephyr_default.cmake(112):  list(APPEND zephyr_cmake_modules arch_v2 )
C:/ncs/v2.7.0/zephyr/cmake/modules/zephyr_default.cmake(113):  list(APPEND zephyr_cmake_modules soc_v1 )
C:/ncs/v2.7.0/zephyr/cmake/modules/zephyr_default.cmake(114):  list(APPEND zephyr_cmake_modules soc_v2 )
C:/ncs/v2.7.0/zephyr/cmake/modules/zephyr_default.cmake(116):  foreach(component  )
C:/ncs/v2.7.0/zephyr/cmake/modules/zephyr_default.cmake(125):  foreach(module IN LISTS zephyr_cmake_modules )
C:/ncs/v2.7.0/zephyr/cmake/modules/zephyr_default.cmake(130):  string(CONFIGURE python module )
C:/ncs/v2.7.0/zephyr/cmake/modules/zephyr_default.cmake(131):  string(CONFIGURE python module )
C:/ncs/v2.7.0/zephyr/cmake/modules/zephyr_default.cmake(132):  include(python )
C:/ncs/v2.7.0/zephyr/cmake/modules/python.cmake(3):  include_guard(GLOBAL )
C:/ncs/v2.7.0/zephyr/cmake/modules/python.cmake(10):  if(WIN32 )
C:/ncs/v2.7.0/zephyr/cmake/modules/python.cmake(11):  set(ENV{PYTHONIOENCODING} utf-8 )
C:/ncs/v2.7.0/zephyr/cmake/modules/python.cmake(14):  set(PYTHON_MINIMUM_REQUIRED 3.8 )
C:/ncs/v2.7.0/zephyr/cmake/modules/python.cmake(16):  find_package(Deprecated COMPONENTS PYTHON_PREFER )
C:/ncs/v2.7.0/zephyr/cmake/modules/FindDeprecated.cmake(36):  if(PYTHON_PREFER STREQUAL  )
C:/ncs/v2.7.0/zephyr/cmake/modules/FindDeprecated.cmake(40):  if(CROSS_COMPILE IN_LIST Deprecated_FIND_COMPONENTS )
C:/ncs/v2.7.0/zephyr/cmake/modules/FindDeprecated.cmake(56):  if(XTOOLS IN_LIST Deprecated_FIND_COMPONENTS )
C:/ncs/v2.7.0/zephyr/cmake/modules/FindDeprecated.cmake(66):  if(SPARSE IN_LIST Deprecated_FIND_COMPONENTS )
C:/ncs/v2.7.0/zephyr/cmake/modules/FindDeprecated.cmake(80):  if(SOURCES IN_LIST Deprecated_FIND_COMPONENTS )
C:/ncs/v2.7.0/zephyr/cmake/modules/FindDeprecated.cmake(90):  if(PYTHON_PREFER IN_LIST Deprecated_FIND_COMPONENTS )
C:/ncs/v2.7.0/zephyr/cmake/modules/FindDeprecated.cmake(92):  list(REMOVE_ITEM Deprecated_FIND_COMPONENTS PYTHON_PREFER )
C:/ncs/v2.7.0/zephyr/cmake/modules/FindDeprecated.cmake(93):  if(DEFINED PYTHON_PREFER )
C:/ncs/v2.7.0/zephyr/cmake/modules/FindDeprecated.cmake(102):  if(NOT  STREQUAL  )
C:/ncs/v2.7.0/zephyr/cmake/modules/FindDeprecated.cmake(107):  if(SEARCHED_LINKER_SCRIPT IN_LIST Deprecated_FIND_COMPONENTS )
C:/ncs/v2.7.0/zephyr/cmake/modules/FindDeprecated.cmake(125):  set(Deprecated_FOUND True )
C:/ncs/v2.7.0/zephyr/cmake/modules/FindDeprecated.cmake(126):  set(DEPRECATED_FOUND True )
C:/ncs/v2.7.0/zephyr/cmake/modules/python.cmake(18):  if(NOT DEFINED Python3_EXECUTABLE AND DEFINED WEST_PYTHON )
C:/ncs/v2.7.0/zephyr/cmake/modules/python.cmake(22):  if(NOT Python3_EXECUTABLE )
C:/ncs/v2.7.0/zephyr/cmake/modules/python.cmake(43):  find_package(Python3 3.8 REQUIRED )
C:/Program Files/CMake/share/cmake-3.30/Modules/FindPython3.cmake(598):  set(_PYTHON_PREFIX Python3 )
C:/Program Files/CMake/share/cmake-3.30/Modules/FindPython3.cmake(600):  set(_Python3_REQUIRED_VERSION_MAJOR 3 )
C:/Program Files/CMake/share/cmake-3.30/Modules/FindPython3.cmake(602):  include(C:/Program Files/CMake/share/cmake-3.30/Modules/FindPython/Support.cmake )
C:/Program Files/CMake/share/cmake-3.30/Modules/FindPython/Support.cmake(12):  cmake_policy(PUSH )
C:/Program Files/CMake/share/cmake-3.30/Modules/FindPython/Support.cmake(14):  cmake_policy(SET CMP0007 NEW )
C:/Program Files/CMake/share/cmake-3.30/Modules/FindPython/Support.cmake(16):  cmake_policy(SET CMP0012 NEW )
C:/Program Files/CMake/share/cmake-3.30/Modules/FindPython/Support.cmake(18):  cmake_policy(SET CMP0057 NEW )
C:/Program Files/CMake/share/cmake-3.30/Modules/FindPython/Support.cmake(20):  cmake_policy(SET CMP0124 NEW )
C:/Program Files/CMake/share/cmake-3.30/Modules/FindPython/Support.cmake(22):  cmake_policy(SET CMP0134 NEW )
C:/Program Files/CMake/share/cmake-3.30/Modules/FindPython/Support.cmake(24):  cmake_policy(SET CMP0159 NEW )
C:/Program Files/CMake/share/cmake-3.30/Modules/FindPython/Support.cmake(26):  if(NOT DEFINED _PYTHON_PREFIX )
C:/Program Files/CMake/share/cmake-3.30/Modules/FindPython/Support.cmake(29):  if(NOT DEFINED _Python3_REQUIRED_VERSION_MAJOR )
C:/Program Files/CMake/share/cmake-3.30/Modules/FindPython/Support.cmake(32):  if(_Python3_REQUIRED_VERSION_MAJOR EQUAL 3 )
C:/Program Files/CMake/share/cmake-3.30/Modules/FindPython/Support.cmake(33):  set(_Python3_VERSIONS 3.13 3.12 3.11 3.10 3.9 3.8 3.7 3.6 3.5 3.4 3.3 3.2 3.1 3.0 )
C:/Program Files/CMake/share/cmake-3.30/Modules/FindPython/Support.cmake(40):  get_property(_Python3_CMAKE_ROLE GLOBAL PROPERTY CMAKE_ROLE )
C:/Program Files/CMake/share/cmake-3.30/Modules/FindPython/Support.cmake(42):  include(C:/Program Files/CMake/share/cmake-3.30/Modules/FindPython/../FindPackageHandleStandardArgs.cmake )
C:/Program Files/CMake/share/cmake-3.30/Modules/FindPackageHandleStandardArgs.cmake(213):  include(C:/Program Files/CMake/share/cmake-3.30/Modules/FindPackageMessage.cmake )
C:/Program Files/CMake/share/cmake-3.30/Modules/FindPackageMessage.cmake(33):  function(find_package_message pkg msg details )
C:/Program Files/CMake/share/cmake-3.30/Modules/FindPackageHandleStandardArgs.cmake(216):  cmake_policy(PUSH )
C:/Program Files/CMake/share/cmake-3.30/Modules/FindPackageHandleStandardArgs.cmake(218):  cmake_policy(SET CMP0012 NEW )
C:/Program Files/CMake/share/cmake-3.30/Modules/FindPackageHandleStandardArgs.cmake(220):  cmake_policy(SET CMP0057 NEW )
C:/Program Files/CMake/share/cmake-3.30/Modules/FindPackageHandleStandardArgs.cmake(224):  macro(_FPHSA_FAILURE_MESSAGE _msg )
C:/Program Files/CMake/share/cmake-3.30/Modules/FindPackageHandleStandardArgs.cmake(243):  macro(_FPHSA_HANDLE_FAILURE_CONFIG_MODE )
C:/Program Files/CMake/share/cmake-3.30/Modules/FindPackageHandleStandardArgs.cmake(278):  function(FIND_PACKAGE_CHECK_VERSION version result )
C:/Program Files/CMake/share/cmake-3.30/Modules/FindPackageHandleStandardArgs.cmake(378):  function(FIND_PACKAGE_HANDLE_STANDARD_ARGS _NAME _FIRST_ARG )
C:/Program Files/CMake/share/cmake-3.30/Modules/FindPackageHandleStandardArgs.cmake(614):  cmake_policy(POP )
C:/Program Files/CMake/share/cmake-3.30/Modules/FindPython/Support.cmake(47):  macro(_PYTHON_DISPLAY_FAILURE _PYTHON_MSG )
C:/Program Files/CMake/share/cmake-3.30/Modules/FindPython/Support.cmake(62):  function(_PYTHON_ADD_REASON_FAILURE module message )
C:/Program Files/CMake/share/cmake-3.30/Modules/FindPython/Support.cmake(74):  function(_PYTHON_MARK_AS_INTERNAL )
C:/Program Files/CMake/share/cmake-3.30/Modules/FindPython/Support.cmake(83):  macro(_PYTHON_SELECT_LIBRARY_CONFIGURATIONS _PYTHON_BASENAME )
C:/Program Files/CMake/share/cmake-3.30/Modules/FindPython/Support.cmake(114):  macro(_PYTHON_FIND_FRAMEWORKS )
C:/Program Files/CMake/share/cmake-3.30/Modules/FindPython/Support.cmake(149):  function(_PYTHON_GET_FRAMEWORKS _PYTHON_PGF_FRAMEWORK_PATHS )
C:/Program Files/CMake/share/cmake-3.30/Modules/FindPython/Support.cmake(184):  function(_PYTHON_GET_REGISTRIES _PYTHON_PGR_REGISTRY_PATHS )
C:/Program Files/CMake/share/cmake-3.30/Modules/FindPython/Support.cmake(228):  function(_PYTHON_GET_ABIFLAGS _PGA_FIND_ABI _PGABIFLAGS )
C:/Program Files/CMake/share/cmake-3.30/Modules/FindPython/Support.cmake(293):  function(_PYTHON_GET_PATH_SUFFIXES _PYTHON_PGPS_PATH_SUFFIXES )
C:/Program Files/CMake/share/cmake-3.30/Modules/FindPython/Support.cmake(370):  function(_PYTHON_GET_NAMES _PYTHON_PGN_NAMES )
C:/Program Files/CMake/share/cmake-3.30/Modules/FindPython/Support.cmake(487):  function(_PYTHON_GET_CONFIG_VAR _PYTHON_PGCV_VALUE NAME )
C:/Program Files/CMake/share/cmake-3.30/Modules/FindPython/Support.cmake(685):  function(_PYTHON_GET_VERSION )
C:/Program Files/CMake/share/cmake-3.30/Modules/FindPython/Support.cmake(812):  function(_PYTHON_GET_LAUNCHER _PYTHON_PGL_NAME )
C:/Program Files/CMake/share/cmake-3.30/Modules/FindPython/Support.cmake(874):  function(_PYTHON_VALIDATE_INTERPRETER )
C:/Program Files/CMake/share/cmake-3.30/Modules/FindPython/Support.cmake(1062):  function(_python_validate_find_interpreter status interpreter )
C:/Program Files/CMake/share/cmake-3.30/Modules/FindPython/Support.cmake(1071):  function(_PYTHON_VALIDATE_COMPILER )
C:/Program Files/CMake/share/cmake-3.30/Modules/FindPython/Support.cmake(1170):  function(_python_validate_find_compiler status compiler )
C:/Program Files/CMake/share/cmake-3.30/Modules/FindPython/Support.cmake(1179):  function(_PYTHON_VALIDATE_LIBRARY )
C:/Program Files/CMake/share/cmake-3.30/Modules/FindPython/Support.cmake(1246):  function(_PYTHON_VALIDATE_SABI_LIBRARY )
C:/Program Files/CMake/share/cmake-3.30/Modules/FindPython/Support.cmake(1291):  function(_PYTHON_VALIDATE_INCLUDE_DIR )
C:/Program Files/CMake/share/cmake-3.30/Modules/FindPython/Support.cmake(1342):  function(_PYTHON_FIND_RUNTIME_LIBRARY _PYTHON_LIB )
C:/Program Files/CMake/share/cmake-3.30/Modules/FindPython/Support.cmake(1358):  function(_PYTHON_SET_LIBRARY_DIRS _PYTHON_SLD_RESULT )
C:/Program Files/CMake/share/cmake-3.30/Modules/FindPython/Support.cmake(1372):  function(_PYTHON_SET_DEVELOPMENT_MODULE_FOUND module )
C:/Program Files/CMake/share/cmake-3.30/Modules/FindPython/Support.cmake(1403):  if(Python3_FIND_VERSION_RANGE )
C:/Program Files/CMake/share/cmake-3.30/Modules/FindPython/Support.cmake(1415):  else()
C:/Program Files/CMake/share/cmake-3.30/Modules/FindPython/Support.cmake(1416):  if(DEFINED Python3_FIND_VERSION_MAJOR AND NOT Python3_FIND_VERSION_MAJOR VERSION_EQUAL _Python3_REQUIRED_VERSION_MAJOR )
C:/Program Files/CMake/share/cmake-3.30/Modules/FindPython/Support.cmake(1428):  if(NOT Python3_FIND_COMPONENTS )
C:/Program Files/CMake/share/cmake-3.30/Modules/FindPython/Support.cmake(1429):  set(Python3_FIND_COMPONENTS Interpreter )
C:/Program Files/CMake/share/cmake-3.30/Modules/FindPython/Support.cmake(1430):  set(Python3_FIND_REQUIRED_Interpreter TRUE )
C:/Program Files/CMake/share/cmake-3.30/Modules/FindPython/Support.cmake(1432):  if(NumPy IN_LIST Python3_FIND_COMPONENTS )
C:/Program Files/CMake/share/cmake-3.30/Modules/FindPython/Support.cmake(1435):  if(Development IN_LIST Python3_FIND_COMPONENTS )
C:/Program Files/CMake/share/cmake-3.30/Modules/FindPython/Support.cmake(1438):  list(REMOVE_DUPLICATES Python3_FIND_COMPONENTS )
C:/Program Files/CMake/share/cmake-3.30/Modules/FindPython/Support.cmake(1439):  foreach(_Python3_COMPONENT IN ITEMS Interpreter Compiler Development Development.Module Development.SABIModule Development.Embed NumPy )
C:/Program Files/CMake/share/cmake-3.30/Modules/FindPython/Support.cmake(1440):  set(Python3_Interpreter_FOUND FALSE )
C:/Program Files/CMake/share/cmake-3.30/Modules/FindPython/Support.cmake(1440):  set(Python3_Compiler_FOUND FALSE )
C:/Program Files/CMake/share/cmake-3.30/Modules/FindPython/Support.cmake(1440):  set(Python3_Development_FOUND FALSE )
C:/Program Files/CMake/share/cmake-3.30/Modules/FindPython/Support.cmake(1440):  set(Python3_Development.Module_FOUND FALSE )
C:/Program Files/CMake/share/cmake-3.30/Modules/FindPython/Support.cmake(1440):  set(Python3_Development.SABIModule_FOUND FALSE )
C:/Program Files/CMake/share/cmake-3.30/Modules/FindPython/Support.cmake(1440):  set(Python3_Development.Embed_FOUND FALSE )
C:/Program Files/CMake/share/cmake-3.30/Modules/FindPython/Support.cmake(1440):  set(Python3_NumPy_FOUND FALSE )
C:/Program Files/CMake/share/cmake-3.30/Modules/FindPython/Support.cmake(1442):  if(Python3_FIND_REQUIRED_Development )
C:/Program Files/CMake/share/cmake-3.30/Modules/FindPython/Support.cmake(1447):  unset(_Python3_FIND_DEVELOPMENT_ARTIFACTS )
C:/Program Files/CMake/share/cmake-3.30/Modules/FindPython/Support.cmake(1448):  unset(_Python3_FIND_DEVELOPMENT_MODULE_ARTIFACTS )
C:/Program Files/CMake/share/cmake-3.30/Modules/FindPython/Support.cmake(1449):  unset(_Python3_FIND_DEVELOPMENT_SABIMODULE_ARTIFACTS )
C:/Program Files/CMake/share/cmake-3.30/Modules/FindPython/Support.cmake(1450):  unset(_Python3_FIND_DEVELOPMENT_EMBED_ARTIFACTS )
C:/Program Files/CMake/share/cmake-3.30/Modules/FindPython/Support.cmake(1451):  if(Development.Module IN_LIST Python3_FIND_COMPONENTS )
C:/Program Files/CMake/share/cmake-3.30/Modules/FindPython/Support.cmake(1457):  if(Development.SABIModule IN_LIST Python3_FIND_COMPONENTS )
C:/Program Files/CMake/share/cmake-3.30/Modules/FindPython/Support.cmake(1463):  if(Development.Embed IN_LIST Python3_FIND_COMPONENTS )
C:/Program Files/CMake/share/cmake-3.30/Modules/FindPython/Support.cmake(1466):  set(_Python3_FIND_DEVELOPMENT_ARTIFACTS    )
C:/Program Files/CMake/share/cmake-3.30/Modules/FindPython/Support.cmake(1467):  list(REMOVE_DUPLICATES _Python3_FIND_DEVELOPMENT_ARTIFACTS )
C:/Program Files/CMake/share/cmake-3.30/Modules/FindPython/Support.cmake(1471):  set(_Python3_FIND_VERSIONS 3.13;3.12;3.11;3.10;3.9;3.8;3.7;3.6;3.5;3.4;3.3;3.2;3.1;3.0 )
C:/Program Files/CMake/share/cmake-3.30/Modules/FindPython/Support.cmake(1472):  unset(_Python3_FIND_VERSION_EXACT )
C:/Program Files/CMake/share/cmake-3.30/Modules/FindPython/Support.cmake(1474):  if(Python3_FIND_VERSION_RANGE )
C:/Program Files/CMake/share/cmake-3.30/Modules/FindPython/Support.cmake(1486):  else()
C:/Program Files/CMake/share/cmake-3.30/Modules/FindPython/Support.cmake(1487):  if(Python3_FIND_VERSION_COUNT GREATER 1 )
C:/Program Files/CMake/share/cmake-3.30/Modules/FindPython/Support.cmake(1488):  if(Python3_FIND_VERSION_EXACT )
C:/Program Files/CMake/share/cmake-3.30/Modules/FindPython/Support.cmake(1491):  else()
C:/Program Files/CMake/share/cmake-3.30/Modules/FindPython/Support.cmake(1492):  unset(_Python3_FIND_VERSIONS )
C:/Program Files/CMake/share/cmake-3.30/Modules/FindPython/Support.cmake(1494):  foreach(_Python3_VERSION IN LISTS _Python3_VERSIONS )
C:/Program Files/CMake/share/cmake-3.30/Modules/FindPython/Support.cmake(1495):  if(_Python3_VERSION VERSION_GREATER_EQUAL 3.8 )
C:/Program Files/CMake/share/cmake-3.30/Modules/FindPython/Support.cmake(1496):  list(APPEND _Python3_FIND_VERSIONS 3.13 )
C:/Program Files/CMake/share/cmake-3.30/Modules/FindPython/Support.cmake(1495):  if(_Python3_VERSION VERSION_GREATER_EQUAL 3.8 )
C:/Program Files/CMake/share/cmake-3.30/Modules/FindPython/Support.cmake(1496):  list(APPEND _Python3_FIND_VERSIONS 3.12 )
C:/Program Files/CMake/share/cmake-3.30/Modules/FindPython/Support.cmake(1495):  if(_Python3_VERSION VERSION_GREATER_EQUAL 3.8 )
C:/Program Files/CMake/share/cmake-3.30/Modules/FindPython/Support.cmake(1496):  list(APPEND _Python3_FIND_VERSIONS 3.11 )
C:/Program Files/CMake/share/cmake-3.30/Modules/FindPython/Support.cmake(1495):  if(_Python3_VERSION VERSION_GREATER_EQUAL 3.8 )
C:/Program Files/CMake/share/cmake-3.30/Modules/FindPython/Support.cmake(1496):  list(APPEND _Python3_FIND_VERSIONS 3.10 )
C:/Program Files/CMake/share/cmake-3.30/Modules/FindPython/Support.cmake(1495):  if(_Python3_VERSION VERSION_GREATER_EQUAL 3.8 )
C:/Program Files/CMake/share/cmake-3.30/Modules/FindPython/Support.cmake(1496):  list(APPEND _Python3_FIND_VERSIONS 3.9 )
C:/Program Files/CMake/share/cmake-3.30/Modules/FindPython/Support.cmake(1495):  if(_Python3_VERSION VERSION_GREATER_EQUAL 3.8 )
C:/Program Files/CMake/share/cmake-3.30/Modules/FindPython/Support.cmake(1496):  list(APPEND _Python3_FIND_VERSIONS 3.8 )
C:/Program Files/CMake/share/cmake-3.30/Modules/FindPython/Support.cmake(1495):  if(_Python3_VERSION VERSION_GREATER_EQUAL 3.8 )
C:/Program Files/CMake/share/cmake-3.30/Modules/FindPython/Support.cmake(1495):  if(_Python3_VERSION VERSION_GREATER_EQUAL 3.8 )
C:/Program Files/CMake/share/cmake-3.30/Modules/FindPython/Support.cmake(1495):  if(_Python3_VERSION VERSION_GREATER_EQUAL 3.8 )
C:/Program Files/CMake/share/cmake-3.30/Modules/FindPython/Support.cmake(1495):  if(_Python3_VERSION VERSION_GREATER_EQUAL 3.8 )
C:/Program Files/CMake/share/cmake-3.30/Modules/FindPython/Support.cmake(1495):  if(_Python3_VERSION VERSION_GREATER_EQUAL 3.8 )
C:/Program Files/CMake/share/cmake-3.30/Modules/FindPython/Support.cmake(1495):  if(_Python3_VERSION VERSION_GREATER_EQUAL 3.8 )
C:/Program Files/CMake/share/cmake-3.30/Modules/FindPython/Support.cmake(1495):  if(_Python3_VERSION VERSION_GREATER_EQUAL 3.8 )
C:/Program Files/CMake/share/cmake-3.30/Modules/FindPython/Support.cmake(1495):  if(_Python3_VERSION VERSION_GREATER_EQUAL 3.8 )
C:/Program Files/CMake/share/cmake-3.30/Modules/FindPython/Support.cmake(1505):  if(_Python3_REQUIRED_VERSION_MAJOR VERSION_LESS 3 )
C:/Program Files/CMake/share/cmake-3.30/Modules/FindPython/Support.cmake(1509):  else()
C:/Program Files/CMake/share/cmake-3.30/Modules/FindPython/Support.cmake(1510):  unset(_Python3_FIND_ABI )
C:/Program Files/CMake/share/cmake-3.30/Modules/FindPython/Support.cmake(1511):  if(DEFINED Python3_FIND_ABI )
C:/Program Files/CMake/share/cmake-3.30/Modules/FindPython/Support.cmake(1521):  else()
C:/Program Files/CMake/share/cmake-3.30/Modules/FindPython/Support.cmake(1522):  if(WIN32 )
C:/Program Files/CMake/share/cmake-3.30/Modules/FindPython/Support.cmake(1523):  _python_get_abiflags(OFF;OFF;OFF;OFF _Python3_ABIFLAGS )
C:/Program Files/CMake/share/cmake-3.30/Modules/FindPython/Support.cmake(229):  set(abiflags <none> )
C:/Program Files/CMake/share/cmake-3.30/Modules/FindPython/Support.cmake(230):  list(GET _PGA_FIND_ABI 0 pydebug )
C:/Program Files/CMake/share/cmake-3.30/Modules/FindPython/Support.cmake(231):  list(GET _PGA_FIND_ABI 1 pymalloc )
C:/Program Files/CMake/share/cmake-3.30/Modules/FindPython/Support.cmake(232):  list(GET _PGA_FIND_ABI 2 unicode )
C:/Program Files/CMake/share/cmake-3.30/Modules/FindPython/Support.cmake(233):  list(LENGTH _PGA_FIND_ABI find_abi_length )
C:/Program Files/CMake/share/cmake-3.30/Modules/FindPython/Support.cmake(234):  if(find_abi_length GREATER 3 )
C:/Program Files/CMake/share/cmake-3.30/Modules/FindPython/Support.cmake(235):  list(GET _PGA_FIND_ABI 3 gil )
C:/Program Files/CMake/share/cmake-3.30/Modules/FindPython/Support.cmake(240):  if(pymalloc STREQUAL ANY AND unicode STREQUAL ANY )
C:/Program Files/CMake/share/cmake-3.30/Modules/FindPython/Support.cmake(242):  elseif(pymalloc STREQUAL ANY AND unicode STREQUAL ON )
C:/Program Files/CMake/share/cmake-3.30/Modules/FindPython/Support.cmake(244):  elseif(pymalloc STREQUAL ANY AND unicode STREQUAL OFF )
C:/Program Files/CMake/share/cmake-3.30/Modules/FindPython/Support.cmake(246):  elseif(pymalloc STREQUAL ON AND unicode STREQUAL ANY )
C:/Program Files/CMake/share/cmake-3.30/Modules/FindPython/Support.cmake(248):  elseif(pymalloc STREQUAL ON AND unicode STREQUAL ON )
C:/Program Files/CMake/share/cmake-3.30/Modules/FindPython/Support.cmake(250):  elseif(pymalloc STREQUAL ON AND unicode STREQUAL OFF )
C:/Program Files/CMake/share/cmake-3.30/Modules/FindPython/Support.cmake(252):  elseif(pymalloc STREQUAL ON AND unicode STREQUAL ANY )
C:/Program Files/CMake/share/cmake-3.30/Modules/FindPython/Support.cmake(254):  elseif(pymalloc STREQUAL OFF AND unicode STREQUAL ON )
C:/Program Files/CMake/share/cmake-3.30/Modules/FindPython/Support.cmake(258):  if(pydebug STREQUAL ON )
C:/Program Files/CMake/share/cmake-3.30/Modules/FindPython/Support.cmake(264):  elseif(pydebug STREQUAL ANY )
C:/Program Files/CMake/share/cmake-3.30/Modules/FindPython/Support.cmake(274):  if(gil STREQUAL ON )
C:/Program Files/CMake/share/cmake-3.30/Modules/FindPython/Support.cmake(280):  elseif(gil STREQUAL ANY )
C:/Program Files/CMake/share/cmake-3.30/Modules/FindPython/Support.cmake(289):  list(TRANSFORM abiflags REPLACE ^(.+)<none>$ \1 )
C:/Program Files/CMake/share/cmake-3.30/Modules/FindPython/Support.cmake(290):  set(_Python3_ABIFLAGS <none> PARENT_SCOPE )
C:/Program Files/CMake/share/cmake-3.30/Modules/FindPython/Support.cmake(1529):  unset(Python3_SOABI )
C:/Program Files/CMake/share/cmake-3.30/Modules/FindPython/Support.cmake(1530):  unset(Python3_SOSABI )
C:/Program Files/CMake/share/cmake-3.30/Modules/FindPython/Support.cmake(1533):  unset(Python3_DEBUG_POSTFIX )
C:/Program Files/CMake/share/cmake-3.30/Modules/FindPython/Support.cmake(1536):  cmake_policy(GET CMP0094 _Python3_LOOKUP_POLICY )
C:/Program Files/CMake/share/cmake-3.30/Modules/FindPython/Support.cmake(1537):  if(_Python3_LOOKUP_POLICY STREQUAL NEW )
C:/Program Files/CMake/share/cmake-3.30/Modules/FindPython/Support.cmake(1538):  set(_Python3_FIND_STRATEGY LOCATION )
C:/Program Files/CMake/share/cmake-3.30/Modules/FindPython/Support.cmake(1542):  if(DEFINED Python3_FIND_STRATEGY )
C:/Program Files/CMake/share/cmake-3.30/Modules/FindPython/Support.cmake(1552):  unset(_Python3_REGISTRY_VIEW )
C:/Program Files/CMake/share/cmake-3.30/Modules/FindPython/Support.cmake(1553):  if(CMAKE_SIZEOF_VOID_P )
C:/Program Files/CMake/share/cmake-3.30/Modules/FindPython/Support.cmake(1584):  else()
C:/Program Files/CMake/share/cmake-3.30/Modules/FindPython/Support.cmake(1586):  set(_Python3_ARCH 64 32 )
C:/Program Files/CMake/share/cmake-3.30/Modules/FindPython/Support.cmake(1587):  if(CMAKE_SYSTEM_PROCESSOR MATCHES ARM )
C:/Program Files/CMake/share/cmake-3.30/Modules/FindPython/Support.cmake(1593):  unset(_Python3_IRON_PYTHON_INTERPRETER_NAMES )
C:/Program Files/CMake/share/cmake-3.30/Modules/FindPython/Support.cmake(1594):  unset(_Python3_IRON_PYTHON_COMPILER_NAMES )
C:/Program Files/CMake/share/cmake-3.30/Modules/FindPython/Support.cmake(1595):  unset(_Python3_IRON_PYTHON_COMPILER_ARCH_FLAGS )
C:/Program Files/CMake/share/cmake-3.30/Modules/FindPython/Support.cmake(1596):  if(CMAKE_SIZEOF_VOID_P )
C:/Program Files/CMake/share/cmake-3.30/Modules/FindPython/Support.cmake(1603):  if(NOT CMAKE_SYSTEM_NAME STREQUAL Linux )
C:/Program Files/CMake/share/cmake-3.30/Modules/FindPython/Support.cmake(1605):  list(APPEND _Python3_IRON_PYTHON_INTERPRETER_NAMES ipy3 ipy64 ipy32 ipy )
C:/Program Files/CMake/share/cmake-3.30/Modules/FindPython/Support.cmake(1606):  list(APPEND _Python3_IRON_PYTHON_COMPILER_NAMES ipyc )
C:/Program Files/CMake/share/cmake-3.30/Modules/FindPython/Support.cmake(1608):  list(APPEND _Python3_IRON_PYTHON_INTERPRETER_NAMES ipy.exe )
C:/Program Files/CMake/share/cmake-3.30/Modules/FindPython/Support.cmake(1609):  list(APPEND _Python3_IRON_PYTHON_COMPILER_NAMES ipyc.exe )
C:/Program Files/CMake/share/cmake-3.30/Modules/FindPython/Support.cmake(1610):  set(_Python3_IRON_PYTHON_PATH_SUFFIXES net45 net40 bin )
C:/Program Files/CMake/share/cmake-3.30/Modules/FindPython/Support.cmake(1613):  if(_Python3_REQUIRED_VERSION_MAJOR EQUAL 3 )
C:/Program Files/CMake/share/cmake-3.30/Modules/FindPython/Support.cmake(1614):  set(_Python3_PYPY_NAMES pypy3 )
C:/Program Files/CMake/share/cmake-3.30/Modules/FindPython/Support.cmake(1615):  set(_Python3_PYPY_LIB_NAMES pypy3-c )
C:/Program Files/CMake/share/cmake-3.30/Modules/FindPython/Support.cmake(1616):  if(WIN32 )
C:/Program Files/CMake/share/cmake-3.30/Modules/FindPython/Support.cmake(1618):  list(APPEND _Python3_PYPY_LIB_NAMES libpypy3-c )
C:/Program Files/CMake/share/cmake-3.30/Modules/FindPython/Support.cmake(1620):  set(_Python3_PYPY_INCLUDE_PATH_SUFFIXES lib/pypy3/include pypy3/include )
C:/Program Files/CMake/share/cmake-3.30/Modules/FindPython/Support.cmake(1630):  list(APPEND _Python3_PYPY_INCLUDE_PATH_SUFFIXES libexec/include )
C:/Program Files/CMake/share/cmake-3.30/Modules/FindPython/Support.cmake(1631):  set(_Python3_PYPY_EXECUTABLE_PATH_SUFFIXES bin )
C:/Program Files/CMake/share/cmake-3.30/Modules/FindPython/Support.cmake(1632):  set(_Python3_PYPY_LIBRARY_PATH_SUFFIXES lib libs bin )
C:/Program Files/CMake/share/cmake-3.30/Modules/FindPython/Support.cmake(1633):  list(APPEND _Python3_PYPY_INCLUDE_PATH_SUFFIXES include )
C:/Program Files/CMake/share/cmake-3.30/Modules/FindPython/Support.cmake(1636):  unset(_Python3_FIND_IMPLEMENTATIONS )
C:/Program Files/CMake/share/cmake-3.30/Modules/FindPython/Support.cmake(1637):  if(DEFINED Python3_FIND_IMPLEMENTATIONS )
C:/Program Files/CMake/share/cmake-3.30/Modules/FindPython/Support.cmake(1645):  else()
C:/Program Files/CMake/share/cmake-3.30/Modules/FindPython/Support.cmake(1646):  if(WIN32 )
C:/Program Files/CMake/share/cmake-3.30/Modules/FindPython/Support.cmake(1647):  set(_Python3_FIND_IMPLEMENTATIONS CPython IronPython )
C:/Program Files/CMake/share/cmake-3.30/Modules/FindPython/Support.cmake(1654):  unset(_Python3_INCLUDE_NAMES )
C:/Program Files/CMake/share/cmake-3.30/Modules/FindPython/Support.cmake(1655):  foreach(_Python3_IMPLEMENTATION IN LISTS _Python3_FIND_IMPLEMENTATIONS )
C:/Program Files/CMake/share/cmake-3.30/Modules/FindPython/Support.cmake(1656):  if(_Python3_IMPLEMENTATION STREQUAL CPython )
C:/Program Files/CMake/share/cmake-3.30/Modules/FindPython/Support.cmake(1657):  list(APPEND _Python3_INCLUDE_NAMES Python.h )
C:/Program Files/CMake/share/cmake-3.30/Modules/FindPython/Support.cmake(1656):  if(_Python3_IMPLEMENTATION STREQUAL CPython )
C:/Program Files/CMake/share/cmake-3.30/Modules/FindPython/Support.cmake(1658):  elseif(_Python3_IMPLEMENTATION STREQUAL PyPy )
C:/Program Files/CMake/share/cmake-3.30/Modules/FindPython/Support.cmake(1665):  _python_find_frameworks()
C:/Program Files/CMake/share/cmake-3.30/Modules/FindPython/Support.cmake(115):  if(CMAKE_HOST_APPLE OR APPLE )
C:/Program Files/CMake/share/cmake-3.30/Modules/FindPython/Support.cmake(1667):  set(_Python3_FIND_FRAMEWORK FIRST )
C:/Program Files/CMake/share/cmake-3.30/Modules/FindPython/Support.cmake(1669):  if(DEFINED Python3_FIND_FRAMEWORK )
C:/Program Files/CMake/share/cmake-3.30/Modules/FindPython/Support.cmake(1675):  elseif(DEFINED CMAKE_FIND_FRAMEWORK )
C:/Program Files/CMake/share/cmake-3.30/Modules/FindPython/Support.cmake(1686):  if(DEFINED CMAKE_FIND_APPBUNDLE )
C:/Program Files/CMake/share/cmake-3.30/Modules/FindPython/Support.cmake(1688):  else()
C:/Program Files/CMake/share/cmake-3.30/Modules/FindPython/Support.cmake(1689):  unset(_Python3_CMAKE_FIND_APPBUNDLE )
C:/Program Files/CMake/share/cmake-3.30/Modules/FindPython/Support.cmake(1692):  set(CMAKE_FIND_APPBUNDLE NEVER )
C:/Program Files/CMake/share/cmake-3.30/Modules/FindPython/Support.cmake(1695):  if(DEFINED CMAKE_FIND_FRAMEWORK )
C:/Program Files/CMake/share/cmake-3.30/Modules/FindPython/Support.cmake(1697):  else()
C:/Program Files/CMake/share/cmake-3.30/Modules/FindPython/Support.cmake(1698):  unset(_Python3_CMAKE_FIND_FRAMEWORK )
C:/Program Files/CMake/share/cmake-3.30/Modules/FindPython/Support.cmake(1701):  set(CMAKE_FIND_FRAMEWORK NEVER )
C:/Program Files/CMake/share/cmake-3.30/Modules/FindPython/Support.cmake(1704):  if(DEFINED Python3_FIND_REGISTRY )
C:/Program Files/CMake/share/cmake-3.30/Modules/FindPython/Support.cmake(1711):  else()
C:/Program Files/CMake/share/cmake-3.30/Modules/FindPython/Support.cmake(1712):  set(_Python3_FIND_REGISTRY FIRST )
C:/Program Files/CMake/share/cmake-3.30/Modules/FindPython/Support.cmake(1716):  if(DEFINED ENV{VIRTUAL_ENV} OR DEFINED ENV{CONDA_PREFIX} )
C:/Program Files/CMake/share/cmake-3.30/Modules/FindPython/Support.cmake(1727):  else()
C:/Program Files/CMake/share/cmake-3.30/Modules/FindPython/Support.cmake(1728):  set(_Python3_FIND_VIRTUALENV STANDARD )
C:/Program Files/CMake/share/cmake-3.30/Modules/FindPython/Support.cmake(1733):  if(DEFINED Python3_FIND_UNVERSIONED_NAMES )
C:/Program Files/CMake/share/cmake-3.30/Modules/FindPython/Support.cmake(1740):  else()
C:/Program Files/CMake/share/cmake-3.30/Modules/FindPython/Support.cmake(1741):  set(_Python3_FIND_UNVERSIONED_NAMES LAST )
C:/Program Files/CMake/share/cmake-3.30/Modules/FindPython/Support.cmake(1747):  set(_Python3_SIGNATURE :CPython;IronPython:LOCATION:LAST )
C:/Program Files/CMake/share/cmake-3.30/Modules/FindPython/Support.cmake(1748):  if(NOT WIN32 )
C:/Program Files/CMake/share/cmake-3.30/Modules/FindPython/Support.cmake(1751):  if(CMAKE_HOST_APPLE )
C:/Program Files/CMake/share/cmake-3.30/Modules/FindPython/Support.cmake(1754):  if(CMAKE_HOST_WIN32 )
C:/Program Files/CMake/share/cmake-3.30/Modules/FindPython/Support.cmake(1755):  string(APPEND _Python3_SIGNATURE :FIRST )
C:/Program Files/CMake/share/cmake-3.30/Modules/FindPython/Support.cmake(1758):  function(_PYTHON_CHECK_DEVELOPMENT_SIGNATURE module )
C:/Program Files/CMake/share/cmake-3.30/Modules/FindPython/Support.cmake(1823):  function(_PYTHON_COMPUTE_DEVELOPMENT_SIGNATURE module )
C:/Program Files/CMake/share/cmake-3.30/Modules/FindPython/Support.cmake(1843):  unset(_Python3_REQUIRED_VARS )
C:/Program Files/CMake/share/cmake-3.30/Modules/FindPython/Support.cmake(1844):  unset(_Python3_CACHED_VARS )
C:/Program Files/CMake/share/cmake-3.30/Modules/FindPython/Support.cmake(1845):  unset(_Python3_Interpreter_REASON_FAILURE )
C:/Program Files/CMake/share/cmake-3.30/Modules/FindPython/Support.cmake(1846):  set(_Python3_Interpreter_REASON_FAILURE CACHE INTERNAL Interpreter reason failure )
C:/Program Files/CMake/share/cmake-3.30/Modules/FindPython/Support.cmake(1847):  unset(_Python3_Compiler_REASON_FAILURE )
C:/Program Files/CMake/share/cmake-3.30/Modules/FindPython/Support.cmake(1848):  set(_Python3_Compiler_REASON_FAILURE CACHE INTERNAL Compiler reason failure )
C:/Program Files/CMake/share/cmake-3.30/Modules/FindPython/Support.cmake(1849):  foreach(artifact IN LISTS _Python3_FIND_DEVELOPMENT_ARTIFACTS )
C:/Program Files/CMake/share/cmake-3.30/Modules/FindPython/Support.cmake(1853):  unset(_Python3_Development_REASON_FAILURE )
C:/Program Files/CMake/share/cmake-3.30/Modules/FindPython/Support.cmake(1854):  set(_Python3_Development_REASON_FAILURE CACHE INTERNAL Development reason failure )
C:/Program Files/CMake/share/cmake-3.30/Modules/FindPython/Support.cmake(1855):  unset(_Python3_NumPy_REASON_FAILURE )
C:/Program Files/CMake/share/cmake-3.30/Modules/FindPython/Support.cmake(1856):  set(_Python3_NumPy_REASON_FAILURE CACHE INTERNAL NumPy reason failure )
C:/Program Files/CMake/share/cmake-3.30/Modules/FindPython/Support.cmake(1861):  if(IronPython IN_LIST _Python3_FIND_IMPLEMENTATIONS AND NOT WIN32 )
C:/Program Files/CMake/share/cmake-3.30/Modules/FindPython/Support.cmake(1869):  if(Interpreter IN_LIST Python3_FIND_COMPONENTS )
C:/Program Files/CMake/share/cmake-3.30/Modules/FindPython/Support.cmake(1870):  list(APPEND _Python3_CACHED_VARS _Python3_EXECUTABLE _Python3_EXECUTABLE_DEBUG _Python3_INTERPRETER_PROPERTIES )
C:/Program Files/CMake/share/cmake-3.30/Modules/FindPython/Support.cmake(1873):  if(Python3_FIND_REQUIRED_Interpreter )
C:/Program Files/CMake/share/cmake-3.30/Modules/FindPython/Support.cmake(1874):  list(APPEND _Python3_REQUIRED_VARS Python3_EXECUTABLE )
C:/Program Files/CMake/share/cmake-3.30/Modules/FindPython/Support.cmake(1877):  if(DEFINED Python3_EXECUTABLE AND IS_ABSOLUTE C:/ncs/toolchains/ce3b5ff664/opt/bin/python.exe )
C:/Program Files/CMake/share/cmake-3.30/Modules/FindPython/Support.cmake(1879):  if(NOT Python3_EXECUTABLE STREQUAL _Python3_EXECUTABLE )
C:/Program Files/CMake/share/cmake-3.30/Modules/FindPython/Support.cmake(1883):  set(_Python3_EXECUTABLE C:/ncs/toolchains/ce3b5ff664/opt/bin/python.exe CACHE INTERNAL  )
C:/Program Files/CMake/share/cmake-3.30/Modules/FindPython/Support.cmake(1884):  unset(_Python3_EXECUTABLE_DEBUG CACHE )
C:/Program Files/CMake/share/cmake-3.30/Modules/FindPython/Support.cmake(1909):  if(NOT _Python3_EXECUTABLE )
C:/Program Files/CMake/share/cmake-3.30/Modules/FindPython/Support.cmake(2170):  set(Python3_EXECUTABLE C:/ncs/toolchains/ce3b5ff664/opt/bin/python.exe )
C:/Program Files/CMake/share/cmake-3.30/Modules/FindPython/Support.cmake(2171):  _python_get_launcher(_Python3_INTERPRETER_LAUNCHER INTERPRETER )
C:/Program Files/CMake/share/cmake-3.30/Modules/FindPython/Support.cmake(813):  cmake_parse_arguments(PARSE_ARGV 1 _PGL INTERPRETER;COMPILER CONFIG  )
C:/Program Files/CMake/share/cmake-3.30/Modules/FindPython/Support.cmake(815):  unset(_Python3_INTERPRETER_LAUNCHER PARENT_SCOPE )
C:/Program Files/CMake/share/cmake-3.30/Modules/FindPython/Support.cmake(817):  if(( _PGL_INTERPRETER AND NOT _Python3_EXECUTABLE ) OR ( _PGL_COMPILER AND NOT _Python3_COMPILER ) OR ( _PGL_CONFIG AND NOT _Python3_CONFIG ) )
C:/Program Files/CMake/share/cmake-3.30/Modules/FindPython/Support.cmake(823):  if(_PGL_CONFIG )
C:/Program Files/CMake/share/cmake-3.30/Modules/FindPython/Support.cmake(853):  if(IronPython IN_LIST _Python3_FIND_IMPLEMENTATIONS AND NOT SYSTEM_NAME MATCHES Windows|Linux )
C:/Program Files/CMake/share/cmake-3.30/Modules/FindPython/Support.cmake(855):  if(_PGL_INTERPRETER )
C:/Program Files/CMake/share/cmake-3.30/Modules/FindPython/Support.cmake(856):  get_filename_component(name C:/ncs/toolchains/ce3b5ff664/opt/bin/python.exe NAME )
C:/Program Files/CMake/share/cmake-3.30/Modules/FindPython/Support.cmake(857):  get_filename_component(ext C:/ncs/toolchains/ce3b5ff664/opt/bin/python.exe LAST_EXT )
C:/Program Files/CMake/share/cmake-3.30/Modules/FindPython/Support.cmake(858):  if(name IN_LIST _Python3_IRON_PYTHON_INTERPRETER_NAMES AND ext STREQUAL .exe )
C:/Program Files/CMake/share/cmake-3.30/Modules/FindPython/Support.cmake(2174):  if(_Python3_EXECUTABLE )
C:/Program Files/CMake/share/cmake-3.30/Modules/FindPython/Support.cmake(2175):  execute_process(COMMAND  C:/ncs/toolchains/ce3b5ff664/opt/bin/python.exe -c import sys; sys.stdout.write('.'.join([str(x) for x in sys.version_info[:3]])) RESULT_VARIABLE _Python3_RESULT OUTPUT_VARIABLE Python3_VERSION ERROR_QUIET OUTPUT_STRIP_TRAILING_WHITESPACE )
C:/Program Files/CMake/share/cmake-3.30/Modules/FindPython/Support.cmake(2181):  if(NOT _Python3_RESULT )
C:/Program Files/CMake/share/cmake-3.30/Modules/FindPython/Support.cmake(2182):  set(_Python3_EXECUTABLE_USABLE TRUE )
C:/Program Files/CMake/share/cmake-3.30/Modules/FindPython/Support.cmake(2191):  if(_Python3_EXECUTABLE AND _Python3_EXECUTABLE_USABLE )
C:/Program Files/CMake/share/cmake-3.30/Modules/FindPython/Support.cmake(2192):  list(LENGTH _Python3_INTERPRETER_PROPERTIES _properties_length )
C:/Program Files/CMake/share/cmake-3.30/Modules/FindPython/Support.cmake(2193):  if(NOT _properties_length EQUAL 12 )
C:/Program Files/CMake/share/cmake-3.30/Modules/FindPython/Support.cmake(2197):  unset(_properties_length )
C:/Program Files/CMake/share/cmake-3.30/Modules/FindPython/Support.cmake(2199):  if(_Python3_INTERPRETER_PROPERTIES )
C:/Program Files/CMake/share/cmake-3.30/Modules/FindPython/Support.cmake(2200):  set(Python3_Interpreter_FOUND TRUE )
C:/Program Files/CMake/share/cmake-3.30/Modules/FindPython/Support.cmake(2202):  list(GET _Python3_INTERPRETER_PROPERTIES 0 Python3_INTERPRETER_ID )
C:/Program Files/CMake/share/cmake-3.30/Modules/FindPython/Support.cmake(2204):  list(GET _Python3_INTERPRETER_PROPERTIES 1 Python3_VERSION_MAJOR )
C:/Program Files/CMake/share/cmake-3.30/Modules/FindPython/Support.cmake(2205):  list(GET _Python3_INTERPRETER_PROPERTIES 2 Python3_VERSION_MINOR )
C:/Program Files/CMake/share/cmake-3.30/Modules/FindPython/Support.cmake(2206):  list(GET _Python3_INTERPRETER_PROPERTIES 3 Python3_VERSION_PATCH )
C:/Program Files/CMake/share/cmake-3.30/Modules/FindPython/Support.cmake(2208):  list(GET _Python3_INTERPRETER_PROPERTIES 4 _Python3_ARCH )
C:/Program Files/CMake/share/cmake-3.30/Modules/FindPython/Support.cmake(2210):  list(GET _Python3_INTERPRETER_PROPERTIES 5 _Python3_ABIFLAGS )
C:/Program Files/CMake/share/cmake-3.30/Modules/FindPython/Support.cmake(2211):  list(GET _Python3_INTERPRETER_PROPERTIES 6 Python3_SOABI )
C:/Program Files/CMake/share/cmake-3.30/Modules/FindPython/Support.cmake(2212):  list(GET _Python3_INTERPRETER_PROPERTIES 7 Python3_SOSABI )
C:/Program Files/CMake/share/cmake-3.30/Modules/FindPython/Support.cmake(2214):  list(GET _Python3_INTERPRETER_PROPERTIES 8 Python3_STDLIB )
C:/Program Files/CMake/share/cmake-3.30/Modules/FindPython/Support.cmake(2215):  list(GET _Python3_INTERPRETER_PROPERTIES 9 Python3_STDARCH )
C:/Program Files/CMake/share/cmake-3.30/Modules/FindPython/Support.cmake(2216):  list(GET _Python3_INTERPRETER_PROPERTIES 10 Python3_SITELIB )
C:/Program Files/CMake/share/cmake-3.30/Modules/FindPython/Support.cmake(2217):  list(GET _Python3_INTERPRETER_PROPERTIES 11 Python3_SITEARCH )
C:/Program Files/CMake/share/cmake-3.30/Modules/FindPython/Support.cmake(2336):  if(Python3_ARTIFACTS_INTERACTIVE )
C:/Program Files/CMake/share/cmake-3.30/Modules/FindPython/Support.cmake(2340):  if(WIN32 AND _Python3_EXECUTABLE AND CPython IN_LIST _Python3_FIND_IMPLEMENTATIONS )
C:/Program Files/CMake/share/cmake-3.30/Modules/FindPython/Support.cmake(2343):  _python_get_names(_Python3_INTERPRETER_NAMES_DEBUG VERSION 3.13;3.12;3.11;3.10;3.9;3.8 IMPLEMENTATIONS CPython INTERPRETER WIN32 DEBUG )
C:/Program Files/CMake/share/cmake-3.30/Modules/FindPython/Support.cmake(371):  cmake_parse_arguments(PARSE_ARGV 1 _PGN POSIX;INTERPRETER;COMPILER;CONFIG;LIBRARY;WIN32;DEBUG  IMPLEMENTATIONS;VERSION )
C:/Program Files/CMake/share/cmake-3.30/Modules/FindPython/Support.cmake(373):  if(NOT _PGN_IMPLEMENTATIONS )
C:/Program Files/CMake/share/cmake-3.30/Modules/FindPython/Support.cmake(377):  set(names )
C:/Program Files/CMake/share/cmake-3.30/Modules/FindPython/Support.cmake(379):  foreach(implementation IN LISTS _PGN_IMPLEMENTATIONS )
C:/Program Files/CMake/share/cmake-3.30/Modules/FindPython/Support.cmake(380):  if(implementation STREQUAL CPython )
C:/Program Files/CMake/share/cmake-3.30/Modules/FindPython/Support.cmake(381):  if(_PGN_INTERPRETER AND _Python3_FIND_UNVERSIONED_NAMES STREQUAL FIRST )
C:/Program Files/CMake/share/cmake-3.30/Modules/FindPython/Support.cmake(388):  foreach(version IN LISTS _PGN_VERSION )
C:/Program Files/CMake/share/cmake-3.30/Modules/FindPython/Support.cmake(389):  if(_PGN_WIN32 )
C:/Program Files/CMake/share/cmake-3.30/Modules/FindPython/Support.cmake(390):  if(_PGN_INTERPRETER )
C:/Program Files/CMake/share/cmake-3.30/Modules/FindPython/Support.cmake(391):  set(name_version 3.13 )
C:/Program Files/CMake/share/cmake-3.30/Modules/FindPython/Support.cmake(395):  set(abi <none> )
C:/Program Files/CMake/share/cmake-3.30/Modules/FindPython/Support.cmake(396):  list(TRANSFORM abi REPLACE ^<none>$  )
C:/Program Files/CMake/share/cmake-3.30/Modules/FindPython/Support.cmake(397):  if(abi )
C:/Program Files/CMake/share/cmake-3.30/Modules/FindPython/Support.cmake(400):  else()
C:/Program Files/CMake/share/cmake-3.30/Modules/FindPython/Support.cmake(401):  set(abinames python3.13 )
C:/Program Files/CMake/share/cmake-3.30/Modules/FindPython/Support.cmake(403):  if(_PGN_DEBUG )
C:/Program Files/CMake/share/cmake-3.30/Modules/FindPython/Support.cmake(404):  list(TRANSFORM abinames APPEND _d )
C:/Program Files/CMake/share/cmake-3.30/Modules/FindPython/Support.cmake(406):  list(APPEND names python3.13_d )
C:/Program Files/CMake/share/cmake-3.30/Modules/FindPython/Support.cmake(409):  if(_PGN_POSIX )
C:/Program Files/CMake/share/cmake-3.30/Modules/FindPython/Support.cmake(389):  if(_PGN_WIN32 )
C:/Program Files/CMake/share/cmake-3.30/Modules/FindPython/Support.cmake(390):  if(_PGN_INTERPRETER )
C:/Program Files/CMake/share/cmake-3.30/Modules/FindPython/Support.cmake(391):  set(name_version 3.12 )
C:/Program Files/CMake/share/cmake-3.30/Modules/FindPython/Support.cmake(395):  set(abi <none> )
C:/Program Files/CMake/share/cmake-3.30/Modules/FindPython/Support.cmake(396):  list(TRANSFORM abi REPLACE ^<none>$  )
C:/Program Files/CMake/share/cmake-3.30/Modules/FindPython/Support.cmake(397):  if(abi )
C:/Program Files/CMake/share/cmake-3.30/Modules/FindPython/Support.cmake(400):  else()
C:/Program Files/CMake/share/cmake-3.30/Modules/FindPython/Support.cmake(401):  set(abinames python3.12 )
C:/Program Files/CMake/share/cmake-3.30/Modules/FindPython/Support.cmake(403):  if(_PGN_DEBUG )
C:/Program Files/CMake/share/cmake-3.30/Modules/FindPython/Support.cmake(404):  list(TRANSFORM abinames APPEND _d )
C:/Program Files/CMake/share/cmake-3.30/Modules/FindPython/Support.cmake(406):  list(APPEND names python3.12_d )
C:/Program Files/CMake/share/cmake-3.30/Modules/FindPython/Support.cmake(409):  if(_PGN_POSIX )
C:/Program Files/CMake/share/cmake-3.30/Modules/FindPython/Support.cmake(389):  if(_PGN_WIN32 )
C:/Program Files/CMake/share/cmake-3.30/Modules/FindPython/Support.cmake(390):  if(_PGN_INTERPRETER )
C:/Program Files/CMake/share/cmake-3.30/Modules/FindPython/Support.cmake(391):  set(name_version 3.11 )
C:/Program Files/CMake/share/cmake-3.30/Modules/FindPython/Support.cmake(395):  set(abi <none> )
C:/Program Files/CMake/share/cmake-3.30/Modules/FindPython/Support.cmake(396):  list(TRANSFORM abi REPLACE ^<none>$  )
C:/Program Files/CMake/share/cmake-3.30/Modules/FindPython/Support.cmake(397):  if(abi )
C:/Program Files/CMake/share/cmake-3.30/Modules/FindPython/Support.cmake(400):  else()
C:/Program Files/CMake/share/cmake-3.30/Modules/FindPython/Support.cmake(401):  set(abinames python3.11 )
C:/Program Files/CMake/share/cmake-3.30/Modules/FindPython/Support.cmake(403):  if(_PGN_DEBUG )
C:/Program Files/CMake/share/cmake-3.30/Modules/FindPython/Support.cmake(404):  list(TRANSFORM abinames APPEND _d )
C:/Program Files/CMake/share/cmake-3.30/Modules/FindPython/Support.cmake(406):  list(APPEND names python3.11_d )
C:/Program Files/CMake/share/cmake-3.30/Modules/FindPython/Support.cmake(409):  if(_PGN_POSIX )
C:/Program Files/CMake/share/cmake-3.30/Modules/FindPython/Support.cmake(389):  if(_PGN_WIN32 )
C:/Program Files/CMake/share/cmake-3.30/Modules/FindPython/Support.cmake(390):  if(_PGN_INTERPRETER )
C:/Program Files/CMake/share/cmake-3.30/Modules/FindPython/Support.cmake(391):  set(name_version 3.10 )
C:/Program Files/CMake/share/cmake-3.30/Modules/FindPython/Support.cmake(395):  set(abi <none> )
C:/Program Files/CMake/share/cmake-3.30/Modules/FindPython/Support.cmake(396):  list(TRANSFORM abi REPLACE ^<none>$  )
C:/Program Files/CMake/share/cmake-3.30/Modules/FindPython/Support.cmake(397):  if(abi )
C:/Program Files/CMake/share/cmake-3.30/Modules/FindPython/Support.cmake(400):  else()
C:/Program Files/CMake/share/cmake-3.30/Modules/FindPython/Support.cmake(401):  set(abinames python3.10 )
C:/Program Files/CMake/share/cmake-3.30/Modules/FindPython/Support.cmake(403):  if(_PGN_DEBUG )
C:/Program Files/CMake/share/cmake-3.30/Modules/FindPython/Support.cmake(404):  list(TRANSFORM abinames APPEND _d )
C:/Program Files/CMake/share/cmake-3.30/Modules/FindPython/Support.cmake(406):  list(APPEND names python3.10_d )
C:/Program Files/CMake/share/cmake-3.30/Modules/FindPython/Support.cmake(409):  if(_PGN_POSIX )
C:/Program Files/CMake/share/cmake-3.30/Modules/FindPython/Support.cmake(389):  if(_PGN_WIN32 )
C:/Program Files/CMake/share/cmake-3.30/Modules/FindPython/Support.cmake(390):  if(_PGN_INTERPRETER )
C:/Program Files/CMake/share/cmake-3.30/Modules/FindPython/Support.cmake(391):  set(name_version 3.9 )
C:/Program Files/CMake/share/cmake-3.30/Modules/FindPython/Support.cmake(395):  set(abi <none> )
C:/Program Files/CMake/share/cmake-3.30/Modules/FindPython/Support.cmake(396):  list(TRANSFORM abi REPLACE ^<none>$  )
C:/Program Files/CMake/share/cmake-3.30/Modules/FindPython/Support.cmake(397):  if(abi )
C:/Program Files/CMake/share/cmake-3.30/Modules/FindPython/Support.cmake(400):  else()
C:/Program Files/CMake/share/cmake-3.30/Modules/FindPython/Support.cmake(401):  set(abinames python3.9 )
C:/Program Files/CMake/share/cmake-3.30/Modules/FindPython/Support.cmake(403):  if(_PGN_DEBUG )
C:/Program Files/CMake/share/cmake-3.30/Modules/FindPython/Support.cmake(404):  list(TRANSFORM abinames APPEND _d )
C:/Program Files/CMake/share/cmake-3.30/Modules/FindPython/Support.cmake(406):  list(APPEND names python3.9_d )
C:/Program Files/CMake/share/cmake-3.30/Modules/FindPython/Support.cmake(409):  if(_PGN_POSIX )
C:/Program Files/CMake/share/cmake-3.30/Modules/FindPython/Support.cmake(389):  if(_PGN_WIN32 )
C:/Program Files/CMake/share/cmake-3.30/Modules/FindPython/Support.cmake(390):  if(_PGN_INTERPRETER )
C:/Program Files/CMake/share/cmake-3.30/Modules/FindPython/Support.cmake(391):  set(name_version 3.8 )
C:/Program Files/CMake/share/cmake-3.30/Modules/FindPython/Support.cmake(395):  set(abi <none> )
C:/Program Files/CMake/share/cmake-3.30/Modules/FindPython/Support.cmake(396):  list(TRANSFORM abi REPLACE ^<none>$  )
C:/Program Files/CMake/share/cmake-3.30/Modules/FindPython/Support.cmake(397):  if(abi )
C:/Program Files/CMake/share/cmake-3.30/Modules/FindPython/Support.cmake(400):  else()
C:/Program Files/CMake/share/cmake-3.30/Modules/FindPython/Support.cmake(401):  set(abinames python3.8 )
C:/Program Files/CMake/share/cmake-3.30/Modules/FindPython/Support.cmake(403):  if(_PGN_DEBUG )
C:/Program Files/CMake/share/cmake-3.30/Modules/FindPython/Support.cmake(404):  list(TRANSFORM abinames APPEND _d )
C:/Program Files/CMake/share/cmake-3.30/Modules/FindPython/Support.cmake(406):  list(APPEND names python3.8_d )
C:/Program Files/CMake/share/cmake-3.30/Modules/FindPython/Support.cmake(409):  if(_PGN_POSIX )
C:/Program Files/CMake/share/cmake-3.30/Modules/FindPython/Support.cmake(439):  if(_PGN_INTERPRETER AND _Python3_FIND_UNVERSIONED_NAMES STREQUAL LAST )
C:/Program Files/CMake/share/cmake-3.30/Modules/FindPython/Support.cmake(440):  if(_PGN_DEBUG )
C:/Program Files/CMake/share/cmake-3.30/Modules/FindPython/Support.cmake(441):  list(APPEND names python3_d python_d )
C:/Program Files/CMake/share/cmake-3.30/Modules/FindPython/Support.cmake(484):  set(_Python3_INTERPRETER_NAMES_DEBUG python3.13_d;python3.12_d;python3.11_d;python3.10_d;python3.9_d;python3.8_d;python3_d;python_d PARENT_SCOPE )
C:/Program Files/CMake/share/cmake-3.30/Modules/FindPython/Support.cmake(2344):  get_filename_component(_Python3_PATH C:/ncs/toolchains/ce3b5ff664/opt/bin/python.exe DIRECTORY )
C:/Program Files/CMake/share/cmake-3.30/Modules/FindPython/Support.cmake(2345):  set(_Python3_HINTS  ENV Python3_ROOT_DIR )
C:/Program Files/CMake/share/cmake-3.30/Modules/FindPython/Support.cmake(2347):  find_program(_Python3_EXECUTABLE_DEBUG NAMES python3.13_d;python3.12_d;python3.11_d;python3.10_d;python3.9_d;python3.8_d;python3_d;python_d NAMES_PER_DIR HINTS C:/ncs/toolchains/ce3b5ff664/opt/bin  NO_DEFAULT_PATH )
C:/Program Files/CMake/share/cmake-3.30/Modules/FindPython/Support.cmake(2353):  find_program(_Python3_EXECUTABLE_DEBUG NAMES python3.13_d;python3.12_d;python3.11_d;python3.10_d;python3.9_d;python3.8_d;python3_d;python_d NAMES_PER_DIR NO_SYSTEM_ENVIRONMENT_PATH NO_CMAKE_SYSTEM_PATH )
C:/Program Files/CMake/share/cmake-3.30/Modules/FindPython/Support.cmake(2359):  set(Python3_EXECUTABLE_DEBUG _Python3_EXECUTABLE_DEBUG-NOTFOUND )
C:/Program Files/CMake/share/cmake-3.30/Modules/FindPython/Support.cmake(2360):  set(Python3_INTERPRETER $<IF:$<AND:$<CONFIG:Debug>,$<BOOL:1>,$<BOOL:_Python3_EXECUTABLE_DEBUG-NOTFOUND>>,_Python3_EXECUTABLE_DEBUG-NOTFOUND,C:/ncs/toolchains/ce3b5ff664/opt/bin/python.exe> )
C:/Program Files/CMake/share/cmake-3.30/Modules/FindPython/Support.cmake(2362):  _python_mark_as_internal(_Python3_EXECUTABLE _Python3_EXECUTABLE_DEBUG _Python3_INTERPRETER_PROPERTIES _Python3_INTERPRETER_SIGNATURE )
C:/Program Files/CMake/share/cmake-3.30/Modules/FindPython/Support.cmake(75):  foreach(var IN LISTS ARGV )
C:/Program Files/CMake/share/cmake-3.30/Modules/FindPython/Support.cmake(76):  if(DEFINED CACHE{_Python3_EXECUTABLE} )
C:/Program Files/CMake/share/cmake-3.30/Modules/FindPython/Support.cmake(77):  set_property(CACHE _Python3_EXECUTABLE PROPERTY TYPE INTERNAL )
C:/Program Files/CMake/share/cmake-3.30/Modules/FindPython/Support.cmake(76):  if(DEFINED CACHE{_Python3_EXECUTABLE_DEBUG} )
C:/Program Files/CMake/share/cmake-3.30/Modules/FindPython/Support.cmake(77):  set_property(CACHE _Python3_EXECUTABLE_DEBUG PROPERTY TYPE INTERNAL )
C:/Program Files/CMake/share/cmake-3.30/Modules/FindPython/Support.cmake(76):  if(DEFINED CACHE{_Python3_INTERPRETER_PROPERTIES} )
C:/Program Files/CMake/share/cmake-3.30/Modules/FindPython/Support.cmake(77):  set_property(CACHE _Python3_INTERPRETER_PROPERTIES PROPERTY TYPE INTERNAL )
C:/Program Files/CMake/share/cmake-3.30/Modules/FindPython/Support.cmake(76):  if(DEFINED CACHE{_Python3_INTERPRETER_SIGNATURE} )
C:/Program Files/CMake/share/cmake-3.30/Modules/FindPython/Support.cmake(77):  set_property(CACHE _Python3_INTERPRETER_SIGNATURE PROPERTY TYPE INTERNAL )
C:/Program Files/CMake/share/cmake-3.30/Modules/FindPython/Support.cmake(2370):  if(Compiler IN_LIST Python3_FIND_COMPONENTS )
C:/Program Files/CMake/share/cmake-3.30/Modules/FindPython/Support.cmake(2724):  if(Python3_FIND_REQUIRED_Development.Module )
C:/Program Files/CMake/share/cmake-3.30/Modules/FindPython/Support.cmake(2732):  if(Python3_FIND_REQUIRED_Development.SABIModule )
C:/Program Files/CMake/share/cmake-3.30/Modules/FindPython/Support.cmake(2740):  if(Python3_FIND_REQUIRED_Development.Embed )
C:/Program Files/CMake/share/cmake-3.30/Modules/FindPython/Support.cmake(2748):  list(REMOVE_DUPLICATES _Python3_REQUIRED_VARS )
C:/Program Files/CMake/share/cmake-3.30/Modules/FindPython/Support.cmake(2750):  if(( Development.Module IN_LIST Python3_FIND_COMPONENTS OR Development.SABIModule IN_LIST Python3_FIND_COMPONENTS OR Development.Embed IN_LIST Python3_FIND_COMPONENTS ) AND ( ( Python3_Interpreter_FOUND AND NOT Python3_INTERPRETER_ID STREQUAL IronPython ) OR NOT Python3_Interpreter_FOUND ) )
C:/Program Files/CMake/share/cmake-3.30/Modules/FindPython/Support.cmake(3885):  if(Python3_FIND_REQUIRED_NumPy )
C:/Program Files/CMake/share/cmake-3.30/Modules/FindPython/Support.cmake(3888):  if(NumPy IN_LIST Python3_FIND_COMPONENTS AND Python3_Interpreter_FOUND )
C:/Program Files/CMake/share/cmake-3.30/Modules/FindPython/Support.cmake(3978):  if(Python3_VERSION_MAJOR AND NOT Python3_VERSION_MAJOR VERSION_EQUAL _Python3_REQUIRED_VERSION_MAJOR )
C:/Program Files/CMake/share/cmake-3.30/Modules/FindPython/Support.cmake(3986):  unset(_Python3_REASON_FAILURE )
C:/Program Files/CMake/share/cmake-3.30/Modules/FindPython/Support.cmake(3987):  foreach(_Python3_COMPONENT IN ITEMS Interpreter Compiler Development NumPy )
C:/Program Files/CMake/share/cmake-3.30/Modules/FindPython/Support.cmake(3988):  if(_Python3_COMPONENT STREQUAL Development )
C:/Program Files/CMake/share/cmake-3.30/Modules/FindPython/Support.cmake(3995):  if(_Python3_Interpreter_REASON_FAILURE )
C:/Program Files/CMake/share/cmake-3.30/Modules/FindPython/Support.cmake(3988):  if(_Python3_COMPONENT STREQUAL Development )
C:/Program Files/CMake/share/cmake-3.30/Modules/FindPython/Support.cmake(3995):  if(_Python3_Compiler_REASON_FAILURE )
C:/Program Files/CMake/share/cmake-3.30/Modules/FindPython/Support.cmake(3988):  if(_Python3_COMPONENT STREQUAL Development )
C:/Program Files/CMake/share/cmake-3.30/Modules/FindPython/Support.cmake(3989):  foreach(artifact IN LISTS _Python3_FIND_DEVELOPMENT_ARTIFACTS )
C:/Program Files/CMake/share/cmake-3.30/Modules/FindPython/Support.cmake(3995):  if(_Python3_Development_REASON_FAILURE )
C:/Program Files/CMake/share/cmake-3.30/Modules/FindPython/Support.cmake(3988):  if(_Python3_COMPONENT STREQUAL Development )
C:/Program Files/CMake/share/cmake-3.30/Modules/FindPython/Support.cmake(3995):  if(_Python3_NumPy_REASON_FAILURE )
C:/Program Files/CMake/share/cmake-3.30/Modules/FindPython/Support.cmake(4001):  find_package_handle_standard_args(Python3 REQUIRED_VARS Python3_EXECUTABLE VERSION_VAR Python3_VERSION HANDLE_VERSION_RANGE HANDLE_COMPONENTS REASON_FAILURE_MESSAGE  )
C:/Program Files/CMake/share/cmake-3.30/Modules/FindPackageHandleStandardArgs.cmake(381):  set(options CONFIG_MODE HANDLE_COMPONENTS NAME_MISMATCHED HANDLE_VERSION_RANGE )
C:/Program Files/CMake/share/cmake-3.30/Modules/FindPackageHandleStandardArgs.cmake(382):  set(oneValueArgs FAIL_MESSAGE REASON_FAILURE_MESSAGE VERSION_VAR FOUND_VAR )
C:/Program Files/CMake/share/cmake-3.30/Modules/FindPackageHandleStandardArgs.cmake(383):  set(multiValueArgs REQUIRED_VARS )
C:/Program Files/CMake/share/cmake-3.30/Modules/FindPackageHandleStandardArgs.cmake(386):  set(_KEYWORDS_FOR_EXTENDED_MODE CONFIG_MODE;HANDLE_COMPONENTS;NAME_MISMATCHED;HANDLE_VERSION_RANGE FAIL_MESSAGE;REASON_FAILURE_MESSAGE;VERSION_VAR;FOUND_VAR REQUIRED_VARS )
C:/Program Files/CMake/share/cmake-3.30/Modules/FindPackageHandleStandardArgs.cmake(387):  list(FIND _KEYWORDS_FOR_EXTENDED_MODE REQUIRED_VARS INDEX )
C:/Program Files/CMake/share/cmake-3.30/Modules/FindPackageHandleStandardArgs.cmake(389):  unset(FPHSA_NAME_MISMATCHED_override )
C:/Program Files/CMake/share/cmake-3.30/Modules/FindPackageHandleStandardArgs.cmake(390):  if(DEFINED FPHSA_NAME_MISMATCHED )
C:/Program Files/CMake/share/cmake-3.30/Modules/FindPackageHandleStandardArgs.cmake(406):  if(8 EQUAL -1 )
C:/Program Files/CMake/share/cmake-3.30/Modules/FindPackageHandleStandardArgs.cmake(410):  else()
C:/Program Files/CMake/share/cmake-3.30/Modules/FindPackageHandleStandardArgs.cmake(411):  cmake_parse_arguments(FPHSA CONFIG_MODE;HANDLE_COMPONENTS;NAME_MISMATCHED;HANDLE_VERSION_RANGE FAIL_MESSAGE;REASON_FAILURE_MESSAGE;VERSION_VAR;FOUND_VAR REQUIRED_VARS REQUIRED_VARS Python3_EXECUTABLE;VERSION_VAR;Python3_VERSION;HANDLE_VERSION_RANGE;HANDLE_COMPONENTS;REASON_FAILURE_MESSAGE; )
C:/Program Files/CMake/share/cmake-3.30/Modules/FindPackageHandleStandardArgs.cmake(413):  if(FPHSA_UNPARSED_ARGUMENTS )
C:/Program Files/CMake/share/cmake-3.30/Modules/FindPackageHandleStandardArgs.cmake(417):  if(NOT FPHSA_FAIL_MESSAGE )
C:/Program Files/CMake/share/cmake-3.30/Modules/FindPackageHandleStandardArgs.cmake(418):  set(FPHSA_FAIL_MESSAGE DEFAULT_MSG )
C:/Program Files/CMake/share/cmake-3.30/Modules/FindPackageHandleStandardArgs.cmake(423):  if(FPHSA_CONFIG_MODE )
C:/Program Files/CMake/share/cmake-3.30/Modules/FindPackageHandleStandardArgs.cmake(429):  if(NOT FPHSA_REQUIRED_VARS AND NOT FPHSA_HANDLE_COMPONENTS )
C:/Program Files/CMake/share/cmake-3.30/Modules/FindPackageHandleStandardArgs.cmake(434):  if(DEFINED FPHSA_NAME_MISMATCHED_override )
C:/Program Files/CMake/share/cmake-3.30/Modules/FindPackageHandleStandardArgs.cmake(438):  if(DEFINED CMAKE_FIND_PACKAGE_NAME AND NOT FPHSA_NAME_MISMATCHED AND NOT _NAME STREQUAL CMAKE_FIND_PACKAGE_NAME )
C:/Program Files/CMake/share/cmake-3.30/Modules/FindPackageHandleStandardArgs.cmake(449):  if(Python3_FIND_VERSION_RANGE AND NOT FPHSA_HANDLE_VERSION_RANGE )
C:/Program Files/CMake/share/cmake-3.30/Modules/FindPackageHandleStandardArgs.cmake(457):  set(_CMAKE_FPHSA_PACKAGE_NAME Python3 )
C:/Program Files/CMake/share/cmake-3.30/Modules/FindPackageHandleStandardArgs.cmake(461):  if(xDEFAULT_MSG STREQUAL xDEFAULT_MSG )
C:/Program Files/CMake/share/cmake-3.30/Modules/FindPackageHandleStandardArgs.cmake(462):  set(FPHSA_FAIL_MESSAGE Could NOT find Python3 )
C:/Program Files/CMake/share/cmake-3.30/Modules/FindPackageHandleStandardArgs.cmake(465):  if(FPHSA_REQUIRED_VARS )
C:/Program Files/CMake/share/cmake-3.30/Modules/FindPackageHandleStandardArgs.cmake(466):  list(GET FPHSA_REQUIRED_VARS 0 _FIRST_REQUIRED_VAR )
C:/Program Files/CMake/share/cmake-3.30/Modules/FindPackageHandleStandardArgs.cmake(469):  string(TOUPPER Python3 _NAME_UPPER )
C:/Program Files/CMake/share/cmake-3.30/Modules/FindPackageHandleStandardArgs.cmake(470):  string(TOLOWER Python3 _NAME_LOWER )
C:/Program Files/CMake/share/cmake-3.30/Modules/FindPackageHandleStandardArgs.cmake(472):  if(FPHSA_FOUND_VAR )
C:/Program Files/CMake/share/cmake-3.30/Modules/FindPackageHandleStandardArgs.cmake(480):  else()
C:/Program Files/CMake/share/cmake-3.30/Modules/FindPackageHandleStandardArgs.cmake(481):  set(_FOUND_VAR PYTHON3_FOUND )
C:/Program Files/CMake/share/cmake-3.30/Modules/FindPackageHandleStandardArgs.cmake(486):  set(MISSING_VARS  )
C:/Program Files/CMake/share/cmake-3.30/Modules/FindPackageHandleStandardArgs.cmake(487):  set(DETAILS  )
C:/Program Files/CMake/share/cmake-3.30/Modules/FindPackageHandleStandardArgs.cmake(489):  set(FPHSA_FOUND_Python3 TRUE )
C:/Program Files/CMake/share/cmake-3.30/Modules/FindPackageHandleStandardArgs.cmake(490):  foreach(_CURRENT_VAR Python3_EXECUTABLE )
C:/Program Files/CMake/share/cmake-3.30/Modules/FindPackageHandleStandardArgs.cmake(491):  if(NOT Python3_EXECUTABLE )
C:/Program Files/CMake/share/cmake-3.30/Modules/FindPackageHandleStandardArgs.cmake(494):  else()
C:/Program Files/CMake/share/cmake-3.30/Modules/FindPackageHandleStandardArgs.cmake(495):  string(APPEND DETAILS [C:/ncs/toolchains/ce3b5ff664/opt/bin/python.exe] )
C:/Program Files/CMake/share/cmake-3.30/Modules/FindPackageHandleStandardArgs.cmake(498):  if(FPHSA_FOUND_Python3 )
C:/Program Files/CMake/share/cmake-3.30/Modules/FindPackageHandleStandardArgs.cmake(499):  set(Python3_FOUND TRUE )
C:/Program Files/CMake/share/cmake-3.30/Modules/FindPackageHandleStandardArgs.cmake(500):  set(PYTHON3_FOUND TRUE )
C:/Program Files/CMake/share/cmake-3.30/Modules/FindPackageHandleStandardArgs.cmake(507):  unset(FOUND_COMPONENTS_MSG )
C:/Program Files/CMake/share/cmake-3.30/Modules/FindPackageHandleStandardArgs.cmake(508):  unset(MISSING_COMPONENTS_MSG )
C:/Program Files/CMake/share/cmake-3.30/Modules/FindPackageHandleStandardArgs.cmake(510):  if(FPHSA_HANDLE_COMPONENTS )
C:/Program Files/CMake/share/cmake-3.30/Modules/FindPackageHandleStandardArgs.cmake(511):  foreach(comp Interpreter )
C:/Program Files/CMake/share/cmake-3.30/Modules/FindPackageHandleStandardArgs.cmake(512):  if(Python3_Interpreter_FOUND )
C:/Program Files/CMake/share/cmake-3.30/Modules/FindPackageHandleStandardArgs.cmake(514):  if(NOT DEFINED FOUND_COMPONENTS_MSG )
C:/Program Files/CMake/share/cmake-3.30/Modules/FindPackageHandleStandardArgs.cmake(515):  set(FOUND_COMPONENTS_MSG found components: )
C:/Program Files/CMake/share/cmake-3.30/Modules/FindPackageHandleStandardArgs.cmake(517):  string(APPEND FOUND_COMPONENTS_MSG  Interpreter )
C:/Program Files/CMake/share/cmake-3.30/Modules/FindPackageHandleStandardArgs.cmake(533):  set(COMPONENT_MSG found components: Interpreter  )
C:/Program Files/CMake/share/cmake-3.30/Modules/FindPackageHandleStandardArgs.cmake(534):  string(APPEND DETAILS [cfound components: Interpreter ] )
C:/Program Files/CMake/share/cmake-3.30/Modules/FindPackageHandleStandardArgs.cmake(538):  set(VERSION_MSG  )
C:/Program Files/CMake/share/cmake-3.30/Modules/FindPackageHandleStandardArgs.cmake(539):  set(VERSION_OK TRUE )
C:/Program Files/CMake/share/cmake-3.30/Modules/FindPackageHandleStandardArgs.cmake(543):  if(DEFINED Python3_FIND_VERSION )
C:/Program Files/CMake/share/cmake-3.30/Modules/FindPackageHandleStandardArgs.cmake(544):  if(DEFINED Python3_VERSION )
C:/Program Files/CMake/share/cmake-3.30/Modules/FindPackageHandleStandardArgs.cmake(545):  if(NOT 3.9.13 STREQUAL  )
C:/Program Files/CMake/share/cmake-3.30/Modules/FindPackageHandleStandardArgs.cmake(546):  set(_FOUND_VERSION 3.9.13 )
C:/Program Files/CMake/share/cmake-3.30/Modules/FindPackageHandleStandardArgs.cmake(547):  if(FPHSA_HANDLE_VERSION_RANGE )
C:/Program Files/CMake/share/cmake-3.30/Modules/FindPackageHandleStandardArgs.cmake(548):  set(FPCV_HANDLE_VERSION_RANGE HANDLE_VERSION_RANGE )
C:/Program Files/CMake/share/cmake-3.30/Modules/FindPackageHandleStandardArgs.cmake(552):  find_package_check_version(3.9.13 VERSION_OK RESULT_MESSAGE_VARIABLE VERSION_MSG HANDLE_VERSION_RANGE )
C:/Program Files/CMake/share/cmake-3.30/Modules/FindPackageHandleStandardArgs.cmake(279):  cmake_parse_arguments(PARSE_ARGV 2 FPCV HANDLE_VERSION_RANGE;NO_AUTHOR_WARNING_VERSION_RANGE RESULT_MESSAGE_VARIABLE  )
C:/Program Files/CMake/share/cmake-3.30/Modules/FindPackageHandleStandardArgs.cmake(281):  if(FPCV_UNPARSED_ARGUMENTS )
C:/Program Files/CMake/share/cmake-3.30/Modules/FindPackageHandleStandardArgs.cmake(284):  if(RESULT_MESSAGE_VARIABLE IN_LIST FPCV_KEYWORDS_MISSING_VALUES )
C:/Program Files/CMake/share/cmake-3.30/Modules/FindPackageHandleStandardArgs.cmake(288):  set(VERSION_OK FALSE PARENT_SCOPE )
C:/Program Files/CMake/share/cmake-3.30/Modules/FindPackageHandleStandardArgs.cmake(289):  if(FPCV_RESULT_MESSAGE_VARIABLE )
C:/Program Files/CMake/share/cmake-3.30/Modules/FindPackageHandleStandardArgs.cmake(290):  unset(VERSION_MSG PARENT_SCOPE )
C:/Program Files/CMake/share/cmake-3.30/Modules/FindPackageHandleStandardArgs.cmake(293):  if(_CMAKE_FPHSA_PACKAGE_NAME )
C:/Program Files/CMake/share/cmake-3.30/Modules/FindPackageHandleStandardArgs.cmake(294):  set(package Python3 )
C:/Program Files/CMake/share/cmake-3.30/Modules/FindPackageHandleStandardArgs.cmake(301):  if(NOT FPCV_NO_AUTHOR_WARNING_VERSION_RANGE AND Python3_FIND_VERSION_RANGE AND NOT FPCV_HANDLE_VERSION_RANGE )
C:/Program Files/CMake/share/cmake-3.30/Modules/FindPackageHandleStandardArgs.cmake(310):  set(version_ok FALSE )
C:/Program Files/CMake/share/cmake-3.30/Modules/FindPackageHandleStandardArgs.cmake(311):  unset(version_msg )
C:/Program Files/CMake/share/cmake-3.30/Modules/FindPackageHandleStandardArgs.cmake(313):  if(FPCV_HANDLE_VERSION_RANGE AND Python3_FIND_VERSION_RANGE )
C:/Program Files/CMake/share/cmake-3.30/Modules/FindPackageHandleStandardArgs.cmake(325):  elseif(DEFINED Python3_FIND_VERSION )
C:/Program Files/CMake/share/cmake-3.30/Modules/FindPackageHandleStandardArgs.cmake(326):  if(Python3_FIND_VERSION_EXACT )
C:/Program Files/CMake/share/cmake-3.30/Modules/FindPackageHandleStandardArgs.cmake(358):  else()
C:/Program Files/CMake/share/cmake-3.30/Modules/FindPackageHandleStandardArgs.cmake(359):  if(Python3_FIND_VERSION VERSION_GREATER version )
C:/Program Files/CMake/share/cmake-3.30/Modules/FindPackageHandleStandardArgs.cmake(361):  else()
C:/Program Files/CMake/share/cmake-3.30/Modules/FindPackageHandleStandardArgs.cmake(362):  set(version_ok TRUE )
C:/Program Files/CMake/share/cmake-3.30/Modules/FindPackageHandleStandardArgs.cmake(363):  set(version_msg (found suitable version "3.9.13", minimum required is "3.8") )
C:/Program Files/CMake/share/cmake-3.30/Modules/FindPackageHandleStandardArgs.cmake(371):  set(VERSION_OK TRUE PARENT_SCOPE )
C:/Program Files/CMake/share/cmake-3.30/Modules/FindPackageHandleStandardArgs.cmake(372):  if(FPCV_RESULT_MESSAGE_VARIABLE )
C:/Program Files/CMake/share/cmake-3.30/Modules/FindPackageHandleStandardArgs.cmake(373):  set(VERSION_MSG (found suitable version "3.9.13", minimum required is "3.8") PARENT_SCOPE )
C:/Program Files/CMake/share/cmake-3.30/Modules/FindPackageHandleStandardArgs.cmake(558):  if(3.9.13 STREQUAL  )
C:/Program Files/CMake/share/cmake-3.30/Modules/FindPackageHandleStandardArgs.cmake(575):  if(VERSION_OK )
C:/Program Files/CMake/share/cmake-3.30/Modules/FindPackageHandleStandardArgs.cmake(576):  string(APPEND DETAILS [v3.9.13(3.8)] )
C:/Program Files/CMake/share/cmake-3.30/Modules/FindPackageHandleStandardArgs.cmake(583):  if(Python3_FOUND )
C:/Program Files/CMake/share/cmake-3.30/Modules/FindPackageHandleStandardArgs.cmake(584):  FIND_PACKAGE_MESSAGE(Python3 Found Python3: C:/ncs/toolchains/ce3b5ff664/opt/bin/python.exe (found suitable version "3.9.13", minimum required is "3.8") found components: Interpreter  [C:/ncs/toolchains/ce3b5ff664/opt/bin/python.exe][cfound components: Interpreter ][v3.9.13(3.8)] )
C:/Program Files/CMake/share/cmake-3.30/Modules/FindPackageMessage.cmake(35):  if(NOT Python3_FIND_QUIETLY )
C:/Program Files/CMake/share/cmake-3.30/Modules/FindPackageMessage.cmake(36):  string(REPLACE 
  details [C:/ncs/toolchains/ce3b5ff664/opt/bin/python.exe][cfound components: Interpreter ][v3.9.13(3.8)] )
C:/Program Files/CMake/share/cmake-3.30/Modules/FindPackageMessage.cmake(37):  set(DETAILS_VAR FIND_PACKAGE_MESSAGE_DETAILS_Python3 )
C:/Program Files/CMake/share/cmake-3.30/Modules/FindPackageMessage.cmake(38):  if(NOT [C:/ncs/toolchains/ce3b5ff664/opt/bin/python.exe][cfound components: Interpreter ][v3.9.13(3.8)] STREQUAL [C:/ncs/toolchains/ce3b5ff664/opt/bin/python.exe][cfound components: Interpreter ][v3.9.13(3.8)] )
C:/Program Files/CMake/share/cmake-3.30/Modules/FindPackageHandleStandardArgs.cmake(609):  set(Python3_FOUND TRUE PARENT_SCOPE )
C:/Program Files/CMake/share/cmake-3.30/Modules/FindPackageHandleStandardArgs.cmake(610):  set(PYTHON3_FOUND TRUE PARENT_SCOPE )
C:/Program Files/CMake/share/cmake-3.30/Modules/FindPython/Support.cmake(4009):  if(_Python3_CMAKE_ROLE STREQUAL PROJECT )
C:/Program Files/CMake/share/cmake-3.30/Modules/FindPython/Support.cmake(4010):  if(Interpreter IN_LIST Python3_FIND_COMPONENTS AND Python3_Interpreter_FOUND )
C:/Program Files/CMake/share/cmake-3.30/Modules/FindPython/Support.cmake(4012):  if(NOT TARGET Python3::Interpreter )
C:/Program Files/CMake/share/cmake-3.30/Modules/FindPython/Support.cmake(4013):  add_executable(Python3::Interpreter IMPORTED )
C:/Program Files/CMake/share/cmake-3.30/Modules/FindPython/Support.cmake(4014):  set_property(TARGET Python3::Interpreter PROPERTY IMPORTED_LOCATION C:/ncs/toolchains/ce3b5ff664/opt/bin/python.exe )
C:/Program Files/CMake/share/cmake-3.30/Modules/FindPython/Support.cmake(4017):  if(Python3_EXECUTABLE_DEBUG AND NOT TARGET Python3::InterpreterDebug )
C:/Program Files/CMake/share/cmake-3.30/Modules/FindPython/Support.cmake(4022):  if(NOT TARGET Python3::InterpreterMultiConfig )
C:/Program Files/CMake/share/cmake-3.30/Modules/FindPython/Support.cmake(4023):  add_executable(Python3::InterpreterMultiConfig IMPORTED )
C:/Program Files/CMake/share/cmake-3.30/Modules/FindPython/Support.cmake(4024):  set_property(TARGET Python3::InterpreterMultiConfig PROPERTY IMPORTED_LOCATION C:/ncs/toolchains/ce3b5ff664/opt/bin/python.exe )
C:/Program Files/CMake/share/cmake-3.30/Modules/FindPython/Support.cmake(4026):  if(Python3_EXECUTABLE_DEBUG )
C:/Program Files/CMake/share/cmake-3.30/Modules/FindPython/Support.cmake(4034):  if(Compiler IN_LIST Python3_FIND_COMPONENTS AND Python3_Compiler_FOUND AND NOT TARGET Python3::Compiler )
C:/Program Files/CMake/share/cmake-3.30/Modules/FindPython/Support.cmake(4042):  if(( Development.Module IN_LIST Python3_FIND_COMPONENTS AND Python3_Development.Module_FOUND ) OR ( Development.SABIModule IN_LIST Python3_FIND_COMPONENTS AND Python3_Development.SABIModule_FOUND ) OR ( Development.Embed IN_LIST Python3_FIND_COMPONENTS AND Python3_Development.Embed_FOUND ) )
C:/Program Files/CMake/share/cmake-3.30/Modules/FindPython/Support.cmake(4284):  if(NumPy IN_LIST Python3_FIND_COMPONENTS AND Python3_NumPy_FOUND AND NOT TARGET Python3::NumPy AND TARGET Python3::Module )
C:/Program Files/CMake/share/cmake-3.30/Modules/FindPython/Support.cmake(4296):  if(DEFINED _Python3_CMAKE_FIND_APPBUNDLE )
C:/Program Files/CMake/share/cmake-3.30/Modules/FindPython/Support.cmake(4299):  else()
C:/Program Files/CMake/share/cmake-3.30/Modules/FindPython/Support.cmake(4300):  unset(CMAKE_FIND_APPBUNDLE )
C:/Program Files/CMake/share/cmake-3.30/Modules/FindPython/Support.cmake(4303):  if(DEFINED _Python3_CMAKE_FIND_FRAMEWORK )
C:/Program Files/CMake/share/cmake-3.30/Modules/FindPython/Support.cmake(4306):  else()
C:/Program Files/CMake/share/cmake-3.30/Modules/FindPython/Support.cmake(4307):  unset(CMAKE_FIND_FRAMEWORK )
C:/Program Files/CMake/share/cmake-3.30/Modules/FindPython/Support.cmake(4310):  cmake_policy(POP )
C:/Program Files/CMake/share/cmake-3.30/Modules/FindPython3.cmake(604):  if(COMMAND __Python3_add_library )
C:/Program Files/CMake/share/cmake-3.30/Modules/FindPython3.cmake(610):  unset(_PYTHON_PREFIX )
C:/ncs/v2.7.0/zephyr/cmake/modules/python.cmake(46):  set(PYTHON_EXECUTABLE C:/ncs/toolchains/ce3b5ff664/opt/bin/python.exe )
C:/ncs/v2.7.0/zephyr/cmake/modules/zephyr_default.cmake(134):  list(REMOVE_ITEM SUB_COMPONENTS python )
C:/ncs/v2.7.0/zephyr/cmake/modules/zephyr_default.cmake(135):  if(DEFINED SUB_COMPONENTS AND NOT SUB_COMPONENTS )
C:/ncs/v2.7.0/zephyr/cmake/modules/zephyr_default.cmake(130):  string(CONFIGURE user_cache module )
C:/ncs/v2.7.0/zephyr/cmake/modules/zephyr_default.cmake(131):  string(CONFIGURE user_cache module )
C:/ncs/v2.7.0/zephyr/cmake/modules/zephyr_default.cmake(132):  include(user_cache )
C:/ncs/v2.7.0/zephyr/cmake/modules/user_cache.cmake(28):  include_guard(GLOBAL )
C:/ncs/v2.7.0/zephyr/cmake/modules/user_cache.cmake(30):  include(python )
C:/ncs/v2.7.0/zephyr/cmake/modules/python.cmake(3):  include_guard(GLOBAL )
C:/ncs/v2.7.0/zephyr/cmake/modules/user_cache.cmake(32):  function(find_appropriate_cache_directory dir )
C:/ncs/v2.7.0/zephyr/cmake/modules/user_cache.cmake(95):  if(NOT DEFINED USER_CACHE_DIR )
C:/ncs/v2.7.0/zephyr/cmake/modules/user_cache.cmake(96):  find_appropriate_cache_directory(USER_CACHE_DIR )
C:/ncs/v2.7.0/zephyr/cmake/modules/user_cache.cmake(33):  set(env_suffix_LOCALAPPDATA .cache )
C:/ncs/v2.7.0/zephyr/cmake/modules/user_cache.cmake(35):  if(CMAKE_HOST_APPLE )
C:/ncs/v2.7.0/zephyr/cmake/modules/user_cache.cmake(38):  else()
C:/ncs/v2.7.0/zephyr/cmake/modules/user_cache.cmake(39):  set(env_suffix_HOME .cache )
C:/ncs/v2.7.0/zephyr/cmake/modules/user_cache.cmake(43):  if(CMAKE_HOST_APPLE )
C:/ncs/v2.7.0/zephyr/cmake/modules/user_cache.cmake(45):  elseif(CMAKE_HOST_WIN32 )
C:/ncs/v2.7.0/zephyr/cmake/modules/user_cache.cmake(46):  set(dirs LOCALAPPDATA )
C:/ncs/v2.7.0/zephyr/cmake/modules/user_cache.cmake(58):  foreach(env_var LOCALAPPDATA )
C:/ncs/v2.7.0/zephyr/cmake/modules/user_cache.cmake(59):  if(DEFINED ENV{LOCALAPPDATA} )
C:/ncs/v2.7.0/zephyr/cmake/modules/user_cache.cmake(60):  set(env_dir C:\Users\lockh\AppData\Local )
C:/ncs/v2.7.0/zephyr/cmake/modules/user_cache.cmake(62):  string(JOIN / test_user_dir C:\Users\lockh\AppData\Local .cache )
C:/ncs/v2.7.0/zephyr/cmake/modules/user_cache.cmake(64):  execute_process(COMMAND C:/ncs/toolchains/ce3b5ff664/opt/bin/python.exe C:/ncs/v2.7.0/zephyr/scripts/build/dir_is_writeable.py C:\Users\lockh\AppData\Local/.cache RESULT_VARIABLE writable_result )
C:/ncs/v2.7.0/zephyr/cmake/modules/user_cache.cmake(68):  if(1 STREQUAL 0 )
C:/ncs/v2.7.0/zephyr/cmake/modules/user_cache.cmake(72):  else()
C:/ncs/v2.7.0/zephyr/cmake/modules/user_cache.cmake(82):  if(DEFINED user_dir )
C:/ncs/v2.7.0/zephyr/cmake/modules/user_cache.cmake(86):  else()
C:/ncs/v2.7.0/zephyr/cmake/modules/user_cache.cmake(87):  set(local_dir C:/ncs/v2.7.0/zephyr/.cache )
C:/ncs/v2.7.0/zephyr/cmake/modules/user_cache.cmake(90):  set(USER_CACHE_DIR C:/ncs/v2.7.0/zephyr/.cache PARENT_SCOPE )
C:/ncs/v2.7.0/zephyr/cmake/modules/user_cache.cmake(98):  message(STATUS Cache files will be written to: C:/ncs/v2.7.0/zephyr/.cache )
C:/ncs/v2.7.0/zephyr/cmake/modules/zephyr_default.cmake(134):  list(REMOVE_ITEM SUB_COMPONENTS user_cache )
C:/ncs/v2.7.0/zephyr/cmake/modules/zephyr_default.cmake(135):  if(DEFINED SUB_COMPONENTS AND NOT SUB_COMPONENTS )
C:/ncs/v2.7.0/zephyr/cmake/modules/zephyr_default.cmake(130):  string(CONFIGURE extensions module )
C:/ncs/v2.7.0/zephyr/cmake/modules/zephyr_default.cmake(131):  string(CONFIGURE extensions module )
C:/ncs/v2.7.0/zephyr/cmake/modules/zephyr_default.cmake(132):  include(extensions )
C:/ncs/v2.7.0/zephyr/cmake/modules/extensions.cmake(3):  include_guard(GLOBAL )
C:/ncs/v2.7.0/zephyr/cmake/modules/extensions.cmake(5):  include(user_cache )
C:/ncs/v2.7.0/zephyr/cmake/modules/user_cache.cmake(28):  include_guard(GLOBAL )
C:/ncs/v2.7.0/zephyr/cmake/modules/extensions.cmake(8):  include(CheckCCompilerFlag )
C:/Program Files/CMake/share/cmake-3.30/Modules/CheckCCompilerFlag.cmake(47):  include_guard(GLOBAL )
C:/Program Files/CMake/share/cmake-3.30/Modules/CheckCCompilerFlag.cmake(48):  include(Internal/CheckCompilerFlag )
C:/Program Files/CMake/share/cmake-3.30/Modules/Internal/CheckCompilerFlag.cmake(4):  include_guard(GLOBAL )
C:/Program Files/CMake/share/cmake-3.30/Modules/Internal/CheckCompilerFlag.cmake(5):  include(Internal/CheckFlagCommonConfig )
C:/Program Files/CMake/share/cmake-3.30/Modules/Internal/CheckFlagCommonConfig.cmake(9):  include_guard(GLOBAL )
C:/Program Files/CMake/share/cmake-3.30/Modules/Internal/CheckFlagCommonConfig.cmake(11):  block(SCOPE_FOR POLICIES )
C:/Program Files/CMake/share/cmake-3.30/Modules/Internal/CheckFlagCommonConfig.cmake(12):  cmake_policy(SET CMP0054 NEW )
C:/Program Files/CMake/share/cmake-3.30/Modules/Internal/CheckFlagCommonConfig.cmake(13):  cmake_policy(SET CMP0057 NEW )
C:/Program Files/CMake/share/cmake-3.30/Modules/Internal/CheckFlagCommonConfig.cmake(15):  macro(CMAKE_CHECK_FLAG_COMMON_INIT _FUNC _LANG _SRC _PATTERNS )
C:/Program Files/CMake/share/cmake-3.30/Modules/Internal/CheckFlagCommonConfig.cmake(72):  macro(CMAKE_CHECK_FLAG_COMMON_FINISH )
C:/Program Files/CMake/share/cmake-3.30/Modules/Internal/CheckCompilerFlag.cmake(6):  include(Internal/CheckSourceCompiles )
C:/Program Files/CMake/share/cmake-3.30/Modules/Internal/CheckSourceCompiles.cmake(4):  include_guard(GLOBAL )
C:/Program Files/CMake/share/cmake-3.30/Modules/Internal/CheckSourceCompiles.cmake(6):  block(SCOPE_FOR POLICIES )
C:/Program Files/CMake/share/cmake-3.30/Modules/Internal/CheckSourceCompiles.cmake(7):  cmake_policy(SET CMP0054 NEW )
C:/Program Files/CMake/share/cmake-3.30/Modules/Internal/CheckSourceCompiles.cmake(8):  cmake_policy(SET CMP0057 NEW )
C:/Program Files/CMake/share/cmake-3.30/Modules/Internal/CheckSourceCompiles.cmake(10):  function(CMAKE_CHECK_SOURCE_COMPILES _lang _source _var )
C:/Program Files/CMake/share/cmake-3.30/Modules/Internal/CheckCompilerFlag.cmake(7):  include(CMakeCheckCompilerFlagCommonPatterns )
C:/Program Files/CMake/share/cmake-3.30/Modules/CMakeCheckCompilerFlagCommonPatterns.cmake(9):  macro(CHECK_COMPILER_FLAG_COMMON_PATTERNS _VAR )
C:/Program Files/CMake/share/cmake-3.30/Modules/Internal/CheckCompilerFlag.cmake(9):  function(CMAKE_CHECK_COMPILER_FLAG _lang _flag _var )
C:/Program Files/CMake/share/cmake-3.30/Modules/CheckCCompilerFlag.cmake(50):  macro(CHECK_C_COMPILER_FLAG _FLAG _RESULT )
C:/Program Files/CMake/share/cmake-3.30/Modules/CheckCCompilerFlag.cmake(56):  include(CheckCSourceCompiles )
C:/Program Files/CMake/share/cmake-3.30/Modules/CheckCSourceCompiles.cmake(48):  include_guard(GLOBAL )
C:/Program Files/CMake/share/cmake-3.30/Modules/CheckCSourceCompiles.cmake(49):  include(Internal/CheckSourceCompiles )
C:/Program Files/CMake/share/cmake-3.30/Modules/Internal/CheckSourceCompiles.cmake(4):  include_guard(GLOBAL )
C:/Program Files/CMake/share/cmake-3.30/Modules/CheckCSourceCompiles.cmake(51):  macro(CHECK_C_SOURCE_COMPILES SOURCE VAR )
C:/ncs/v2.7.0/zephyr/cmake/modules/extensions.cmake(9):  include(CheckCXXCompilerFlag )
C:/Program Files/CMake/share/cmake-3.30/Modules/CheckCXXCompilerFlag.cmake(30):  include_guard(GLOBAL )
C:/Program Files/CMake/share/cmake-3.30/Modules/CheckCXXCompilerFlag.cmake(31):  include(Internal/CheckCompilerFlag )
C:/Program Files/CMake/share/cmake-3.30/Modules/Internal/CheckCompilerFlag.cmake(4):  include_guard(GLOBAL )
C:/Program Files/CMake/share/cmake-3.30/Modules/CheckCXXCompilerFlag.cmake(33):  macro(CHECK_CXX_COMPILER_FLAG _FLAG _RESULT )
C:/Program Files/CMake/share/cmake-3.30/Modules/CheckCXXCompilerFlag.cmake(39):  include(CheckCXXSourceCompiles )
C:/Program Files/CMake/share/cmake-3.30/Modules/CheckCXXSourceCompiles.cmake(48):  include_guard(GLOBAL )
C:/Program Files/CMake/share/cmake-3.30/Modules/CheckCXXSourceCompiles.cmake(49):  include(Internal/CheckSourceCompiles )
C:/Program Files/CMake/share/cmake-3.30/Modules/Internal/CheckSourceCompiles.cmake(4):  include_guard(GLOBAL )
C:/Program Files/CMake/share/cmake-3.30/Modules/CheckCXXSourceCompiles.cmake(51):  macro(CHECK_CXX_SOURCE_COMPILES SOURCE VAR )
C:/ncs/v2.7.0/zephyr/cmake/modules/extensions.cmake(85):  function(zephyr_sources )
C:/ncs/v2.7.0/zephyr/cmake/modules/extensions.cmake(95):  function(zephyr_include_directories )
C:/ncs/v2.7.0/zephyr/cmake/modules/extensions.cmake(100):  function(zephyr_system_include_directories )
C:/ncs/v2.7.0/zephyr/cmake/modules/extensions.cmake(105):  function(zephyr_compile_definitions )
C:/ncs/v2.7.0/zephyr/cmake/modules/extensions.cmake(110):  function(zephyr_compile_options )
C:/ncs/v2.7.0/zephyr/cmake/modules/extensions.cmake(115):  function(zephyr_link_libraries )
C:/ncs/v2.7.0/zephyr/cmake/modules/extensions.cmake(119):  function(zephyr_libc_link_libraries )
C:/ncs/v2.7.0/zephyr/cmake/modules/extensions.cmake(124):  function(zephyr_cc_option )
C:/ncs/v2.7.0/zephyr/cmake/modules/extensions.cmake(130):  function(zephyr_cc_option_fallback option1 option2 )
C:/ncs/v2.7.0/zephyr/cmake/modules/extensions.cmake(134):  function(zephyr_ld_options )
C:/ncs/v2.7.0/zephyr/cmake/modules/extensions.cmake(174):  function(zephyr_get_include_directories_for_lang_as_string lang i )
C:/ncs/v2.7.0/zephyr/cmake/modules/extensions.cmake(182):  function(zephyr_get_system_include_directories_for_lang_as_string lang i )
C:/ncs/v2.7.0/zephyr/cmake/modules/extensions.cmake(190):  function(zephyr_get_compile_definitions_for_lang_as_string lang i )
C:/ncs/v2.7.0/zephyr/cmake/modules/extensions.cmake(198):  function(zephyr_get_compile_options_for_lang_as_string lang i )
C:/ncs/v2.7.0/zephyr/cmake/modules/extensions.cmake(206):  function(zephyr_get_include_directories_for_lang lang i )
C:/ncs/v2.7.0/zephyr/cmake/modules/extensions.cmake(224):  function(zephyr_get_system_include_directories_for_lang lang i )
C:/ncs/v2.7.0/zephyr/cmake/modules/extensions.cmake(237):  function(zephyr_get_compile_definitions_for_lang lang i )
C:/ncs/v2.7.0/zephyr/cmake/modules/extensions.cmake(250):  function(zephyr_get_compile_options_for_lang lang i )
C:/ncs/v2.7.0/zephyr/cmake/modules/extensions.cmake(269):  function(zephyr_get_parse_args return_dict )
C:/ncs/v2.7.0/zephyr/cmake/modules/extensions.cmake(286):  function(process_flags lang input output )
C:/ncs/v2.7.0/zephyr/cmake/modules/extensions.cmake(347):  function(convert_list_of_flags_to_string_of_flags ptr_list_of_flags string_of_flags )
C:/ncs/v2.7.0/zephyr/cmake/modules/extensions.cmake(357):  macro(get_property_and_add_prefix result target property prefix )
C:/ncs/v2.7.0/zephyr/cmake/modules/extensions.cmake(400):  macro(zephyr_library )
C:/ncs/v2.7.0/zephyr/cmake/modules/extensions.cmake(407):  macro(zephyr_library_get_current_dir_lib_name base lib_name )
C:/ncs/v2.7.0/zephyr/cmake/modules/extensions.cmake(424):  macro(zephyr_library_named name )
C:/ncs/v2.7.0/zephyr/cmake/modules/extensions.cmake(462):  macro(zephyr_library_amend )
C:/ncs/v2.7.0/zephyr/cmake/modules/extensions.cmake(475):  function(zephyr_link_interface interface )
C:/ncs/v2.7.0/zephyr/cmake/modules/extensions.cmake(484):  function(zephyr_library_sources source )
C:/ncs/v2.7.0/zephyr/cmake/modules/extensions.cmake(488):  function(zephyr_library_include_directories )
C:/ncs/v2.7.0/zephyr/cmake/modules/extensions.cmake(492):  function(zephyr_library_link_libraries item )
C:/ncs/v2.7.0/zephyr/cmake/modules/extensions.cmake(496):  function(zephyr_library_compile_definitions item )
C:/ncs/v2.7.0/zephyr/cmake/modules/extensions.cmake(500):  function(zephyr_library_compile_options item )
C:/ncs/v2.7.0/zephyr/cmake/modules/extensions.cmake(524):  function(zephyr_library_cc_option )
C:/ncs/v2.7.0/zephyr/cmake/modules/extensions.cmake(535):  function(zephyr_library_add_dependencies )
C:/ncs/v2.7.0/zephyr/cmake/modules/extensions.cmake(543):  function(zephyr_append_cmake_library library )
C:/ncs/v2.7.0/zephyr/cmake/modules/extensions.cmake(558):  function(zephyr_library_import library_name library_path )
C:/ncs/v2.7.0/zephyr/cmake/modules/extensions.cmake(574):  function(zephyr_library_app_memory partition )
C:/ncs/v2.7.0/zephyr/cmake/modules/extensions.cmake(589):  function(zephyr_library_property )
C:/ncs/v2.7.0/zephyr/cmake/modules/extensions.cmake(629):  macro(zephyr_interface_library_named name )
C:/ncs/v2.7.0/zephyr/cmake/modules/extensions.cmake(642):  function(generate_inc_file source_file generated_file )
C:/ncs/v2.7.0/zephyr/cmake/modules/extensions.cmake(659):  function(generate_inc_file_for_gen_target target source_file generated_file gen_target )
C:/ncs/v2.7.0/zephyr/cmake/modules/extensions.cmake(674):  function(generate_inc_file_for_target target source_file generated_file )
C:/ncs/v2.7.0/zephyr/cmake/modules/extensions.cmake(708):  function(_board_check_runner_type type )
C:/ncs/v2.7.0/zephyr/cmake/modules/extensions.cmake(728):  function(board_set_runner type runner )
C:/ncs/v2.7.0/zephyr/cmake/modules/extensions.cmake(740):  macro(board_set_runner_ifnset type runner )
C:/ncs/v2.7.0/zephyr/cmake/modules/extensions.cmake(749):  macro(board_set_flasher runner )
C:/ncs/v2.7.0/zephyr/cmake/modules/extensions.cmake(754):  macro(board_set_debugger runner )
C:/ncs/v2.7.0/zephyr/cmake/modules/extensions.cmake(759):  macro(board_set_flasher_ifnset runner )
C:/ncs/v2.7.0/zephyr/cmake/modules/extensions.cmake(764):  macro(board_set_debugger_ifnset runner )
C:/ncs/v2.7.0/zephyr/cmake/modules/extensions.cmake(790):  function(board_runner_args runner )
C:/ncs/v2.7.0/zephyr/cmake/modules/extensions.cmake(813):  function(board_finalize_runner_args runner )
C:/ncs/v2.7.0/zephyr/cmake/modules/extensions.cmake(840):  function(board_set_rimage_target target )
C:/ncs/v2.7.0/zephyr/cmake/modules/extensions.cmake(905):  function(board_check_revision )
C:/ncs/v2.7.0/zephyr/cmake/modules/extensions.cmake(1041):  function(zephyr_check_compiler_flag lang option check )
C:/ncs/v2.7.0/zephyr/cmake/modules/extensions.cmake(1146):  function(zephyr_check_compiler_flag_hardcoded lang option check exists )
C:/ncs/v2.7.0/zephyr/cmake/modules/extensions.cmake(1218):  function(zephyr_linker_sources location )
C:/ncs/v2.7.0/zephyr/cmake/modules/extensions.cmake(1349):  macro(zephyr_code_relocate_ifdef feature_toggle )
C:/ncs/v2.7.0/zephyr/cmake/modules/extensions.cmake(1375):  function(zephyr_code_relocate )
C:/ncs/v2.7.0/zephyr/cmake/modules/extensions.cmake(1464):  function(check_dtc_flag flag ok )
C:/ncs/v2.7.0/zephyr/cmake/modules/extensions.cmake(1495):  function(pow2round n )
C:/ncs/v2.7.0/zephyr/cmake/modules/extensions.cmake(1584):  function(zephyr_build_string outvar )
C:/ncs/v2.7.0/zephyr/cmake/modules/extensions.cmake(1661):  function(zephyr_syscall_include_directories )
C:/ncs/v2.7.0/zephyr/cmake/modules/extensions.cmake(1685):  function(zephyr_syscall_header )
C:/ncs/v2.7.0/zephyr/cmake/modules/extensions.cmake(1710):  function(zephyr_syscall_header_ifdef feature_toggle )
C:/ncs/v2.7.0/zephyr/cmake/modules/extensions.cmake(1725):  function(zephyr_blobs_verify )
C:/ncs/v2.7.0/zephyr/cmake/modules/extensions.cmake(1810):  function(import_kconfig prefix kconfig_fragment )
C:/ncs/v2.7.0/zephyr/cmake/modules/extensions.cmake(1919):  function(add_subdirectory_ifdef feature_toggle source_dir )
C:/ncs/v2.7.0/zephyr/cmake/modules/extensions.cmake(1925):  function(target_sources_ifdef feature_toggle target scope item )
C:/ncs/v2.7.0/zephyr/cmake/modules/extensions.cmake(1931):  function(target_compile_definitions_ifdef feature_toggle target scope item )
C:/ncs/v2.7.0/zephyr/cmake/modules/extensions.cmake(1937):  function(target_include_directories_ifdef feature_toggle target scope item )
C:/ncs/v2.7.0/zephyr/cmake/modules/extensions.cmake(1943):  function(target_link_libraries_ifdef feature_toggle target item )
C:/ncs/v2.7.0/zephyr/cmake/modules/extensions.cmake(1949):  function(add_compile_option_ifdef feature_toggle option )
C:/ncs/v2.7.0/zephyr/cmake/modules/extensions.cmake(1955):  function(target_compile_option_ifdef feature_toggle target scope option )
C:/ncs/v2.7.0/zephyr/cmake/modules/extensions.cmake(1961):  function(target_cc_option_ifdef feature_toggle target scope option )
C:/ncs/v2.7.0/zephyr/cmake/modules/extensions.cmake(1967):  function(zephyr_library_sources_ifdef feature_toggle source )
C:/ncs/v2.7.0/zephyr/cmake/modules/extensions.cmake(1973):  function(zephyr_sources_ifdef feature_toggle )
C:/ncs/v2.7.0/zephyr/cmake/modules/extensions.cmake(1979):  function(zephyr_cc_option_ifdef feature_toggle )
C:/ncs/v2.7.0/zephyr/cmake/modules/extensions.cmake(1985):  function(zephyr_ld_option_ifdef feature_toggle )
C:/ncs/v2.7.0/zephyr/cmake/modules/extensions.cmake(1991):  function(zephyr_link_libraries_ifdef feature_toggle )
C:/ncs/v2.7.0/zephyr/cmake/modules/extensions.cmake(1997):  function(zephyr_compile_options_ifdef feature_toggle )
C:/ncs/v2.7.0/zephyr/cmake/modules/extensions.cmake(2003):  function(zephyr_compile_definitions_ifdef feature_toggle )
C:/ncs/v2.7.0/zephyr/cmake/modules/extensions.cmake(2009):  function(zephyr_include_directories_ifdef feature_toggle )
C:/ncs/v2.7.0/zephyr/cmake/modules/extensions.cmake(2015):  function(zephyr_library_compile_definitions_ifdef feature_toggle item )
C:/ncs/v2.7.0/zephyr/cmake/modules/extensions.cmake(2021):  function(zephyr_library_include_directories_ifdef feature_toggle )
C:/ncs/v2.7.0/zephyr/cmake/modules/extensions.cmake(2027):  function(zephyr_library_compile_options_ifdef feature_toggle item )
C:/ncs/v2.7.0/zephyr/cmake/modules/extensions.cmake(2033):  function(zephyr_link_interface_ifdef feature_toggle interface )
C:/ncs/v2.7.0/zephyr/cmake/modules/extensions.cmake(2039):  function(zephyr_library_link_libraries_ifdef feature_toggle item )
C:/ncs/v2.7.0/zephyr/cmake/modules/extensions.cmake(2045):  function(zephyr_linker_sources_ifdef feature_toggle )
C:/ncs/v2.7.0/zephyr/cmake/modules/extensions.cmake(2051):  function(zephyr_library_add_dependencies_ifdef feature_toggle )
C:/ncs/v2.7.0/zephyr/cmake/modules/extensions.cmake(2057):  macro(list_append_ifdef feature_toggle list )
C:/ncs/v2.7.0/zephyr/cmake/modules/extensions.cmake(2065):  function(set_ifndef variable value )
C:/ncs/v2.7.0/zephyr/cmake/modules/extensions.cmake(2071):  function(add_subdirectory_ifndef feature_toggle source_dir )
C:/ncs/v2.7.0/zephyr/cmake/modules/extensions.cmake(2077):  function(target_sources_ifndef feature_toggle target scope item )
C:/ncs/v2.7.0/zephyr/cmake/modules/extensions.cmake(2083):  function(target_compile_definitions_ifndef feature_toggle target scope item )
C:/ncs/v2.7.0/zephyr/cmake/modules/extensions.cmake(2089):  function(target_include_directories_ifndef feature_toggle target scope item )
C:/ncs/v2.7.0/zephyr/cmake/modules/extensions.cmake(2095):  function(target_link_libraries_ifndef feature_toggle target item )
C:/ncs/v2.7.0/zephyr/cmake/modules/extensions.cmake(2101):  function(add_compile_option_ifndef feature_toggle option )
C:/ncs/v2.7.0/zephyr/cmake/modules/extensions.cmake(2107):  function(target_compile_option_ifndef feature_toggle target scope option )
C:/ncs/v2.7.0/zephyr/cmake/modules/extensions.cmake(2113):  function(target_cc_option_ifndef feature_toggle target scope option )
C:/ncs/v2.7.0/zephyr/cmake/modules/extensions.cmake(2119):  function(zephyr_library_sources_ifndef feature_toggle source )
C:/ncs/v2.7.0/zephyr/cmake/modules/extensions.cmake(2125):  function(zephyr_sources_ifndef feature_toggle )
C:/ncs/v2.7.0/zephyr/cmake/modules/extensions.cmake(2131):  function(zephyr_cc_option_ifndef feature_toggle )
C:/ncs/v2.7.0/zephyr/cmake/modules/extensions.cmake(2137):  function(zephyr_ld_option_ifndef feature_toggle )
C:/ncs/v2.7.0/zephyr/cmake/modules/extensions.cmake(2143):  function(zephyr_link_libraries_ifndef feature_toggle )
C:/ncs/v2.7.0/zephyr/cmake/modules/extensions.cmake(2149):  function(zephyr_compile_options_ifndef feature_toggle )
C:/ncs/v2.7.0/zephyr/cmake/modules/extensions.cmake(2155):  function(zephyr_compile_definitions_ifndef feature_toggle )
C:/ncs/v2.7.0/zephyr/cmake/modules/extensions.cmake(2161):  function(zephyr_include_directories_ifndef feature_toggle )
C:/ncs/v2.7.0/zephyr/cmake/modules/extensions.cmake(2167):  function(zephyr_library_compile_definitions_ifndef feature_toggle item )
C:/ncs/v2.7.0/zephyr/cmake/modules/extensions.cmake(2173):  function(zephyr_library_include_directories_ifndef feature_toggle )
C:/ncs/v2.7.0/zephyr/cmake/modules/extensions.cmake(2179):  function(zephyr_library_compile_options_ifndef feature_toggle item )
C:/ncs/v2.7.0/zephyr/cmake/modules/extensions.cmake(2185):  function(zephyr_link_interface_ifndef feature_toggle interface )
C:/ncs/v2.7.0/zephyr/cmake/modules/extensions.cmake(2191):  function(zephyr_library_link_libraries_ifndef feature_toggle item )
C:/ncs/v2.7.0/zephyr/cmake/modules/extensions.cmake(2197):  function(zephyr_linker_sources_ifndef feature_toggle )
C:/ncs/v2.7.0/zephyr/cmake/modules/extensions.cmake(2203):  function(zephyr_library_add_dependencies_ifndef feature_toggle )
C:/ncs/v2.7.0/zephyr/cmake/modules/extensions.cmake(2209):  macro(list_append_ifndef feature_toggle list )
C:/ncs/v2.7.0/zephyr/cmake/modules/extensions.cmake(2233):  function(check_compiler_flag lang option ok )
C:/ncs/v2.7.0/zephyr/cmake/modules/extensions.cmake(2258):  function(target_cc_option target scope option )
C:/ncs/v2.7.0/zephyr/cmake/modules/extensions.cmake(2264):  function(target_cc_option_fallback target scope option1 option2 )
C:/ncs/v2.7.0/zephyr/cmake/modules/extensions.cmake(2292):  function(target_ld_options target scope )
C:/ncs/v2.7.0/zephyr/cmake/modules/extensions.cmake(2326):  function(toolchain_parse_make_rule input_file include_files )
C:/ncs/v2.7.0/zephyr/cmake/modules/extensions.cmake(2368):  function(check_set_linker_property )
C:/ncs/v2.7.0/zephyr/cmake/modules/extensions.cmake(2405):  function(set_compiler_property )
C:/ncs/v2.7.0/zephyr/cmake/modules/extensions.cmake(2435):  function(check_set_compiler_property )
C:/ncs/v2.7.0/zephyr/cmake/modules/extensions.cmake(2478):  function(print arg )
C:/ncs/v2.7.0/zephyr/cmake/modules/extensions.cmake(2487):  macro(assert test comment )
C:/ncs/v2.7.0/zephyr/cmake/modules/extensions.cmake(2498):  macro(assert_not test comment )
C:/ncs/v2.7.0/zephyr/cmake/modules/extensions.cmake(2509):  macro(assert_exists var )
C:/ncs/v2.7.0/zephyr/cmake/modules/extensions.cmake(2516):  function(generate_unique_target_name_from_filename filename target_name )
C:/ncs/v2.7.0/zephyr/cmake/modules/extensions.cmake(2584):  function(zephyr_file )
C:/ncs/v2.7.0/zephyr/cmake/modules/extensions.cmake(2864):  function(zephyr_file_copy oldname newname )
C:/ncs/v2.7.0/zephyr/cmake/modules/extensions.cmake(2899):  function(zephyr_file_suffix filename )
C:/ncs/v2.7.0/zephyr/cmake/modules/extensions.cmake(2952):  function(zephyr_string )
C:/ncs/v2.7.0/zephyr/cmake/modules/extensions.cmake(2998):  function(zephyr_list transform list_var action )
C:/ncs/v2.7.0/zephyr/cmake/modules/extensions.cmake(3037):  function(zephyr_var_name variable scope out )
C:/ncs/v2.7.0/zephyr/cmake/modules/extensions.cmake(3089):  function(zephyr_get variable )
C:/ncs/v2.7.0/zephyr/cmake/modules/extensions.cmake(3198):  function(zephyr_create_scope scope )
C:/ncs/v2.7.0/zephyr/cmake/modules/extensions.cmake(3219):  function(zephyr_set variable )
C:/ncs/v2.7.0/zephyr/cmake/modules/extensions.cmake(3282):  function(zephyr_check_cache variable )
C:/ncs/v2.7.0/zephyr/cmake/modules/extensions.cmake(3364):  function(zephyr_boilerplate_watch variable )
C:/ncs/v2.7.0/zephyr/cmake/modules/extensions.cmake(3368):  function(zephyr_variable_set_too_late variable access value current_list_file )
C:/ncs/v2.7.0/zephyr/cmake/modules/extensions.cmake(3399):  function(zephyr_get_targets directory types targets )
C:/ncs/v2.7.0/zephyr/cmake/modules/extensions.cmake(3427):  function(test_sysbuild )
C:/ncs/v2.7.0/zephyr/cmake/modules/extensions.cmake(3455):  function(target_byproducts )
C:/ncs/v2.7.0/zephyr/cmake/modules/extensions.cmake(3487):  function(topological_sort )
C:/ncs/v2.7.0/zephyr/cmake/modules/extensions.cmake(3581):  function(dt_nodelabel var )
C:/ncs/v2.7.0/zephyr/cmake/modules/extensions.cmake(3624):  function(dt_alias var )
C:/ncs/v2.7.0/zephyr/cmake/modules/extensions.cmake(3664):  function(dt_node_exists var )
C:/ncs/v2.7.0/zephyr/cmake/modules/extensions.cmake(3709):  function(dt_node_has_status var )
C:/ncs/v2.7.0/zephyr/cmake/modules/extensions.cmake(3794):  function(dt_prop var )
C:/ncs/v2.7.0/zephyr/cmake/modules/extensions.cmake(3850):  function(dt_comp_path var )
C:/ncs/v2.7.0/zephyr/cmake/modules/extensions.cmake(3905):  function(dt_num_regs var )
C:/ncs/v2.7.0/zephyr/cmake/modules/extensions.cmake(3951):  function(dt_reg_addr var )
C:/ncs/v2.7.0/zephyr/cmake/modules/extensions.cmake(4011):  function(dt_reg_size var )
C:/ncs/v2.7.0/zephyr/cmake/modules/extensions.cmake(4053):  function(dt_reg_index_private var path name )
C:/ncs/v2.7.0/zephyr/cmake/modules/extensions.cmake(4088):  function(dt_has_chosen var )
C:/ncs/v2.7.0/zephyr/cmake/modules/extensions.cmake(4123):  function(dt_chosen var )
C:/ncs/v2.7.0/zephyr/cmake/modules/extensions.cmake(4172):  function(dt_path_internal var path )
C:/ncs/v2.7.0/zephyr/cmake/modules/extensions.cmake(4210):  function(dt_path_internal_exists var path )
C:/ncs/v2.7.0/zephyr/cmake/modules/extensions.cmake(4242):  function(target_sources_if_dt_node path target scope item )
C:/ncs/v2.7.0/zephyr/cmake/modules/extensions.cmake(4294):  function(zephyr_dt_preprocess )
C:/ncs/v2.7.0/zephyr/cmake/modules/extensions.cmake(4390):  function(zephyr_linker )
C:/ncs/v2.7.0/zephyr/cmake/modules/extensions.cmake(4442):  function(zephyr_linker_memory )
C:/ncs/v2.7.0/zephyr/cmake/modules/extensions.cmake(4479):  macro(zephyr_linker_memory_ifdef feature_toggle )
C:/ncs/v2.7.0/zephyr/cmake/modules/extensions.cmake(4497):  function(zephyr_linker_dts_section )
C:/ncs/v2.7.0/zephyr/cmake/modules/extensions.cmake(4557):  function(zephyr_linker_dts_memory )
C:/ncs/v2.7.0/zephyr/cmake/modules/extensions.cmake(4681):  function(zephyr_linker_group )
C:/ncs/v2.7.0/zephyr/cmake/modules/extensions.cmake(4785):  function(zephyr_linker_section )
C:/ncs/v2.7.0/zephyr/cmake/modules/extensions.cmake(4857):  macro(zephyr_linker_section_ifdef feature_toggle )
C:/ncs/v2.7.0/zephyr/cmake/modules/extensions.cmake(4904):  function(zephyr_iterable_section )
C:/ncs/v2.7.0/zephyr/cmake/modules/extensions.cmake(4966):  function(zephyr_linker_section_obj_level )
C:/ncs/v2.7.0/zephyr/cmake/modules/extensions.cmake(5036):  function(zephyr_linker_section_configure )
C:/ncs/v2.7.0/zephyr/cmake/modules/extensions.cmake(5093):  function(zephyr_linker_symbol )
C:/ncs/v2.7.0/zephyr/cmake/modules/extensions.cmake(5124):  macro(zephyr_linker_arg_val_list list arguments )
C:/ncs/v2.7.0/zephyr/cmake/modules/extensions.cmake(5149):  macro(zephyr_check_arguments_required function prefix )
C:/ncs/v2.7.0/zephyr/cmake/modules/extensions.cmake(5165):  macro(zephyr_check_flags_required function prefix )
C:/ncs/v2.7.0/zephyr/cmake/modules/extensions.cmake(5187):  macro(zephyr_check_arguments_required_all function prefix )
C:/ncs/v2.7.0/zephyr/cmake/modules/extensions.cmake(5204):  macro(zephyr_check_arguments_exclusive function prefix )
C:/ncs/v2.7.0/zephyr/cmake/modules/extensions.cmake(5219):  macro(zephyr_check_flags_exclusive function prefix )
C:/ncs/v2.7.0/zephyr/cmake/modules/extensions.cmake(5249):  function(llext_compile_definitions target_name )
C:/ncs/v2.7.0/zephyr/cmake/modules/extensions.cmake(5253):  function(llext_compile_features target_name )
C:/ncs/v2.7.0/zephyr/cmake/modules/extensions.cmake(5257):  function(llext_compile_options target_name )
C:/ncs/v2.7.0/zephyr/cmake/modules/extensions.cmake(5261):  function(llext_include_directories target_name )
C:/ncs/v2.7.0/zephyr/cmake/modules/extensions.cmake(5265):  function(llext_link_options target_name )
C:/ncs/v2.7.0/zephyr/cmake/modules/extensions.cmake(5309):  function(add_llext_target target_name )
C:/ncs/v2.7.0/zephyr/cmake/modules/extensions.cmake(5497):  function(add_llext_command )
C:/ncs/v2.7.0/zephyr/cmake/modules/extensions.cmake(5569):  function(llext_filter_zephyr_flags filter flags outvar )
C:/ncs/v2.7.0/zephyr/cmake/modules/zephyr_default.cmake(134):  list(REMOVE_ITEM SUB_COMPONENTS extensions )
C:/ncs/v2.7.0/zephyr/cmake/modules/zephyr_default.cmake(135):  if(DEFINED SUB_COMPONENTS AND NOT SUB_COMPONENTS )
C:/ncs/v2.7.0/zephyr/cmake/modules/zephyr_default.cmake(130):  string(CONFIGURE version module )
C:/ncs/v2.7.0/zephyr/cmake/modules/zephyr_default.cmake(131):  string(CONFIGURE version module )
C:/ncs/v2.7.0/zephyr/cmake/modules/zephyr_default.cmake(132):  include(version )
C:/ncs/v2.7.0/zephyr/cmake/modules/version.cmake(38):  if(NOT DEFINED VERSION_FILE AND NOT DEFINED VERSION_TYPE )
C:/ncs/v2.7.0/zephyr/cmake/modules/version.cmake(39):  set(VERSION_FILE C:/ncs/v2.7.0/zephyr/VERSION )
C:/ncs/v2.7.0/zephyr/cmake/modules/version.cmake(40):  set(VERSION_TYPE KERNEL )
C:/ncs/v2.7.0/zephyr/cmake/modules/version.cmake(41):  if(DEFINED APPLICATION_SOURCE_DIR )
C:/ncs/v2.7.0/zephyr/cmake/modules/version.cmake(42):  list(APPEND VERSION_FILE C:/ncs/projects/light_bulb/VERSION )
C:/ncs/v2.7.0/zephyr/cmake/modules/version.cmake(43):  list(APPEND VERSION_TYPE APP )
C:/ncs/v2.7.0/zephyr/cmake/modules/version.cmake(47):  foreach(type file IN ZIP_LISTS VERSION_TYPE VERSION_FILE )
C:/ncs/v2.7.0/zephyr/cmake/modules/version.cmake(48):  if(NOT EXISTS C:/ncs/v2.7.0/zephyr/VERSION )
C:/ncs/v2.7.0/zephyr/cmake/modules/version.cmake(51):  file(READ C:/ncs/v2.7.0/zephyr/VERSION ver )
C:/ncs/v2.7.0/zephyr/cmake/modules/version.cmake(52):  set_property(DIRECTORY APPEND PROPERTY CMAKE_CONFIGURE_DEPENDS C:/ncs/v2.7.0/zephyr/VERSION )
C:/ncs/v2.7.0/zephyr/cmake/modules/version.cmake(54):  string(REGEX MATCH VERSION_MAJOR = ([0-9]*) _ VERSION_MAJOR = 3
VERSION_MINOR = 6
PATCHLEVEL = 99
VERSION_TWEAK = 0
EXTRAVERSION =
 )
C:/ncs/v2.7.0/zephyr/cmake/modules/version.cmake(55):  set(KERNEL_VERSION_MAJOR 3 )
C:/ncs/v2.7.0/zephyr/cmake/modules/version.cmake(57):  string(REGEX MATCH VERSION_MINOR = ([0-9]*) _ VERSION_MAJOR = 3
VERSION_MINOR = 6
PATCHLEVEL = 99
VERSION_TWEAK = 0
EXTRAVERSION =
 )
C:/ncs/v2.7.0/zephyr/cmake/modules/version.cmake(58):  set(KERNEL_VERSION_MINOR 6 )
C:/ncs/v2.7.0/zephyr/cmake/modules/version.cmake(60):  string(REGEX MATCH PATCHLEVEL = ([0-9]*) _ VERSION_MAJOR = 3
VERSION_MINOR = 6
PATCHLEVEL = 99
VERSION_TWEAK = 0
EXTRAVERSION =
 )
C:/ncs/v2.7.0/zephyr/cmake/modules/version.cmake(61):  set(KERNEL_PATCHLEVEL 99 )
C:/ncs/v2.7.0/zephyr/cmake/modules/version.cmake(63):  string(REGEX MATCH VERSION_TWEAK = ([0-9]*) _ VERSION_MAJOR = 3
VERSION_MINOR = 6
PATCHLEVEL = 99
VERSION_TWEAK = 0
EXTRAVERSION =
 )
C:/ncs/v2.7.0/zephyr/cmake/modules/version.cmake(64):  set(KERNEL_VERSION_TWEAK 0 )
C:/ncs/v2.7.0/zephyr/cmake/modules/version.cmake(66):  string(REGEX MATCH EXTRAVERSION = ([a-z0-9]*) _ VERSION_MAJOR = 3
VERSION_MINOR = 6
PATCHLEVEL = 99
VERSION_TWEAK = 0
EXTRAVERSION =
 )
C:/ncs/v2.7.0/zephyr/cmake/modules/version.cmake(67):  set(KERNEL_VERSION_EXTRA  )
C:/ncs/v2.7.0/zephyr/cmake/modules/version.cmake(70):  set(KERNEL_VERSION_WITHOUT_TWEAK 3.6.99 )
C:/ncs/v2.7.0/zephyr/cmake/modules/version.cmake(71):  set(KERNEL_VERSION_WITH_TWEAK 3.6.99+0 )
C:/ncs/v2.7.0/zephyr/cmake/modules/version.cmake(73):  set(MAJOR 3 )
C:/ncs/v2.7.0/zephyr/cmake/modules/version.cmake(74):  set(MINOR 6 )
C:/ncs/v2.7.0/zephyr/cmake/modules/version.cmake(75):  set(PATCH 99 )
C:/ncs/v2.7.0/zephyr/cmake/modules/version.cmake(76):  set(TWEAK 0 )
C:/ncs/v2.7.0/zephyr/cmake/modules/version.cmake(78):  math(EXPR KERNEL_VERSION_NUMBER_INT (3 << 16) + (6 << 8)  + (99) )
C:/ncs/v2.7.0/zephyr/cmake/modules/version.cmake(79):  math(EXPR KERNELVERSION_INT (3 << 24) + (6 << 16) + (99 << 8) + (0) )
C:/ncs/v2.7.0/zephyr/cmake/modules/version.cmake(81):  math(EXPR KERNEL_VERSION_NUMBER 198243 OUTPUT_FORMAT HEXADECIMAL )
C:/ncs/v2.7.0/zephyr/cmake/modules/version.cmake(82):  math(EXPR KERNELVERSION 50750208 OUTPUT_FORMAT HEXADECIMAL )
C:/ncs/v2.7.0/zephyr/cmake/modules/version.cmake(84):  if(KERNEL_VERSION_EXTRA )
C:/ncs/v2.7.0/zephyr/cmake/modules/version.cmake(86):  else()
C:/ncs/v2.7.0/zephyr/cmake/modules/version.cmake(87):  set(KERNEL_VERSION_STRING 3.6.99 )
C:/ncs/v2.7.0/zephyr/cmake/modules/version.cmake(89):  set(KERNEL_VERSION_TWEAK_STRING 3.6.99+0 )
C:/ncs/v2.7.0/zephyr/cmake/modules/version.cmake(90):  set(KERNEL_VERSION_EXTENDED_STRING 3.6.99+0 )
C:/ncs/v2.7.0/zephyr/cmake/modules/version.cmake(92):  if(type STREQUAL KERNEL )
C:/ncs/v2.7.0/zephyr/cmake/modules/version.cmake(93):  set(PROJECT_VERSION_MAJOR 3 )
C:/ncs/v2.7.0/zephyr/cmake/modules/version.cmake(94):  set(PROJECT_VERSION_MINOR 6 )
C:/ncs/v2.7.0/zephyr/cmake/modules/version.cmake(95):  set(PROJECT_VERSION_PATCH 99 )
C:/ncs/v2.7.0/zephyr/cmake/modules/version.cmake(96):  set(PROJECT_VERSION_TWEAK 0 )
C:/ncs/v2.7.0/zephyr/cmake/modules/version.cmake(97):  set(PROJECT_VERSION_EXTRA  )
C:/ncs/v2.7.0/zephyr/cmake/modules/version.cmake(99):  if(PROJECT_VERSION_EXTRA )
C:/ncs/v2.7.0/zephyr/cmake/modules/version.cmake(103):  if(KERNEL_VERSION_TWEAK )
C:/ncs/v2.7.0/zephyr/cmake/modules/version.cmake(105):  else()
C:/ncs/v2.7.0/zephyr/cmake/modules/version.cmake(106):  set(PROJECT_VERSION 3.6.99 )
C:/ncs/v2.7.0/zephyr/cmake/modules/version.cmake(109):  set(PROJECT_VERSION_STR 3.6.99 )
C:/ncs/v2.7.0/zephyr/cmake/modules/version.cmake(111):  set(ZEPHYR_VERSION_CODE 198243 )
C:/ncs/v2.7.0/zephyr/cmake/modules/version.cmake(112):  set(ZEPHYR_VERSION TRUE )
C:/ncs/v2.7.0/zephyr/cmake/modules/version.cmake(114):  if(DEFINED BUILD_VERSION )
C:/ncs/v2.7.0/zephyr/cmake/modules/version.cmake(118):  if(NOT NO_PRINT_VERSION )
C:/ncs/v2.7.0/zephyr/cmake/modules/version.cmake(119):  message(STATUS Zephyr version: 3.6.99 (C:/ncs/v2.7.0/zephyr) )
C:/ncs/v2.7.0/zephyr/cmake/modules/version.cmake(124):  unset(MAJOR )
C:/ncs/v2.7.0/zephyr/cmake/modules/version.cmake(125):  unset(MINOR )
C:/ncs/v2.7.0/zephyr/cmake/modules/version.cmake(126):  unset(PATCH )
C:/ncs/v2.7.0/zephyr/cmake/modules/version.cmake(127):  unset(TWEAK )
C:/ncs/v2.7.0/zephyr/cmake/modules/version.cmake(128):  unset(KERNEL_VERSION_WITHOUT_TWEAK )
C:/ncs/v2.7.0/zephyr/cmake/modules/version.cmake(129):  unset(KERNEL_VERSION_WITH_TWEAK )
C:/ncs/v2.7.0/zephyr/cmake/modules/version.cmake(48):  if(NOT EXISTS C:/ncs/projects/light_bulb/VERSION )
C:/ncs/v2.7.0/zephyr/cmake/modules/version.cmake(51):  file(READ C:/ncs/projects/light_bulb/VERSION ver )
C:/ncs/v2.7.0/zephyr/cmake/modules/version.cmake(52):  set_property(DIRECTORY APPEND PROPERTY CMAKE_CONFIGURE_DEPENDS C:/ncs/projects/light_bulb/VERSION )
C:/ncs/v2.7.0/zephyr/cmake/modules/version.cmake(54):  string(REGEX MATCH VERSION_MAJOR = ([0-9]*) _ VERSION_MAJOR = 2
VERSION_MINOR = 7
PATCHLEVEL = 0
VERSION_TWEAK = 0
EXTRAVERSION =
 )
C:/ncs/v2.7.0/zephyr/cmake/modules/version.cmake(55):  set(APP_VERSION_MAJOR 2 )
C:/ncs/v2.7.0/zephyr/cmake/modules/version.cmake(57):  string(REGEX MATCH VERSION_MINOR = ([0-9]*) _ VERSION_MAJOR = 2
VERSION_MINOR = 7
PATCHLEVEL = 0
VERSION_TWEAK = 0
EXTRAVERSION =
 )
C:/ncs/v2.7.0/zephyr/cmake/modules/version.cmake(58):  set(APP_VERSION_MINOR 7 )
C:/ncs/v2.7.0/zephyr/cmake/modules/version.cmake(60):  string(REGEX MATCH PATCHLEVEL = ([0-9]*) _ VERSION_MAJOR = 2
VERSION_MINOR = 7
PATCHLEVEL = 0
VERSION_TWEAK = 0
EXTRAVERSION =
 )
C:/ncs/v2.7.0/zephyr/cmake/modules/version.cmake(61):  set(APP_PATCHLEVEL 0 )
C:/ncs/v2.7.0/zephyr/cmake/modules/version.cmake(63):  string(REGEX MATCH VERSION_TWEAK = ([0-9]*) _ VERSION_MAJOR = 2
VERSION_MINOR = 7
PATCHLEVEL = 0
VERSION_TWEAK = 0
EXTRAVERSION =
 )
C:/ncs/v2.7.0/zephyr/cmake/modules/version.cmake(64):  set(APP_VERSION_TWEAK 0 )
C:/ncs/v2.7.0/zephyr/cmake/modules/version.cmake(66):  string(REGEX MATCH EXTRAVERSION = ([a-z0-9]*) _ VERSION_MAJOR = 2
VERSION_MINOR = 7
PATCHLEVEL = 0
VERSION_TWEAK = 0
EXTRAVERSION =
 )
C:/ncs/v2.7.0/zephyr/cmake/modules/version.cmake(67):  set(APP_VERSION_EXTRA  )
C:/ncs/v2.7.0/zephyr/cmake/modules/version.cmake(70):  set(APP_VERSION_WITHOUT_TWEAK 2.7.0 )
C:/ncs/v2.7.0/zephyr/cmake/modules/version.cmake(71):  set(APP_VERSION_WITH_TWEAK 2.7.0+0 )
C:/ncs/v2.7.0/zephyr/cmake/modules/version.cmake(73):  set(MAJOR 2 )
C:/ncs/v2.7.0/zephyr/cmake/modules/version.cmake(74):  set(MINOR 7 )
C:/ncs/v2.7.0/zephyr/cmake/modules/version.cmake(75):  set(PATCH 0 )
C:/ncs/v2.7.0/zephyr/cmake/modules/version.cmake(76):  set(TWEAK 0 )
C:/ncs/v2.7.0/zephyr/cmake/modules/version.cmake(78):  math(EXPR APP_VERSION_NUMBER_INT (2 << 16) + (7 << 8)  + (0) )
C:/ncs/v2.7.0/zephyr/cmake/modules/version.cmake(79):  math(EXPR APPVERSION_INT (2 << 24) + (7 << 16) + (0 << 8) + (0) )
C:/ncs/v2.7.0/zephyr/cmake/modules/version.cmake(81):  math(EXPR APP_VERSION_NUMBER 132864 OUTPUT_FORMAT HEXADECIMAL )
C:/ncs/v2.7.0/zephyr/cmake/modules/version.cmake(82):  math(EXPR APPVERSION 34013184 OUTPUT_FORMAT HEXADECIMAL )
C:/ncs/v2.7.0/zephyr/cmake/modules/version.cmake(84):  if(APP_VERSION_EXTRA )
C:/ncs/v2.7.0/zephyr/cmake/modules/version.cmake(86):  else()
C:/ncs/v2.7.0/zephyr/cmake/modules/version.cmake(87):  set(APP_VERSION_STRING 2.7.0 )
C:/ncs/v2.7.0/zephyr/cmake/modules/version.cmake(89):  set(APP_VERSION_TWEAK_STRING 2.7.0+0 )
C:/ncs/v2.7.0/zephyr/cmake/modules/version.cmake(90):  set(APP_VERSION_EXTENDED_STRING 2.7.0+0 )
C:/ncs/v2.7.0/zephyr/cmake/modules/version.cmake(92):  if(type STREQUAL KERNEL )
C:/ncs/v2.7.0/zephyr/cmake/modules/version.cmake(124):  unset(MAJOR )
C:/ncs/v2.7.0/zephyr/cmake/modules/version.cmake(125):  unset(MINOR )
C:/ncs/v2.7.0/zephyr/cmake/modules/version.cmake(126):  unset(PATCH )
C:/ncs/v2.7.0/zephyr/cmake/modules/version.cmake(127):  unset(TWEAK )
C:/ncs/v2.7.0/zephyr/cmake/modules/version.cmake(128):  unset(APP_VERSION_WITHOUT_TWEAK )
C:/ncs/v2.7.0/zephyr/cmake/modules/version.cmake(129):  unset(APP_VERSION_WITH_TWEAK )
C:/ncs/v2.7.0/zephyr/cmake/modules/zephyr_default.cmake(134):  list(REMOVE_ITEM SUB_COMPONENTS version )
C:/ncs/v2.7.0/zephyr/cmake/modules/zephyr_default.cmake(135):  if(DEFINED SUB_COMPONENTS AND NOT SUB_COMPONENTS )
C:/ncs/v2.7.0/zephyr/cmake/modules/zephyr_default.cmake(130):  string(CONFIGURE basic_settings module )
C:/ncs/v2.7.0/zephyr/cmake/modules/zephyr_default.cmake(131):  string(CONFIGURE basic_settings module )
C:/ncs/v2.7.0/zephyr/cmake/modules/zephyr_default.cmake(132):  include(basic_settings )
C:/ncs/v2.7.0/zephyr/cmake/modules/basic_settings.cmake(22):  include_guard(GLOBAL )
C:/ncs/v2.7.0/zephyr/cmake/modules/basic_settings.cmake(24):  if(SYSBUILD )
C:/ncs/v2.7.0/zephyr/cmake/modules/zephyr_default.cmake(134):  list(REMOVE_ITEM SUB_COMPONENTS basic_settings )
C:/ncs/v2.7.0/zephyr/cmake/modules/zephyr_default.cmake(135):  if(DEFINED SUB_COMPONENTS AND NOT SUB_COMPONENTS )
C:/ncs/v2.7.0/zephyr/cmake/modules/zephyr_default.cmake(130):  string(CONFIGURE west module )
C:/ncs/v2.7.0/zephyr/cmake/modules/zephyr_default.cmake(131):  string(CONFIGURE west module )
C:/ncs/v2.7.0/zephyr/cmake/modules/zephyr_default.cmake(132):  include(west )
C:/ncs/v2.7.0/zephyr/cmake/modules/west.cmake(3):  include_guard(GLOBAL )
C:/ncs/v2.7.0/zephyr/cmake/modules/west.cmake(5):  include(python )
C:/ncs/v2.7.0/zephyr/cmake/modules/python.cmake(3):  include_guard(GLOBAL )
C:/ncs/v2.7.0/zephyr/cmake/modules/west.cmake(15):  if(DEFINED WEST_PYTHON )
C:/ncs/v2.7.0/zephyr/cmake/modules/west.cmake(34):  execute_process(COMMAND C:/ncs/toolchains/ce3b5ff664/opt/bin/python.exe -c import west.version; print(west.version.__version__, end='') OUTPUT_VARIABLE west_version ERROR_VARIABLE west_version_err RESULT_VARIABLE west_version_output_result )
C:/ncs/v2.7.0/zephyr/cmake/modules/west.cmake(44):  if(west_version_output_result )
C:/ncs/v2.7.0/zephyr/cmake/modules/west.cmake(61):  else()
C:/ncs/v2.7.0/zephyr/cmake/modules/west.cmake(66):  set_ifndef(MIN_WEST_VERSION 0.14.0 )
C:/ncs/v2.7.0/zephyr/cmake/modules/extensions.cmake(2066):  if(NOT MIN_WEST_VERSION )
C:/ncs/v2.7.0/zephyr/cmake/modules/extensions.cmake(2067):  set(MIN_WEST_VERSION 0.14.0  PARENT_SCOPE )
C:/ncs/v2.7.0/zephyr/cmake/modules/west.cmake(67):  if(1.2.0 VERSION_LESS 0.14.0 )
C:/ncs/v2.7.0/zephyr/cmake/modules/west.cmake(77):  set(WEST C:/ncs/toolchains/ce3b5ff664/opt/bin/python.exe -m west CACHE INTERNAL West )
C:/ncs/v2.7.0/zephyr/cmake/modules/west.cmake(81):  message(STATUS Found west (found suitable version "1.2.0", minimum required is "0.14.0") )
C:/ncs/v2.7.0/zephyr/cmake/modules/west.cmake(83):  execute_process(COMMAND C:/ncs/toolchains/ce3b5ff664/opt/bin/python.exe;-m;west topdir OUTPUT_VARIABLE WEST_TOPDIR ERROR_QUIET RESULT_VARIABLE west_topdir_result OUTPUT_STRIP_TRAILING_WHITESPACE WORKING_DIRECTORY C:/ncs/v2.7.0/zephyr )
C:/ncs/v2.7.0/zephyr/cmake/modules/west.cmake(92):  if(west_topdir_result )
C:/ncs/v2.7.0/zephyr/cmake/modules/zephyr_default.cmake(134):  list(REMOVE_ITEM SUB_COMPONENTS west )
C:/ncs/v2.7.0/zephyr/cmake/modules/zephyr_default.cmake(135):  if(DEFINED SUB_COMPONENTS AND NOT SUB_COMPONENTS )
C:/ncs/v2.7.0/zephyr/cmake/modules/zephyr_default.cmake(130):  string(CONFIGURE ccache module )
C:/ncs/v2.7.0/zephyr/cmake/modules/zephyr_default.cmake(131):  string(CONFIGURE ccache module )
C:/ncs/v2.7.0/zephyr/cmake/modules/zephyr_default.cmake(132):  include(ccache )
C:/ncs/v2.7.0/zephyr/cmake/modules/ccache.cmake(6):  include_guard(GLOBAL )
C:/ncs/v2.7.0/zephyr/cmake/modules/ccache.cmake(8):  if(USE_CCACHE STREQUAL 0 )
C:/ncs/v2.7.0/zephyr/cmake/modules/ccache.cmake(9):  else()
C:/ncs/v2.7.0/zephyr/cmake/modules/ccache.cmake(10):  find_program(CCACHE_FOUND ccache )
C:/ncs/v2.7.0/zephyr/cmake/modules/ccache.cmake(11):  if(CCACHE_FOUND )
C:/ncs/v2.7.0/zephyr/cmake/modules/zephyr_default.cmake(134):  list(REMOVE_ITEM SUB_COMPONENTS ccache )
C:/ncs/v2.7.0/zephyr/cmake/modules/zephyr_default.cmake(135):  if(DEFINED SUB_COMPONENTS AND NOT SUB_COMPONENTS )
C:/ncs/v2.7.0/zephyr/cmake/modules/zephyr_default.cmake(130):  string(CONFIGURE root module )
C:/ncs/v2.7.0/zephyr/cmake/modules/zephyr_default.cmake(131):  string(CONFIGURE root module )
C:/ncs/v2.7.0/zephyr/cmake/modules/zephyr_default.cmake(132):  include(root )
C:/ncs/v2.7.0/zephyr/cmake/modules/root.cmake(21):  include_guard(GLOBAL )
C:/ncs/v2.7.0/zephyr/cmake/modules/root.cmake(23):  include(extensions )
C:/ncs/v2.7.0/zephyr/cmake/modules/extensions.cmake(3):  include_guard(GLOBAL )
C:/ncs/v2.7.0/zephyr/cmake/modules/root.cmake(26):  zephyr_get(MODULE_EXT_ROOT MERGE SYSBUILD GLOBAL )
C:/ncs/v2.7.0/zephyr/cmake/modules/extensions.cmake(3090):  cmake_parse_arguments(GET_VAR MERGE;REVERSE SYSBUILD VAR MERGE;SYSBUILD;GLOBAL )
C:/ncs/v2.7.0/zephyr/cmake/modules/extensions.cmake(3092):  if(DEFINED GET_VAR_SYSBUILD )
C:/ncs/v2.7.0/zephyr/cmake/modules/extensions.cmake(3093):  if(NOT ( GLOBAL STREQUAL GLOBAL OR GLOBAL STREQUAL LOCAL ) )
C:/ncs/v2.7.0/zephyr/cmake/modules/extensions.cmake(3102):  if(GET_VAR_REVERSE AND NOT GET_VAR_MERGE )
C:/ncs/v2.7.0/zephyr/cmake/modules/extensions.cmake(3106):  if(NOT DEFINED GET_VAR_VAR )
C:/ncs/v2.7.0/zephyr/cmake/modules/extensions.cmake(3107):  set(GET_VAR_VAR MODULE_EXT_ROOT )
C:/ncs/v2.7.0/zephyr/cmake/modules/extensions.cmake(3113):  foreach(var MODULE_EXT_ROOT )
C:/ncs/v2.7.0/zephyr/cmake/modules/extensions.cmake(3114):  set(current_MODULE_EXT_ROOT  )
C:/ncs/v2.7.0/zephyr/cmake/modules/extensions.cmake(3115):  set(MODULE_EXT_ROOT )
C:/ncs/v2.7.0/zephyr/cmake/modules/extensions.cmake(3117):  if(SYSBUILD )
C:/ncs/v2.7.0/zephyr/cmake/modules/extensions.cmake(3128):  else()
C:/ncs/v2.7.0/zephyr/cmake/modules/extensions.cmake(3129):  set(sysbuild_local_MODULE_EXT_ROOT )
C:/ncs/v2.7.0/zephyr/cmake/modules/extensions.cmake(3130):  set(sysbuild_global_MODULE_EXT_ROOT )
C:/ncs/v2.7.0/zephyr/cmake/modules/extensions.cmake(3133):  if(TARGET snippets_scope )
C:/ncs/v2.7.0/zephyr/cmake/modules/extensions.cmake(3138):  set(MODULE_EXT_ROOT  )
C:/ncs/v2.7.0/zephyr/cmake/modules/extensions.cmake(3139):  set(scopes sysbuild_local;sysbuild_global;CACHE;snippets;ENV;current )
C:/ncs/v2.7.0/zephyr/cmake/modules/extensions.cmake(3140):  if(GET_VAR_REVERSE )
C:/ncs/v2.7.0/zephyr/cmake/modules/extensions.cmake(3143):  foreach(scope IN LISTS scopes )
C:/ncs/v2.7.0/zephyr/cmake/modules/extensions.cmake(3144):  foreach(var MODULE_EXT_ROOT )
C:/ncs/v2.7.0/zephyr/cmake/modules/extensions.cmake(3145):  zephyr_var_name(MODULE_EXT_ROOT sysbuild_local expansion_var )
C:/ncs/v2.7.0/zephyr/cmake/modules/extensions.cmake(3038):  if(scope STREQUAL ENV OR scope STREQUAL CACHE )
C:/ncs/v2.7.0/zephyr/cmake/modules/extensions.cmake(3044):  else()
C:/ncs/v2.7.0/zephyr/cmake/modules/extensions.cmake(3045):  if(DEFINED sysbuild_local_MODULE_EXT_ROOT )
C:/ncs/v2.7.0/zephyr/cmake/modules/extensions.cmake(3047):  else()
C:/ncs/v2.7.0/zephyr/cmake/modules/extensions.cmake(3048):  set(expansion_var PARENT_SCOPE )
C:/ncs/v2.7.0/zephyr/cmake/modules/extensions.cmake(3146):  if(DEFINED expansion_var )
C:/ncs/v2.7.0/zephyr/cmake/modules/extensions.cmake(3144):  foreach(var MODULE_EXT_ROOT )
C:/ncs/v2.7.0/zephyr/cmake/modules/extensions.cmake(3145):  zephyr_var_name(MODULE_EXT_ROOT sysbuild_global expansion_var )
C:/ncs/v2.7.0/zephyr/cmake/modules/extensions.cmake(3038):  if(scope STREQUAL ENV OR scope STREQUAL CACHE )
C:/ncs/v2.7.0/zephyr/cmake/modules/extensions.cmake(3044):  else()
C:/ncs/v2.7.0/zephyr/cmake/modules/extensions.cmake(3045):  if(DEFINED sysbuild_global_MODULE_EXT_ROOT )
C:/ncs/v2.7.0/zephyr/cmake/modules/extensions.cmake(3047):  else()
C:/ncs/v2.7.0/zephyr/cmake/modules/extensions.cmake(3048):  set(expansion_var PARENT_SCOPE )
C:/ncs/v2.7.0/zephyr/cmake/modules/extensions.cmake(3146):  if(DEFINED expansion_var )
C:/ncs/v2.7.0/zephyr/cmake/modules/extensions.cmake(3144):  foreach(var MODULE_EXT_ROOT )
C:/ncs/v2.7.0/zephyr/cmake/modules/extensions.cmake(3145):  zephyr_var_name(MODULE_EXT_ROOT CACHE expansion_var )
C:/ncs/v2.7.0/zephyr/cmake/modules/extensions.cmake(3038):  if(scope STREQUAL ENV OR scope STREQUAL CACHE )
C:/ncs/v2.7.0/zephyr/cmake/modules/extensions.cmake(3039):  if(DEFINED CACHE{MODULE_EXT_ROOT} )
C:/ncs/v2.7.0/zephyr/cmake/modules/extensions.cmake(3041):  else()
C:/ncs/v2.7.0/zephyr/cmake/modules/extensions.cmake(3042):  set(expansion_var PARENT_SCOPE )
C:/ncs/v2.7.0/zephyr/cmake/modules/extensions.cmake(3146):  if(DEFINED expansion_var )
C:/ncs/v2.7.0/zephyr/cmake/modules/extensions.cmake(3144):  foreach(var MODULE_EXT_ROOT )
C:/ncs/v2.7.0/zephyr/cmake/modules/extensions.cmake(3145):  zephyr_var_name(MODULE_EXT_ROOT snippets expansion_var )
C:/ncs/v2.7.0/zephyr/cmake/modules/extensions.cmake(3038):  if(scope STREQUAL ENV OR scope STREQUAL CACHE )
C:/ncs/v2.7.0/zephyr/cmake/modules/extensions.cmake(3044):  else()
C:/ncs/v2.7.0/zephyr/cmake/modules/extensions.cmake(3045):  if(DEFINED snippets_MODULE_EXT_ROOT )
C:/ncs/v2.7.0/zephyr/cmake/modules/extensions.cmake(3047):  else()
C:/ncs/v2.7.0/zephyr/cmake/modules/extensions.cmake(3048):  set(expansion_var PARENT_SCOPE )
C:/ncs/v2.7.0/zephyr/cmake/modules/extensions.cmake(3146):  if(DEFINED expansion_var )
C:/ncs/v2.7.0/zephyr/cmake/modules/extensions.cmake(3144):  foreach(var MODULE_EXT_ROOT )
C:/ncs/v2.7.0/zephyr/cmake/modules/extensions.cmake(3145):  zephyr_var_name(MODULE_EXT_ROOT ENV expansion_var )
C:/ncs/v2.7.0/zephyr/cmake/modules/extensions.cmake(3038):  if(scope STREQUAL ENV OR scope STREQUAL CACHE )
C:/ncs/v2.7.0/zephyr/cmake/modules/extensions.cmake(3039):  if(DEFINED ENV{MODULE_EXT_ROOT} )
C:/ncs/v2.7.0/zephyr/cmake/modules/extensions.cmake(3041):  else()
C:/ncs/v2.7.0/zephyr/cmake/modules/extensions.cmake(3042):  set(expansion_var PARENT_SCOPE )
C:/ncs/v2.7.0/zephyr/cmake/modules/extensions.cmake(3146):  if(DEFINED expansion_var )
C:/ncs/v2.7.0/zephyr/cmake/modules/extensions.cmake(3144):  foreach(var MODULE_EXT_ROOT )
C:/ncs/v2.7.0/zephyr/cmake/modules/extensions.cmake(3145):  zephyr_var_name(MODULE_EXT_ROOT current expansion_var )
C:/ncs/v2.7.0/zephyr/cmake/modules/extensions.cmake(3038):  if(scope STREQUAL ENV OR scope STREQUAL CACHE )
C:/ncs/v2.7.0/zephyr/cmake/modules/extensions.cmake(3044):  else()
C:/ncs/v2.7.0/zephyr/cmake/modules/extensions.cmake(3045):  if(DEFINED current_MODULE_EXT_ROOT )
C:/ncs/v2.7.0/zephyr/cmake/modules/extensions.cmake(3047):  else()
C:/ncs/v2.7.0/zephyr/cmake/modules/extensions.cmake(3048):  set(expansion_var PARENT_SCOPE )
C:/ncs/v2.7.0/zephyr/cmake/modules/extensions.cmake(3146):  if(DEFINED expansion_var )
C:/ncs/v2.7.0/zephyr/cmake/modules/extensions.cmake(3179):  if(GET_VAR_MERGE )
C:/ncs/v2.7.0/zephyr/cmake/modules/extensions.cmake(3180):  if(GET_VAR_REVERSE )
C:/ncs/v2.7.0/zephyr/cmake/modules/extensions.cmake(3184):  else()
C:/ncs/v2.7.0/zephyr/cmake/modules/extensions.cmake(3185):  list(REMOVE_DUPLICATES MODULE_EXT_ROOT )
C:/ncs/v2.7.0/zephyr/cmake/modules/extensions.cmake(3187):  set(MODULE_EXT_ROOT  PARENT_SCOPE )
C:/ncs/v2.7.0/zephyr/cmake/modules/root.cmake(27):  zephyr_get(BOARD_ROOT MERGE SYSBUILD GLOBAL )
C:/ncs/v2.7.0/zephyr/cmake/modules/extensions.cmake(3090):  cmake_parse_arguments(GET_VAR MERGE;REVERSE SYSBUILD VAR MERGE;SYSBUILD;GLOBAL )
C:/ncs/v2.7.0/zephyr/cmake/modules/extensions.cmake(3092):  if(DEFINED GET_VAR_SYSBUILD )
C:/ncs/v2.7.0/zephyr/cmake/modules/extensions.cmake(3093):  if(NOT ( GLOBAL STREQUAL GLOBAL OR GLOBAL STREQUAL LOCAL ) )
C:/ncs/v2.7.0/zephyr/cmake/modules/extensions.cmake(3102):  if(GET_VAR_REVERSE AND NOT GET_VAR_MERGE )
C:/ncs/v2.7.0/zephyr/cmake/modules/extensions.cmake(3106):  if(NOT DEFINED GET_VAR_VAR )
C:/ncs/v2.7.0/zephyr/cmake/modules/extensions.cmake(3107):  set(GET_VAR_VAR BOARD_ROOT )
C:/ncs/v2.7.0/zephyr/cmake/modules/extensions.cmake(3113):  foreach(var BOARD_ROOT )
C:/ncs/v2.7.0/zephyr/cmake/modules/extensions.cmake(3114):  set(current_BOARD_ROOT  )
C:/ncs/v2.7.0/zephyr/cmake/modules/extensions.cmake(3115):  set(BOARD_ROOT )
C:/ncs/v2.7.0/zephyr/cmake/modules/extensions.cmake(3117):  if(SYSBUILD )
C:/ncs/v2.7.0/zephyr/cmake/modules/extensions.cmake(3128):  else()
C:/ncs/v2.7.0/zephyr/cmake/modules/extensions.cmake(3129):  set(sysbuild_local_BOARD_ROOT )
C:/ncs/v2.7.0/zephyr/cmake/modules/extensions.cmake(3130):  set(sysbuild_global_BOARD_ROOT )
C:/ncs/v2.7.0/zephyr/cmake/modules/extensions.cmake(3133):  if(TARGET snippets_scope )
C:/ncs/v2.7.0/zephyr/cmake/modules/extensions.cmake(3138):  set(BOARD_ROOT  )
C:/ncs/v2.7.0/zephyr/cmake/modules/extensions.cmake(3139):  set(scopes sysbuild_local;sysbuild_global;CACHE;snippets;ENV;current )
C:/ncs/v2.7.0/zephyr/cmake/modules/extensions.cmake(3140):  if(GET_VAR_REVERSE )
C:/ncs/v2.7.0/zephyr/cmake/modules/extensions.cmake(3143):  foreach(scope IN LISTS scopes )
C:/ncs/v2.7.0/zephyr/cmake/modules/extensions.cmake(3144):  foreach(var BOARD_ROOT )
C:/ncs/v2.7.0/zephyr/cmake/modules/extensions.cmake(3145):  zephyr_var_name(BOARD_ROOT sysbuild_local expansion_var )
C:/ncs/v2.7.0/zephyr/cmake/modules/extensions.cmake(3038):  if(scope STREQUAL ENV OR scope STREQUAL CACHE )
C:/ncs/v2.7.0/zephyr/cmake/modules/extensions.cmake(3044):  else()
C:/ncs/v2.7.0/zephyr/cmake/modules/extensions.cmake(3045):  if(DEFINED sysbuild_local_BOARD_ROOT )
C:/ncs/v2.7.0/zephyr/cmake/modules/extensions.cmake(3047):  else()
C:/ncs/v2.7.0/zephyr/cmake/modules/extensions.cmake(3048):  set(expansion_var PARENT_SCOPE )
C:/ncs/v2.7.0/zephyr/cmake/modules/extensions.cmake(3146):  if(DEFINED expansion_var )
C:/ncs/v2.7.0/zephyr/cmake/modules/extensions.cmake(3144):  foreach(var BOARD_ROOT )
C:/ncs/v2.7.0/zephyr/cmake/modules/extensions.cmake(3145):  zephyr_var_name(BOARD_ROOT sysbuild_global expansion_var )
C:/ncs/v2.7.0/zephyr/cmake/modules/extensions.cmake(3038):  if(scope STREQUAL ENV OR scope STREQUAL CACHE )
C:/ncs/v2.7.0/zephyr/cmake/modules/extensions.cmake(3044):  else()
C:/ncs/v2.7.0/zephyr/cmake/modules/extensions.cmake(3045):  if(DEFINED sysbuild_global_BOARD_ROOT )
C:/ncs/v2.7.0/zephyr/cmake/modules/extensions.cmake(3047):  else()
C:/ncs/v2.7.0/zephyr/cmake/modules/extensions.cmake(3048):  set(expansion_var PARENT_SCOPE )
C:/ncs/v2.7.0/zephyr/cmake/modules/extensions.cmake(3146):  if(DEFINED expansion_var )
C:/ncs/v2.7.0/zephyr/cmake/modules/extensions.cmake(3144):  foreach(var BOARD_ROOT )
C:/ncs/v2.7.0/zephyr/cmake/modules/extensions.cmake(3145):  zephyr_var_name(BOARD_ROOT CACHE expansion_var )
C:/ncs/v2.7.0/zephyr/cmake/modules/extensions.cmake(3038):  if(scope STREQUAL ENV OR scope STREQUAL CACHE )
C:/ncs/v2.7.0/zephyr/cmake/modules/extensions.cmake(3039):  if(DEFINED CACHE{BOARD_ROOT} )
C:/ncs/v2.7.0/zephyr/cmake/modules/extensions.cmake(3041):  else()
C:/ncs/v2.7.0/zephyr/cmake/modules/extensions.cmake(3042):  set(expansion_var PARENT_SCOPE )
C:/ncs/v2.7.0/zephyr/cmake/modules/extensions.cmake(3146):  if(DEFINED expansion_var )
C:/ncs/v2.7.0/zephyr/cmake/modules/extensions.cmake(3144):  foreach(var BOARD_ROOT )
C:/ncs/v2.7.0/zephyr/cmake/modules/extensions.cmake(3145):  zephyr_var_name(BOARD_ROOT snippets expansion_var )
C:/ncs/v2.7.0/zephyr/cmake/modules/extensions.cmake(3038):  if(scope STREQUAL ENV OR scope STREQUAL CACHE )
C:/ncs/v2.7.0/zephyr/cmake/modules/extensions.cmake(3044):  else()
C:/ncs/v2.7.0/zephyr/cmake/modules/extensions.cmake(3045):  if(DEFINED snippets_BOARD_ROOT )
C:/ncs/v2.7.0/zephyr/cmake/modules/extensions.cmake(3047):  else()
C:/ncs/v2.7.0/zephyr/cmake/modules/extensions.cmake(3048):  set(expansion_var PARENT_SCOPE )
C:/ncs/v2.7.0/zephyr/cmake/modules/extensions.cmake(3146):  if(DEFINED expansion_var )
C:/ncs/v2.7.0/zephyr/cmake/modules/extensions.cmake(3144):  foreach(var BOARD_ROOT )
C:/ncs/v2.7.0/zephyr/cmake/modules/extensions.cmake(3145):  zephyr_var_name(BOARD_ROOT ENV expansion_var )
C:/ncs/v2.7.0/zephyr/cmake/modules/extensions.cmake(3038):  if(scope STREQUAL ENV OR scope STREQUAL CACHE )
C:/ncs/v2.7.0/zephyr/cmake/modules/extensions.cmake(3039):  if(DEFINED ENV{BOARD_ROOT} )
C:/ncs/v2.7.0/zephyr/cmake/modules/extensions.cmake(3041):  else()
C:/ncs/v2.7.0/zephyr/cmake/modules/extensions.cmake(3042):  set(expansion_var PARENT_SCOPE )
C:/ncs/v2.7.0/zephyr/cmake/modules/extensions.cmake(3146):  if(DEFINED expansion_var )
C:/ncs/v2.7.0/zephyr/cmake/modules/extensions.cmake(3144):  foreach(var BOARD_ROOT )
C:/ncs/v2.7.0/zephyr/cmake/modules/extensions.cmake(3145):  zephyr_var_name(BOARD_ROOT current expansion_var )
C:/ncs/v2.7.0/zephyr/cmake/modules/extensions.cmake(3038):  if(scope STREQUAL ENV OR scope STREQUAL CACHE )
C:/ncs/v2.7.0/zephyr/cmake/modules/extensions.cmake(3044):  else()
C:/ncs/v2.7.0/zephyr/cmake/modules/extensions.cmake(3045):  if(DEFINED current_BOARD_ROOT )
C:/ncs/v2.7.0/zephyr/cmake/modules/extensions.cmake(3047):  else()
C:/ncs/v2.7.0/zephyr/cmake/modules/extensions.cmake(3048):  set(expansion_var PARENT_SCOPE )
C:/ncs/v2.7.0/zephyr/cmake/modules/extensions.cmake(3146):  if(DEFINED expansion_var )
C:/ncs/v2.7.0/zephyr/cmake/modules/extensions.cmake(3179):  if(GET_VAR_MERGE )
C:/ncs/v2.7.0/zephyr/cmake/modules/extensions.cmake(3180):  if(GET_VAR_REVERSE )
C:/ncs/v2.7.0/zephyr/cmake/modules/extensions.cmake(3184):  else()
C:/ncs/v2.7.0/zephyr/cmake/modules/extensions.cmake(3185):  list(REMOVE_DUPLICATES BOARD_ROOT )
C:/ncs/v2.7.0/zephyr/cmake/modules/extensions.cmake(3187):  set(BOARD_ROOT  PARENT_SCOPE )
C:/ncs/v2.7.0/zephyr/cmake/modules/root.cmake(28):  zephyr_get(SOC_ROOT MERGE SYSBUILD GLOBAL )
C:/ncs/v2.7.0/zephyr/cmake/modules/extensions.cmake(3090):  cmake_parse_arguments(GET_VAR MERGE;REVERSE SYSBUILD VAR MERGE;SYSBUILD;GLOBAL )
C:/ncs/v2.7.0/zephyr/cmake/modules/extensions.cmake(3092):  if(DEFINED GET_VAR_SYSBUILD )
C:/ncs/v2.7.0/zephyr/cmake/modules/extensions.cmake(3093):  if(NOT ( GLOBAL STREQUAL GLOBAL OR GLOBAL STREQUAL LOCAL ) )
C:/ncs/v2.7.0/zephyr/cmake/modules/extensions.cmake(3102):  if(GET_VAR_REVERSE AND NOT GET_VAR_MERGE )
C:/ncs/v2.7.0/zephyr/cmake/modules/extensions.cmake(3106):  if(NOT DEFINED GET_VAR_VAR )
C:/ncs/v2.7.0/zephyr/cmake/modules/extensions.cmake(3107):  set(GET_VAR_VAR SOC_ROOT )
C:/ncs/v2.7.0/zephyr/cmake/modules/extensions.cmake(3113):  foreach(var SOC_ROOT )
C:/ncs/v2.7.0/zephyr/cmake/modules/extensions.cmake(3114):  set(current_SOC_ROOT  )
C:/ncs/v2.7.0/zephyr/cmake/modules/extensions.cmake(3115):  set(SOC_ROOT )
C:/ncs/v2.7.0/zephyr/cmake/modules/extensions.cmake(3117):  if(SYSBUILD )
C:/ncs/v2.7.0/zephyr/cmake/modules/extensions.cmake(3128):  else()
C:/ncs/v2.7.0/zephyr/cmake/modules/extensions.cmake(3129):  set(sysbuild_local_SOC_ROOT )
C:/ncs/v2.7.0/zephyr/cmake/modules/extensions.cmake(3130):  set(sysbuild_global_SOC_ROOT )
C:/ncs/v2.7.0/zephyr/cmake/modules/extensions.cmake(3133):  if(TARGET snippets_scope )
C:/ncs/v2.7.0/zephyr/cmake/modules/extensions.cmake(3138):  set(SOC_ROOT  )
C:/ncs/v2.7.0/zephyr/cmake/modules/extensions.cmake(3139):  set(scopes sysbuild_local;sysbuild_global;CACHE;snippets;ENV;current )
C:/ncs/v2.7.0/zephyr/cmake/modules/extensions.cmake(3140):  if(GET_VAR_REVERSE )
C:/ncs/v2.7.0/zephyr/cmake/modules/extensions.cmake(3143):  foreach(scope IN LISTS scopes )
C:/ncs/v2.7.0/zephyr/cmake/modules/extensions.cmake(3144):  foreach(var SOC_ROOT )
C:/ncs/v2.7.0/zephyr/cmake/modules/extensions.cmake(3145):  zephyr_var_name(SOC_ROOT sysbuild_local expansion_var )
C:/ncs/v2.7.0/zephyr/cmake/modules/extensions.cmake(3038):  if(scope STREQUAL ENV OR scope STREQUAL CACHE )
C:/ncs/v2.7.0/zephyr/cmake/modules/extensions.cmake(3044):  else()
C:/ncs/v2.7.0/zephyr/cmake/modules/extensions.cmake(3045):  if(DEFINED sysbuild_local_SOC_ROOT )
C:/ncs/v2.7.0/zephyr/cmake/modules/extensions.cmake(3047):  else()
C:/ncs/v2.7.0/zephyr/cmake/modules/extensions.cmake(3048):  set(expansion_var PARENT_SCOPE )
C:/ncs/v2.7.0/zephyr/cmake/modules/extensions.cmake(3146):  if(DEFINED expansion_var )
C:/ncs/v2.7.0/zephyr/cmake/modules/extensions.cmake(3144):  foreach(var SOC_ROOT )
C:/ncs/v2.7.0/zephyr/cmake/modules/extensions.cmake(3145):  zephyr_var_name(SOC_ROOT sysbuild_global expansion_var )
C:/ncs/v2.7.0/zephyr/cmake/modules/extensions.cmake(3038):  if(scope STREQUAL ENV OR scope STREQUAL CACHE )
C:/ncs/v2.7.0/zephyr/cmake/modules/extensions.cmake(3044):  else()
C:/ncs/v2.7.0/zephyr/cmake/modules/extensions.cmake(3045):  if(DEFINED sysbuild_global_SOC_ROOT )
C:/ncs/v2.7.0/zephyr/cmake/modules/extensions.cmake(3047):  else()
C:/ncs/v2.7.0/zephyr/cmake/modules/extensions.cmake(3048):  set(expansion_var PARENT_SCOPE )
C:/ncs/v2.7.0/zephyr/cmake/modules/extensions.cmake(3146):  if(DEFINED expansion_var )
C:/ncs/v2.7.0/zephyr/cmake/modules/extensions.cmake(3144):  foreach(var SOC_ROOT )
C:/ncs/v2.7.0/zephyr/cmake/modules/extensions.cmake(3145):  zephyr_var_name(SOC_ROOT CACHE expansion_var )
C:/ncs/v2.7.0/zephyr/cmake/modules/extensions.cmake(3038):  if(scope STREQUAL ENV OR scope STREQUAL CACHE )
C:/ncs/v2.7.0/zephyr/cmake/modules/extensions.cmake(3039):  if(DEFINED CACHE{SOC_ROOT} )
C:/ncs/v2.7.0/zephyr/cmake/modules/extensions.cmake(3041):  else()
C:/ncs/v2.7.0/zephyr/cmake/modules/extensions.cmake(3042):  set(expansion_var PARENT_SCOPE )
C:/ncs/v2.7.0/zephyr/cmake/modules/extensions.cmake(3146):  if(DEFINED expansion_var )
C:/ncs/v2.7.0/zephyr/cmake/modules/extensions.cmake(3144):  foreach(var SOC_ROOT )
C:/ncs/v2.7.0/zephyr/cmake/modules/extensions.cmake(3145):  zephyr_var_name(SOC_ROOT snippets expansion_var )
C:/ncs/v2.7.0/zephyr/cmake/modules/extensions.cmake(3038):  if(scope STREQUAL ENV OR scope STREQUAL CACHE )
C:/ncs/v2.7.0/zephyr/cmake/modules/extensions.cmake(3044):  else()
C:/ncs/v2.7.0/zephyr/cmake/modules/extensions.cmake(3045):  if(DEFINED snippets_SOC_ROOT )
C:/ncs/v2.7.0/zephyr/cmake/modules/extensions.cmake(3047):  else()
C:/ncs/v2.7.0/zephyr/cmake/modules/extensions.cmake(3048):  set(expansion_var PARENT_SCOPE )
C:/ncs/v2.7.0/zephyr/cmake/modules/extensions.cmake(3146):  if(DEFINED expansion_var )
C:/ncs/v2.7.0/zephyr/cmake/modules/extensions.cmake(3144):  foreach(var SOC_ROOT )
C:/ncs/v2.7.0/zephyr/cmake/modules/extensions.cmake(3145):  zephyr_var_name(SOC_ROOT ENV expansion_var )
C:/ncs/v2.7.0/zephyr/cmake/modules/extensions.cmake(3038):  if(scope STREQUAL ENV OR scope STREQUAL CACHE )
C:/ncs/v2.7.0/zephyr/cmake/modules/extensions.cmake(3039):  if(DEFINED ENV{SOC_ROOT} )
C:/ncs/v2.7.0/zephyr/cmake/modules/extensions.cmake(3041):  else()
C:/ncs/v2.7.0/zephyr/cmake/modules/extensions.cmake(3042):  set(expansion_var PARENT_SCOPE )
C:/ncs/v2.7.0/zephyr/cmake/modules/extensions.cmake(3146):  if(DEFINED expansion_var )
C:/ncs/v2.7.0/zephyr/cmake/modules/extensions.cmake(3144):  foreach(var SOC_ROOT )
C:/ncs/v2.7.0/zephyr/cmake/modules/extensions.cmake(3145):  zephyr_var_name(SOC_ROOT current expansion_var )
C:/ncs/v2.7.0/zephyr/cmake/modules/extensions.cmake(3038):  if(scope STREQUAL ENV OR scope STREQUAL CACHE )
C:/ncs/v2.7.0/zephyr/cmake/modules/extensions.cmake(3044):  else()
C:/ncs/v2.7.0/zephyr/cmake/modules/extensions.cmake(3045):  if(DEFINED current_SOC_ROOT )
C:/ncs/v2.7.0/zephyr/cmake/modules/extensions.cmake(3047):  else()
C:/ncs/v2.7.0/zephyr/cmake/modules/extensions.cmake(3048):  set(expansion_var PARENT_SCOPE )
C:/ncs/v2.7.0/zephyr/cmake/modules/extensions.cmake(3146):  if(DEFINED expansion_var )
C:/ncs/v2.7.0/zephyr/cmake/modules/extensions.cmake(3179):  if(GET_VAR_MERGE )
C:/ncs/v2.7.0/zephyr/cmake/modules/extensions.cmake(3180):  if(GET_VAR_REVERSE )
C:/ncs/v2.7.0/zephyr/cmake/modules/extensions.cmake(3184):  else()
C:/ncs/v2.7.0/zephyr/cmake/modules/extensions.cmake(3185):  list(REMOVE_DUPLICATES SOC_ROOT )
C:/ncs/v2.7.0/zephyr/cmake/modules/extensions.cmake(3187):  set(SOC_ROOT  PARENT_SCOPE )
C:/ncs/v2.7.0/zephyr/cmake/modules/root.cmake(29):  zephyr_get(ARCH_ROOT MERGE SYSBUILD GLOBAL )
C:/ncs/v2.7.0/zephyr/cmake/modules/extensions.cmake(3090):  cmake_parse_arguments(GET_VAR MERGE;REVERSE SYSBUILD VAR MERGE;SYSBUILD;GLOBAL )
C:/ncs/v2.7.0/zephyr/cmake/modules/extensions.cmake(3092):  if(DEFINED GET_VAR_SYSBUILD )
C:/ncs/v2.7.0/zephyr/cmake/modules/extensions.cmake(3093):  if(NOT ( GLOBAL STREQUAL GLOBAL OR GLOBAL STREQUAL LOCAL ) )
C:/ncs/v2.7.0/zephyr/cmake/modules/extensions.cmake(3102):  if(GET_VAR_REVERSE AND NOT GET_VAR_MERGE )
C:/ncs/v2.7.0/zephyr/cmake/modules/extensions.cmake(3106):  if(NOT DEFINED GET_VAR_VAR )
C:/ncs/v2.7.0/zephyr/cmake/modules/extensions.cmake(3107):  set(GET_VAR_VAR ARCH_ROOT )
C:/ncs/v2.7.0/zephyr/cmake/modules/extensions.cmake(3113):  foreach(var ARCH_ROOT )
C:/ncs/v2.7.0/zephyr/cmake/modules/extensions.cmake(3114):  set(current_ARCH_ROOT  )
C:/ncs/v2.7.0/zephyr/cmake/modules/extensions.cmake(3115):  set(ARCH_ROOT )
C:/ncs/v2.7.0/zephyr/cmake/modules/extensions.cmake(3117):  if(SYSBUILD )
C:/ncs/v2.7.0/zephyr/cmake/modules/extensions.cmake(3128):  else()
C:/ncs/v2.7.0/zephyr/cmake/modules/extensions.cmake(3129):  set(sysbuild_local_ARCH_ROOT )
C:/ncs/v2.7.0/zephyr/cmake/modules/extensions.cmake(3130):  set(sysbuild_global_ARCH_ROOT )
C:/ncs/v2.7.0/zephyr/cmake/modules/extensions.cmake(3133):  if(TARGET snippets_scope )
C:/ncs/v2.7.0/zephyr/cmake/modules/extensions.cmake(3138):  set(ARCH_ROOT  )
C:/ncs/v2.7.0/zephyr/cmake/modules/extensions.cmake(3139):  set(scopes sysbuild_local;sysbuild_global;CACHE;snippets;ENV;current )
C:/ncs/v2.7.0/zephyr/cmake/modules/extensions.cmake(3140):  if(GET_VAR_REVERSE )
C:/ncs/v2.7.0/zephyr/cmake/modules/extensions.cmake(3143):  foreach(scope IN LISTS scopes )
C:/ncs/v2.7.0/zephyr/cmake/modules/extensions.cmake(3144):  foreach(var ARCH_ROOT )
C:/ncs/v2.7.0/zephyr/cmake/modules/extensions.cmake(3145):  zephyr_var_name(ARCH_ROOT sysbuild_local expansion_var )
C:/ncs/v2.7.0/zephyr/cmake/modules/extensions.cmake(3038):  if(scope STREQUAL ENV OR scope STREQUAL CACHE )
C:/ncs/v2.7.0/zephyr/cmake/modules/extensions.cmake(3044):  else()
C:/ncs/v2.7.0/zephyr/cmake/modules/extensions.cmake(3045):  if(DEFINED sysbuild_local_ARCH_ROOT )
C:/ncs/v2.7.0/zephyr/cmake/modules/extensions.cmake(3047):  else()
C:/ncs/v2.7.0/zephyr/cmake/modules/extensions.cmake(3048):  set(expansion_var PARENT_SCOPE )
C:/ncs/v2.7.0/zephyr/cmake/modules/extensions.cmake(3146):  if(DEFINED expansion_var )
C:/ncs/v2.7.0/zephyr/cmake/modules/extensions.cmake(3144):  foreach(var ARCH_ROOT )
C:/ncs/v2.7.0/zephyr/cmake/modules/extensions.cmake(3145):  zephyr_var_name(ARCH_ROOT sysbuild_global expansion_var )
C:/ncs/v2.7.0/zephyr/cmake/modules/extensions.cmake(3038):  if(scope STREQUAL ENV OR scope STREQUAL CACHE )
C:/ncs/v2.7.0/zephyr/cmake/modules/extensions.cmake(3044):  else()
C:/ncs/v2.7.0/zephyr/cmake/modules/extensions.cmake(3045):  if(DEFINED sysbuild_global_ARCH_ROOT )
C:/ncs/v2.7.0/zephyr/cmake/modules/extensions.cmake(3047):  else()
C:/ncs/v2.7.0/zephyr/cmake/modules/extensions.cmake(3048):  set(expansion_var PARENT_SCOPE )
C:/ncs/v2.7.0/zephyr/cmake/modules/extensions.cmake(3146):  if(DEFINED expansion_var )
C:/ncs/v2.7.0/zephyr/cmake/modules/extensions.cmake(3144):  foreach(var ARCH_ROOT )
C:/ncs/v2.7.0/zephyr/cmake/modules/extensions.cmake(3145):  zephyr_var_name(ARCH_ROOT CACHE expansion_var )
C:/ncs/v2.7.0/zephyr/cmake/modules/extensions.cmake(3038):  if(scope STREQUAL ENV OR scope STREQUAL CACHE )
C:/ncs/v2.7.0/zephyr/cmake/modules/extensions.cmake(3039):  if(DEFINED CACHE{ARCH_ROOT} )
C:/ncs/v2.7.0/zephyr/cmake/modules/extensions.cmake(3041):  else()
C:/ncs/v2.7.0/zephyr/cmake/modules/extensions.cmake(3042):  set(expansion_var PARENT_SCOPE )
C:/ncs/v2.7.0/zephyr/cmake/modules/extensions.cmake(3146):  if(DEFINED expansion_var )
C:/ncs/v2.7.0/zephyr/cmake/modules/extensions.cmake(3144):  foreach(var ARCH_ROOT )
C:/ncs/v2.7.0/zephyr/cmake/modules/extensions.cmake(3145):  zephyr_var_name(ARCH_ROOT snippets expansion_var )
C:/ncs/v2.7.0/zephyr/cmake/modules/extensions.cmake(3038):  if(scope STREQUAL ENV OR scope STREQUAL CACHE )
C:/ncs/v2.7.0/zephyr/cmake/modules/extensions.cmake(3044):  else()
C:/ncs/v2.7.0/zephyr/cmake/modules/extensions.cmake(3045):  if(DEFINED snippets_ARCH_ROOT )
C:/ncs/v2.7.0/zephyr/cmake/modules/extensions.cmake(3047):  else()
C:/ncs/v2.7.0/zephyr/cmake/modules/extensions.cmake(3048):  set(expansion_var PARENT_SCOPE )
C:/ncs/v2.7.0/zephyr/cmake/modules/extensions.cmake(3146):  if(DEFINED expansion_var )
C:/ncs/v2.7.0/zephyr/cmake/modules/extensions.cmake(3144):  foreach(var ARCH_ROOT )
C:/ncs/v2.7.0/zephyr/cmake/modules/extensions.cmake(3145):  zephyr_var_name(ARCH_ROOT ENV expansion_var )
C:/ncs/v2.7.0/zephyr/cmake/modules/extensions.cmake(3038):  if(scope STREQUAL ENV OR scope STREQUAL CACHE )
C:/ncs/v2.7.0/zephyr/cmake/modules/extensions.cmake(3039):  if(DEFINED ENV{ARCH_ROOT} )
C:/ncs/v2.7.0/zephyr/cmake/modules/extensions.cmake(3041):  else()
C:/ncs/v2.7.0/zephyr/cmake/modules/extensions.cmake(3042):  set(expansion_var PARENT_SCOPE )
C:/ncs/v2.7.0/zephyr/cmake/modules/extensions.cmake(3146):  if(DEFINED expansion_var )
C:/ncs/v2.7.0/zephyr/cmake/modules/extensions.cmake(3144):  foreach(var ARCH_ROOT )
C:/ncs/v2.7.0/zephyr/cmake/modules/extensions.cmake(3145):  zephyr_var_name(ARCH_ROOT current expansion_var )
C:/ncs/v2.7.0/zephyr/cmake/modules/extensions.cmake(3038):  if(scope STREQUAL ENV OR scope STREQUAL CACHE )
C:/ncs/v2.7.0/zephyr/cmake/modules/extensions.cmake(3044):  else()
C:/ncs/v2.7.0/zephyr/cmake/modules/extensions.cmake(3045):  if(DEFINED current_ARCH_ROOT )
C:/ncs/v2.7.0/zephyr/cmake/modules/extensions.cmake(3047):  else()
C:/ncs/v2.7.0/zephyr/cmake/modules/extensions.cmake(3048):  set(expansion_var PARENT_SCOPE )
C:/ncs/v2.7.0/zephyr/cmake/modules/extensions.cmake(3146):  if(DEFINED expansion_var )
C:/ncs/v2.7.0/zephyr/cmake/modules/extensions.cmake(3179):  if(GET_VAR_MERGE )
C:/ncs/v2.7.0/zephyr/cmake/modules/extensions.cmake(3180):  if(GET_VAR_REVERSE )
C:/ncs/v2.7.0/zephyr/cmake/modules/extensions.cmake(3184):  else()
C:/ncs/v2.7.0/zephyr/cmake/modules/extensions.cmake(3185):  list(REMOVE_DUPLICATES ARCH_ROOT )
C:/ncs/v2.7.0/zephyr/cmake/modules/extensions.cmake(3187):  set(ARCH_ROOT  PARENT_SCOPE )
C:/ncs/v2.7.0/zephyr/cmake/modules/root.cmake(30):  zephyr_get(SCA_ROOT MERGE SYSBUILD GLOBAL )
C:/ncs/v2.7.0/zephyr/cmake/modules/extensions.cmake(3090):  cmake_parse_arguments(GET_VAR MERGE;REVERSE SYSBUILD VAR MERGE;SYSBUILD;GLOBAL )
C:/ncs/v2.7.0/zephyr/cmake/modules/extensions.cmake(3092):  if(DEFINED GET_VAR_SYSBUILD )
C:/ncs/v2.7.0/zephyr/cmake/modules/extensions.cmake(3093):  if(NOT ( GLOBAL STREQUAL GLOBAL OR GLOBAL STREQUAL LOCAL ) )
C:/ncs/v2.7.0/zephyr/cmake/modules/extensions.cmake(3102):  if(GET_VAR_REVERSE AND NOT GET_VAR_MERGE )
C:/ncs/v2.7.0/zephyr/cmake/modules/extensions.cmake(3106):  if(NOT DEFINED GET_VAR_VAR )
C:/ncs/v2.7.0/zephyr/cmake/modules/extensions.cmake(3107):  set(GET_VAR_VAR SCA_ROOT )
C:/ncs/v2.7.0/zephyr/cmake/modules/extensions.cmake(3113):  foreach(var SCA_ROOT )
C:/ncs/v2.7.0/zephyr/cmake/modules/extensions.cmake(3114):  set(current_SCA_ROOT  )
C:/ncs/v2.7.0/zephyr/cmake/modules/extensions.cmake(3115):  set(SCA_ROOT )
C:/ncs/v2.7.0/zephyr/cmake/modules/extensions.cmake(3117):  if(SYSBUILD )
C:/ncs/v2.7.0/zephyr/cmake/modules/extensions.cmake(3128):  else()
C:/ncs/v2.7.0/zephyr/cmake/modules/extensions.cmake(3129):  set(sysbuild_local_SCA_ROOT )
C:/ncs/v2.7.0/zephyr/cmake/modules/extensions.cmake(3130):  set(sysbuild_global_SCA_ROOT )
C:/ncs/v2.7.0/zephyr/cmake/modules/extensions.cmake(3133):  if(TARGET snippets_scope )
C:/ncs/v2.7.0/zephyr/cmake/modules/extensions.cmake(3138):  set(SCA_ROOT  )
C:/ncs/v2.7.0/zephyr/cmake/modules/extensions.cmake(3139):  set(scopes sysbuild_local;sysbuild_global;CACHE;snippets;ENV;current )
C:/ncs/v2.7.0/zephyr/cmake/modules/extensions.cmake(3140):  if(GET_VAR_REVERSE )
C:/ncs/v2.7.0/zephyr/cmake/modules/extensions.cmake(3143):  foreach(scope IN LISTS scopes )
C:/ncs/v2.7.0/zephyr/cmake/modules/extensions.cmake(3144):  foreach(var SCA_ROOT )
C:/ncs/v2.7.0/zephyr/cmake/modules/extensions.cmake(3145):  zephyr_var_name(SCA_ROOT sysbuild_local expansion_var )
C:/ncs/v2.7.0/zephyr/cmake/modules/extensions.cmake(3038):  if(scope STREQUAL ENV OR scope STREQUAL CACHE )
C:/ncs/v2.7.0/zephyr/cmake/modules/extensions.cmake(3044):  else()
C:/ncs/v2.7.0/zephyr/cmake/modules/extensions.cmake(3045):  if(DEFINED sysbuild_local_SCA_ROOT )
C:/ncs/v2.7.0/zephyr/cmake/modules/extensions.cmake(3047):  else()
C:/ncs/v2.7.0/zephyr/cmake/modules/extensions.cmake(3048):  set(expansion_var PARENT_SCOPE )
C:/ncs/v2.7.0/zephyr/cmake/modules/extensions.cmake(3146):  if(DEFINED expansion_var )
C:/ncs/v2.7.0/zephyr/cmake/modules/extensions.cmake(3144):  foreach(var SCA_ROOT )
C:/ncs/v2.7.0/zephyr/cmake/modules/extensions.cmake(3145):  zephyr_var_name(SCA_ROOT sysbuild_global expansion_var )
C:/ncs/v2.7.0/zephyr/cmake/modules/extensions.cmake(3038):  if(scope STREQUAL ENV OR scope STREQUAL CACHE )
C:/ncs/v2.7.0/zephyr/cmake/modules/extensions.cmake(3044):  else()
C:/ncs/v2.7.0/zephyr/cmake/modules/extensions.cmake(3045):  if(DEFINED sysbuild_global_SCA_ROOT )
C:/ncs/v2.7.0/zephyr/cmake/modules/extensions.cmake(3047):  else()
C:/ncs/v2.7.0/zephyr/cmake/modules/extensions.cmake(3048):  set(expansion_var PARENT_SCOPE )
C:/ncs/v2.7.0/zephyr/cmake/modules/extensions.cmake(3146):  if(DEFINED expansion_var )
C:/ncs/v2.7.0/zephyr/cmake/modules/extensions.cmake(3144):  foreach(var SCA_ROOT )
C:/ncs/v2.7.0/zephyr/cmake/modules/extensions.cmake(3145):  zephyr_var_name(SCA_ROOT CACHE expansion_var )
C:/ncs/v2.7.0/zephyr/cmake/modules/extensions.cmake(3038):  if(scope STREQUAL ENV OR scope STREQUAL CACHE )
C:/ncs/v2.7.0/zephyr/cmake/modules/extensions.cmake(3039):  if(DEFINED CACHE{SCA_ROOT} )
C:/ncs/v2.7.0/zephyr/cmake/modules/extensions.cmake(3041):  else()
C:/ncs/v2.7.0/zephyr/cmake/modules/extensions.cmake(3042):  set(expansion_var PARENT_SCOPE )
C:/ncs/v2.7.0/zephyr/cmake/modules/extensions.cmake(3146):  if(DEFINED expansion_var )
C:/ncs/v2.7.0/zephyr/cmake/modules/extensions.cmake(3144):  foreach(var SCA_ROOT )
C:/ncs/v2.7.0/zephyr/cmake/modules/extensions.cmake(3145):  zephyr_var_name(SCA_ROOT snippets expansion_var )
C:/ncs/v2.7.0/zephyr/cmake/modules/extensions.cmake(3038):  if(scope STREQUAL ENV OR scope STREQUAL CACHE )
C:/ncs/v2.7.0/zephyr/cmake/modules/extensions.cmake(3044):  else()
C:/ncs/v2.7.0/zephyr/cmake/modules/extensions.cmake(3045):  if(DEFINED snippets_SCA_ROOT )
C:/ncs/v2.7.0/zephyr/cmake/modules/extensions.cmake(3047):  else()
C:/ncs/v2.7.0/zephyr/cmake/modules/extensions.cmake(3048):  set(expansion_var PARENT_SCOPE )
C:/ncs/v2.7.0/zephyr/cmake/modules/extensions.cmake(3146):  if(DEFINED expansion_var )
C:/ncs/v2.7.0/zephyr/cmake/modules/extensions.cmake(3144):  foreach(var SCA_ROOT )
C:/ncs/v2.7.0/zephyr/cmake/modules/extensions.cmake(3145):  zephyr_var_name(SCA_ROOT ENV expansion_var )
C:/ncs/v2.7.0/zephyr/cmake/modules/extensions.cmake(3038):  if(scope STREQUAL ENV OR scope STREQUAL CACHE )
C:/ncs/v2.7.0/zephyr/cmake/modules/extensions.cmake(3039):  if(DEFINED ENV{SCA_ROOT} )
C:/ncs/v2.7.0/zephyr/cmake/modules/extensions.cmake(3041):  else()
C:/ncs/v2.7.0/zephyr/cmake/modules/extensions.cmake(3042):  set(expansion_var PARENT_SCOPE )
C:/ncs/v2.7.0/zephyr/cmake/modules/extensions.cmake(3146):  if(DEFINED expansion_var )
C:/ncs/v2.7.0/zephyr/cmake/modules/extensions.cmake(3144):  foreach(var SCA_ROOT )
C:/ncs/v2.7.0/zephyr/cmake/modules/extensions.cmake(3145):  zephyr_var_name(SCA_ROOT current expansion_var )
C:/ncs/v2.7.0/zephyr/cmake/modules/extensions.cmake(3038):  if(scope STREQUAL ENV OR scope STREQUAL CACHE )
C:/ncs/v2.7.0/zephyr/cmake/modules/extensions.cmake(3044):  else()
C:/ncs/v2.7.0/zephyr/cmake/modules/extensions.cmake(3045):  if(DEFINED current_SCA_ROOT )
C:/ncs/v2.7.0/zephyr/cmake/modules/extensions.cmake(3047):  else()
C:/ncs/v2.7.0/zephyr/cmake/modules/extensions.cmake(3048):  set(expansion_var PARENT_SCOPE )
C:/ncs/v2.7.0/zephyr/cmake/modules/extensions.cmake(3146):  if(DEFINED expansion_var )
C:/ncs/v2.7.0/zephyr/cmake/modules/extensions.cmake(3179):  if(GET_VAR_MERGE )
C:/ncs/v2.7.0/zephyr/cmake/modules/extensions.cmake(3180):  if(GET_VAR_REVERSE )
C:/ncs/v2.7.0/zephyr/cmake/modules/extensions.cmake(3184):  else()
C:/ncs/v2.7.0/zephyr/cmake/modules/extensions.cmake(3185):  list(REMOVE_DUPLICATES SCA_ROOT )
C:/ncs/v2.7.0/zephyr/cmake/modules/extensions.cmake(3187):  set(SCA_ROOT  PARENT_SCOPE )
C:/ncs/v2.7.0/zephyr/cmake/modules/root.cmake(33):  zephyr_file(APPLICATION_ROOT MODULE_EXT_ROOT )
C:/ncs/v2.7.0/zephyr/cmake/modules/extensions.cmake(2585):  set(file_options APPLICATION_ROOT CONF_FILES )
C:/ncs/v2.7.0/zephyr/cmake/modules/extensions.cmake(2586):  if(( ARGC EQUAL 0 ) OR ( NOT ( ARGV0 IN_LIST file_options ) ) )
C:/ncs/v2.7.0/zephyr/cmake/modules/extensions.cmake(2591):  if(APPLICATION_ROOT STREQUAL APPLICATION_ROOT )
C:/ncs/v2.7.0/zephyr/cmake/modules/extensions.cmake(2592):  set(single_args APPLICATION_ROOT BASE_DIR )
C:/ncs/v2.7.0/zephyr/cmake/modules/extensions.cmake(2599):  cmake_parse_arguments(ZFILE  APPLICATION_ROOT;BASE_DIR  APPLICATION_ROOT;MODULE_EXT_ROOT )
C:/ncs/v2.7.0/zephyr/cmake/modules/extensions.cmake(2600):  if(ZFILE_UNPARSED_ARGUMENTS )
C:/ncs/v2.7.0/zephyr/cmake/modules/extensions.cmake(2604):  if(ZFILE_APPLICATION_ROOT )
C:/ncs/v2.7.0/zephyr/cmake/modules/extensions.cmake(2605):  if(NOT DEFINED ZFILE_BASE_DIR )
C:/ncs/v2.7.0/zephyr/cmake/modules/extensions.cmake(2606):  set(ZFILE_BASE_DIR C:/ncs/projects/light_bulb )
C:/ncs/v2.7.0/zephyr/cmake/modules/extensions.cmake(2612):  set(CACHED_PATH  )
C:/ncs/v2.7.0/zephyr/cmake/modules/extensions.cmake(2613):  foreach(path  )
C:/ncs/v2.7.0/zephyr/cmake/modules/extensions.cmake(2629):  foreach(path  )
C:/ncs/v2.7.0/zephyr/cmake/modules/extensions.cmake(2639):  list(REMOVE_DUPLICATES MODULE_EXT_ROOT )
C:/ncs/v2.7.0/zephyr/cmake/modules/extensions.cmake(2641):  set(MODULE_EXT_ROOT  PARENT_SCOPE )
C:/ncs/v2.7.0/zephyr/cmake/modules/extensions.cmake(2644):  if(ZFILE_CONF_FILES )
C:/ncs/v2.7.0/zephyr/cmake/modules/root.cmake(34):  zephyr_file(APPLICATION_ROOT BOARD_ROOT )
C:/ncs/v2.7.0/zephyr/cmake/modules/extensions.cmake(2585):  set(file_options APPLICATION_ROOT CONF_FILES )
C:/ncs/v2.7.0/zephyr/cmake/modules/extensions.cmake(2586):  if(( ARGC EQUAL 0 ) OR ( NOT ( ARGV0 IN_LIST file_options ) ) )
C:/ncs/v2.7.0/zephyr/cmake/modules/extensions.cmake(2591):  if(APPLICATION_ROOT STREQUAL APPLICATION_ROOT )
C:/ncs/v2.7.0/zephyr/cmake/modules/extensions.cmake(2592):  set(single_args APPLICATION_ROOT BASE_DIR )
C:/ncs/v2.7.0/zephyr/cmake/modules/extensions.cmake(2599):  cmake_parse_arguments(ZFILE  APPLICATION_ROOT;BASE_DIR  APPLICATION_ROOT;BOARD_ROOT )
C:/ncs/v2.7.0/zephyr/cmake/modules/extensions.cmake(2600):  if(ZFILE_UNPARSED_ARGUMENTS )
C:/ncs/v2.7.0/zephyr/cmake/modules/extensions.cmake(2604):  if(ZFILE_APPLICATION_ROOT )
C:/ncs/v2.7.0/zephyr/cmake/modules/extensions.cmake(2605):  if(NOT DEFINED ZFILE_BASE_DIR )
C:/ncs/v2.7.0/zephyr/cmake/modules/extensions.cmake(2606):  set(ZFILE_BASE_DIR C:/ncs/projects/light_bulb )
C:/ncs/v2.7.0/zephyr/cmake/modules/extensions.cmake(2612):  set(CACHED_PATH  )
C:/ncs/v2.7.0/zephyr/cmake/modules/extensions.cmake(2613):  foreach(path  )
C:/ncs/v2.7.0/zephyr/cmake/modules/extensions.cmake(2629):  foreach(path  )
C:/ncs/v2.7.0/zephyr/cmake/modules/extensions.cmake(2639):  list(REMOVE_DUPLICATES BOARD_ROOT )
C:/ncs/v2.7.0/zephyr/cmake/modules/extensions.cmake(2641):  set(BOARD_ROOT  PARENT_SCOPE )
C:/ncs/v2.7.0/zephyr/cmake/modules/extensions.cmake(2644):  if(ZFILE_CONF_FILES )
C:/ncs/v2.7.0/zephyr/cmake/modules/root.cmake(35):  zephyr_file(APPLICATION_ROOT SOC_ROOT )
C:/ncs/v2.7.0/zephyr/cmake/modules/extensions.cmake(2585):  set(file_options APPLICATION_ROOT CONF_FILES )
C:/ncs/v2.7.0/zephyr/cmake/modules/extensions.cmake(2586):  if(( ARGC EQUAL 0 ) OR ( NOT ( ARGV0 IN_LIST file_options ) ) )
C:/ncs/v2.7.0/zephyr/cmake/modules/extensions.cmake(2591):  if(APPLICATION_ROOT STREQUAL APPLICATION_ROOT )
C:/ncs/v2.7.0/zephyr/cmake/modules/extensions.cmake(2592):  set(single_args APPLICATION_ROOT BASE_DIR )
C:/ncs/v2.7.0/zephyr/cmake/modules/extensions.cmake(2599):  cmake_parse_arguments(ZFILE  APPLICATION_ROOT;BASE_DIR  APPLICATION_ROOT;SOC_ROOT )
C:/ncs/v2.7.0/zephyr/cmake/modules/extensions.cmake(2600):  if(ZFILE_UNPARSED_ARGUMENTS )
C:/ncs/v2.7.0/zephyr/cmake/modules/extensions.cmake(2604):  if(ZFILE_APPLICATION_ROOT )
C:/ncs/v2.7.0/zephyr/cmake/modules/extensions.cmake(2605):  if(NOT DEFINED ZFILE_BASE_DIR )
C:/ncs/v2.7.0/zephyr/cmake/modules/extensions.cmake(2606):  set(ZFILE_BASE_DIR C:/ncs/projects/light_bulb )
C:/ncs/v2.7.0/zephyr/cmake/modules/extensions.cmake(2612):  set(CACHED_PATH  )
C:/ncs/v2.7.0/zephyr/cmake/modules/extensions.cmake(2613):  foreach(path  )
C:/ncs/v2.7.0/zephyr/cmake/modules/extensions.cmake(2629):  foreach(path  )
C:/ncs/v2.7.0/zephyr/cmake/modules/extensions.cmake(2639):  list(REMOVE_DUPLICATES SOC_ROOT )
C:/ncs/v2.7.0/zephyr/cmake/modules/extensions.cmake(2641):  set(SOC_ROOT  PARENT_SCOPE )
C:/ncs/v2.7.0/zephyr/cmake/modules/extensions.cmake(2644):  if(ZFILE_CONF_FILES )
C:/ncs/v2.7.0/zephyr/cmake/modules/root.cmake(36):  zephyr_file(APPLICATION_ROOT ARCH_ROOT )
C:/ncs/v2.7.0/zephyr/cmake/modules/extensions.cmake(2585):  set(file_options APPLICATION_ROOT CONF_FILES )
C:/ncs/v2.7.0/zephyr/cmake/modules/extensions.cmake(2586):  if(( ARGC EQUAL 0 ) OR ( NOT ( ARGV0 IN_LIST file_options ) ) )
C:/ncs/v2.7.0/zephyr/cmake/modules/extensions.cmake(2591):  if(APPLICATION_ROOT STREQUAL APPLICATION_ROOT )
C:/ncs/v2.7.0/zephyr/cmake/modules/extensions.cmake(2592):  set(single_args APPLICATION_ROOT BASE_DIR )
C:/ncs/v2.7.0/zephyr/cmake/modules/extensions.cmake(2599):  cmake_parse_arguments(ZFILE  APPLICATION_ROOT;BASE_DIR  APPLICATION_ROOT;ARCH_ROOT )
C:/ncs/v2.7.0/zephyr/cmake/modules/extensions.cmake(2600):  if(ZFILE_UNPARSED_ARGUMENTS )
C:/ncs/v2.7.0/zephyr/cmake/modules/extensions.cmake(2604):  if(ZFILE_APPLICATION_ROOT )
C:/ncs/v2.7.0/zephyr/cmake/modules/extensions.cmake(2605):  if(NOT DEFINED ZFILE_BASE_DIR )
C:/ncs/v2.7.0/zephyr/cmake/modules/extensions.cmake(2606):  set(ZFILE_BASE_DIR C:/ncs/projects/light_bulb )
C:/ncs/v2.7.0/zephyr/cmake/modules/extensions.cmake(2612):  set(CACHED_PATH  )
C:/ncs/v2.7.0/zephyr/cmake/modules/extensions.cmake(2613):  foreach(path  )
C:/ncs/v2.7.0/zephyr/cmake/modules/extensions.cmake(2629):  foreach(path  )
C:/ncs/v2.7.0/zephyr/cmake/modules/extensions.cmake(2639):  list(REMOVE_DUPLICATES ARCH_ROOT )
C:/ncs/v2.7.0/zephyr/cmake/modules/extensions.cmake(2641):  set(ARCH_ROOT  PARENT_SCOPE )
C:/ncs/v2.7.0/zephyr/cmake/modules/extensions.cmake(2644):  if(ZFILE_CONF_FILES )
C:/ncs/v2.7.0/zephyr/cmake/modules/root.cmake(37):  zephyr_file(APPLICATION_ROOT SCA_ROOT )
C:/ncs/v2.7.0/zephyr/cmake/modules/extensions.cmake(2585):  set(file_options APPLICATION_ROOT CONF_FILES )
C:/ncs/v2.7.0/zephyr/cmake/modules/extensions.cmake(2586):  if(( ARGC EQUAL 0 ) OR ( NOT ( ARGV0 IN_LIST file_options ) ) )
C:/ncs/v2.7.0/zephyr/cmake/modules/extensions.cmake(2591):  if(APPLICATION_ROOT STREQUAL APPLICATION_ROOT )
C:/ncs/v2.7.0/zephyr/cmake/modules/extensions.cmake(2592):  set(single_args APPLICATION_ROOT BASE_DIR )
C:/ncs/v2.7.0/zephyr/cmake/modules/extensions.cmake(2599):  cmake_parse_arguments(ZFILE  APPLICATION_ROOT;BASE_DIR  APPLICATION_ROOT;SCA_ROOT )
C:/ncs/v2.7.0/zephyr/cmake/modules/extensions.cmake(2600):  if(ZFILE_UNPARSED_ARGUMENTS )
C:/ncs/v2.7.0/zephyr/cmake/modules/extensions.cmake(2604):  if(ZFILE_APPLICATION_ROOT )
C:/ncs/v2.7.0/zephyr/cmake/modules/extensions.cmake(2605):  if(NOT DEFINED ZFILE_BASE_DIR )
C:/ncs/v2.7.0/zephyr/cmake/modules/extensions.cmake(2606):  set(ZFILE_BASE_DIR C:/ncs/projects/light_bulb )
C:/ncs/v2.7.0/zephyr/cmake/modules/extensions.cmake(2612):  set(CACHED_PATH  )
C:/ncs/v2.7.0/zephyr/cmake/modules/extensions.cmake(2613):  foreach(path  )
C:/ncs/v2.7.0/zephyr/cmake/modules/extensions.cmake(2629):  foreach(path  )
C:/ncs/v2.7.0/zephyr/cmake/modules/extensions.cmake(2639):  list(REMOVE_DUPLICATES SCA_ROOT )
C:/ncs/v2.7.0/zephyr/cmake/modules/extensions.cmake(2641):  set(SCA_ROOT  PARENT_SCOPE )
C:/ncs/v2.7.0/zephyr/cmake/modules/extensions.cmake(2644):  if(ZFILE_CONF_FILES )
C:/ncs/v2.7.0/zephyr/cmake/modules/root.cmake(39):  if(unittest IN_LIST Zephyr_FIND_COMPONENTS )
C:/ncs/v2.7.0/zephyr/cmake/modules/zephyr_default.cmake(134):  list(REMOVE_ITEM SUB_COMPONENTS root )
C:/ncs/v2.7.0/zephyr/cmake/modules/zephyr_default.cmake(135):  if(DEFINED SUB_COMPONENTS AND NOT SUB_COMPONENTS )
C:/ncs/v2.7.0/zephyr/cmake/modules/zephyr_default.cmake(130):  string(CONFIGURE zephyr_module module )
C:/ncs/v2.7.0/zephyr/cmake/modules/zephyr_default.cmake(131):  string(CONFIGURE zephyr_module module )
C:/ncs/v2.7.0/zephyr/cmake/modules/zephyr_default.cmake(132):  include(zephyr_module )
C:/ncs/v2.7.0/zephyr/cmake/modules/zephyr_module.cmake(3):  include_guard(GLOBAL )
C:/ncs/v2.7.0/zephyr/cmake/modules/zephyr_module.cmake(5):  include(extensions )
C:/ncs/v2.7.0/zephyr/cmake/modules/extensions.cmake(3):  include_guard(GLOBAL )
C:/ncs/v2.7.0/zephyr/cmake/modules/zephyr_module.cmake(6):  include(python )
C:/ncs/v2.7.0/zephyr/cmake/modules/python.cmake(3):  include_guard(GLOBAL )
C:/ncs/v2.7.0/zephyr/cmake/modules/zephyr_module.cmake(32):  set_ifndef(KCONFIG_BINARY_DIR C:/ncs/projects/light_bulb/Kconfig )
C:/ncs/v2.7.0/zephyr/cmake/modules/extensions.cmake(2066):  if(NOT KCONFIG_BINARY_DIR )
C:/ncs/v2.7.0/zephyr/cmake/modules/extensions.cmake(2067):  set(KCONFIG_BINARY_DIR C:/ncs/projects/light_bulb/Kconfig  PARENT_SCOPE )
C:/ncs/v2.7.0/zephyr/cmake/modules/zephyr_module.cmake(34):  zephyr_get(ZEPHYR_MODULES )
C:/ncs/v2.7.0/zephyr/cmake/modules/extensions.cmake(3090):  cmake_parse_arguments(GET_VAR MERGE;REVERSE SYSBUILD VAR  )
C:/ncs/v2.7.0/zephyr/cmake/modules/extensions.cmake(3092):  if(DEFINED GET_VAR_SYSBUILD )
C:/ncs/v2.7.0/zephyr/cmake/modules/extensions.cmake(3098):  else()
C:/ncs/v2.7.0/zephyr/cmake/modules/extensions.cmake(3099):  set(GET_VAR_SYSBUILD GLOBAL )
C:/ncs/v2.7.0/zephyr/cmake/modules/extensions.cmake(3102):  if(GET_VAR_REVERSE AND NOT GET_VAR_MERGE )
C:/ncs/v2.7.0/zephyr/cmake/modules/extensions.cmake(3106):  if(NOT DEFINED GET_VAR_VAR )
C:/ncs/v2.7.0/zephyr/cmake/modules/extensions.cmake(3107):  set(GET_VAR_VAR ZEPHYR_MODULES )
C:/ncs/v2.7.0/zephyr/cmake/modules/extensions.cmake(3113):  foreach(var ZEPHYR_MODULES )
C:/ncs/v2.7.0/zephyr/cmake/modules/extensions.cmake(3114):  set(current_ZEPHYR_MODULES  )
C:/ncs/v2.7.0/zephyr/cmake/modules/extensions.cmake(3115):  set(ZEPHYR_MODULES )
C:/ncs/v2.7.0/zephyr/cmake/modules/extensions.cmake(3117):  if(SYSBUILD )
C:/ncs/v2.7.0/zephyr/cmake/modules/extensions.cmake(3128):  else()
C:/ncs/v2.7.0/zephyr/cmake/modules/extensions.cmake(3129):  set(sysbuild_local_ZEPHYR_MODULES )
C:/ncs/v2.7.0/zephyr/cmake/modules/extensions.cmake(3130):  set(sysbuild_global_ZEPHYR_MODULES )
C:/ncs/v2.7.0/zephyr/cmake/modules/extensions.cmake(3133):  if(TARGET snippets_scope )
C:/ncs/v2.7.0/zephyr/cmake/modules/extensions.cmake(3138):  set(ZEPHYR_MODULES  )
C:/ncs/v2.7.0/zephyr/cmake/modules/extensions.cmake(3139):  set(scopes sysbuild_local;sysbuild_global;CACHE;snippets;ENV;current )
C:/ncs/v2.7.0/zephyr/cmake/modules/extensions.cmake(3140):  if(GET_VAR_REVERSE )
C:/ncs/v2.7.0/zephyr/cmake/modules/extensions.cmake(3143):  foreach(scope IN LISTS scopes )
C:/ncs/v2.7.0/zephyr/cmake/modules/extensions.cmake(3144):  foreach(var ZEPHYR_MODULES )
C:/ncs/v2.7.0/zephyr/cmake/modules/extensions.cmake(3145):  zephyr_var_name(ZEPHYR_MODULES sysbuild_local expansion_var )
C:/ncs/v2.7.0/zephyr/cmake/modules/extensions.cmake(3038):  if(scope STREQUAL ENV OR scope STREQUAL CACHE )
C:/ncs/v2.7.0/zephyr/cmake/modules/extensions.cmake(3044):  else()
C:/ncs/v2.7.0/zephyr/cmake/modules/extensions.cmake(3045):  if(DEFINED sysbuild_local_ZEPHYR_MODULES )
C:/ncs/v2.7.0/zephyr/cmake/modules/extensions.cmake(3047):  else()
C:/ncs/v2.7.0/zephyr/cmake/modules/extensions.cmake(3048):  set(expansion_var PARENT_SCOPE )
C:/ncs/v2.7.0/zephyr/cmake/modules/extensions.cmake(3146):  if(DEFINED expansion_var )
C:/ncs/v2.7.0/zephyr/cmake/modules/extensions.cmake(3144):  foreach(var ZEPHYR_MODULES )
C:/ncs/v2.7.0/zephyr/cmake/modules/extensions.cmake(3145):  zephyr_var_name(ZEPHYR_MODULES sysbuild_global expansion_var )
C:/ncs/v2.7.0/zephyr/cmake/modules/extensions.cmake(3038):  if(scope STREQUAL ENV OR scope STREQUAL CACHE )
C:/ncs/v2.7.0/zephyr/cmake/modules/extensions.cmake(3044):  else()
C:/ncs/v2.7.0/zephyr/cmake/modules/extensions.cmake(3045):  if(DEFINED sysbuild_global_ZEPHYR_MODULES )
C:/ncs/v2.7.0/zephyr/cmake/modules/extensions.cmake(3047):  else()
C:/ncs/v2.7.0/zephyr/cmake/modules/extensions.cmake(3048):  set(expansion_var PARENT_SCOPE )
C:/ncs/v2.7.0/zephyr/cmake/modules/extensions.cmake(3146):  if(DEFINED expansion_var )
C:/ncs/v2.7.0/zephyr/cmake/modules/extensions.cmake(3144):  foreach(var ZEPHYR_MODULES )
C:/ncs/v2.7.0/zephyr/cmake/modules/extensions.cmake(3145):  zephyr_var_name(ZEPHYR_MODULES CACHE expansion_var )
C:/ncs/v2.7.0/zephyr/cmake/modules/extensions.cmake(3038):  if(scope STREQUAL ENV OR scope STREQUAL CACHE )
C:/ncs/v2.7.0/zephyr/cmake/modules/extensions.cmake(3039):  if(DEFINED CACHE{ZEPHYR_MODULES} )
C:/ncs/v2.7.0/zephyr/cmake/modules/extensions.cmake(3041):  else()
C:/ncs/v2.7.0/zephyr/cmake/modules/extensions.cmake(3042):  set(expansion_var PARENT_SCOPE )
C:/ncs/v2.7.0/zephyr/cmake/modules/extensions.cmake(3146):  if(DEFINED expansion_var )
C:/ncs/v2.7.0/zephyr/cmake/modules/extensions.cmake(3144):  foreach(var ZEPHYR_MODULES )
C:/ncs/v2.7.0/zephyr/cmake/modules/extensions.cmake(3145):  zephyr_var_name(ZEPHYR_MODULES snippets expansion_var )
C:/ncs/v2.7.0/zephyr/cmake/modules/extensions.cmake(3038):  if(scope STREQUAL ENV OR scope STREQUAL CACHE )
C:/ncs/v2.7.0/zephyr/cmake/modules/extensions.cmake(3044):  else()
C:/ncs/v2.7.0/zephyr/cmake/modules/extensions.cmake(3045):  if(DEFINED snippets_ZEPHYR_MODULES )
C:/ncs/v2.7.0/zephyr/cmake/modules/extensions.cmake(3047):  else()
C:/ncs/v2.7.0/zephyr/cmake/modules/extensions.cmake(3048):  set(expansion_var PARENT_SCOPE )
C:/ncs/v2.7.0/zephyr/cmake/modules/extensions.cmake(3146):  if(DEFINED expansion_var )
C:/ncs/v2.7.0/zephyr/cmake/modules/extensions.cmake(3144):  foreach(var ZEPHYR_MODULES )
C:/ncs/v2.7.0/zephyr/cmake/modules/extensions.cmake(3145):  zephyr_var_name(ZEPHYR_MODULES ENV expansion_var )
C:/ncs/v2.7.0/zephyr/cmake/modules/extensions.cmake(3038):  if(scope STREQUAL ENV OR scope STREQUAL CACHE )
C:/ncs/v2.7.0/zephyr/cmake/modules/extensions.cmake(3039):  if(DEFINED ENV{ZEPHYR_MODULES} )
C:/ncs/v2.7.0/zephyr/cmake/modules/extensions.cmake(3041):  else()
C:/ncs/v2.7.0/zephyr/cmake/modules/extensions.cmake(3042):  set(expansion_var PARENT_SCOPE )
C:/ncs/v2.7.0/zephyr/cmake/modules/extensions.cmake(3146):  if(DEFINED expansion_var )
C:/ncs/v2.7.0/zephyr/cmake/modules/extensions.cmake(3144):  foreach(var ZEPHYR_MODULES )
C:/ncs/v2.7.0/zephyr/cmake/modules/extensions.cmake(3145):  zephyr_var_name(ZEPHYR_MODULES current expansion_var )
C:/ncs/v2.7.0/zephyr/cmake/modules/extensions.cmake(3038):  if(scope STREQUAL ENV OR scope STREQUAL CACHE )
C:/ncs/v2.7.0/zephyr/cmake/modules/extensions.cmake(3044):  else()
C:/ncs/v2.7.0/zephyr/cmake/modules/extensions.cmake(3045):  if(DEFINED current_ZEPHYR_MODULES )
C:/ncs/v2.7.0/zephyr/cmake/modules/extensions.cmake(3047):  else()
C:/ncs/v2.7.0/zephyr/cmake/modules/extensions.cmake(3048):  set(expansion_var PARENT_SCOPE )
C:/ncs/v2.7.0/zephyr/cmake/modules/extensions.cmake(3146):  if(DEFINED expansion_var )
C:/ncs/v2.7.0/zephyr/cmake/modules/extensions.cmake(3179):  if(GET_VAR_MERGE )
C:/ncs/v2.7.0/zephyr/cmake/modules/zephyr_module.cmake(35):  if(ZEPHYR_MODULES )
C:/ncs/v2.7.0/zephyr/cmake/modules/zephyr_module.cmake(39):  zephyr_get(EXTRA_ZEPHYR_MODULES VAR EXTRA_ZEPHYR_MODULES ZEPHYR_EXTRA_MODULES )
C:/ncs/v2.7.0/zephyr/cmake/modules/extensions.cmake(3090):  cmake_parse_arguments(GET_VAR MERGE;REVERSE SYSBUILD VAR VAR;EXTRA_ZEPHYR_MODULES;ZEPHYR_EXTRA_MODULES )
C:/ncs/v2.7.0/zephyr/cmake/modules/extensions.cmake(3092):  if(DEFINED GET_VAR_SYSBUILD )
C:/ncs/v2.7.0/zephyr/cmake/modules/extensions.cmake(3098):  else()
C:/ncs/v2.7.0/zephyr/cmake/modules/extensions.cmake(3099):  set(GET_VAR_SYSBUILD GLOBAL )
C:/ncs/v2.7.0/zephyr/cmake/modules/extensions.cmake(3102):  if(GET_VAR_REVERSE AND NOT GET_VAR_MERGE )
C:/ncs/v2.7.0/zephyr/cmake/modules/extensions.cmake(3106):  if(NOT DEFINED GET_VAR_VAR )
C:/ncs/v2.7.0/zephyr/cmake/modules/extensions.cmake(3113):  foreach(var EXTRA_ZEPHYR_MODULES;ZEPHYR_EXTRA_MODULES )
C:/ncs/v2.7.0/zephyr/cmake/modules/extensions.cmake(3114):  set(current_EXTRA_ZEPHYR_MODULES  )
C:/ncs/v2.7.0/zephyr/cmake/modules/extensions.cmake(3115):  set(EXTRA_ZEPHYR_MODULES )
C:/ncs/v2.7.0/zephyr/cmake/modules/extensions.cmake(3117):  if(SYSBUILD )
C:/ncs/v2.7.0/zephyr/cmake/modules/extensions.cmake(3128):  else()
C:/ncs/v2.7.0/zephyr/cmake/modules/extensions.cmake(3129):  set(sysbuild_local_EXTRA_ZEPHYR_MODULES )
C:/ncs/v2.7.0/zephyr/cmake/modules/extensions.cmake(3130):  set(sysbuild_global_EXTRA_ZEPHYR_MODULES )
C:/ncs/v2.7.0/zephyr/cmake/modules/extensions.cmake(3133):  if(TARGET snippets_scope )
C:/ncs/v2.7.0/zephyr/cmake/modules/extensions.cmake(3114):  set(current_ZEPHYR_EXTRA_MODULES  )
C:/ncs/v2.7.0/zephyr/cmake/modules/extensions.cmake(3115):  set(ZEPHYR_EXTRA_MODULES )
C:/ncs/v2.7.0/zephyr/cmake/modules/extensions.cmake(3117):  if(SYSBUILD )
C:/ncs/v2.7.0/zephyr/cmake/modules/extensions.cmake(3128):  else()
C:/ncs/v2.7.0/zephyr/cmake/modules/extensions.cmake(3129):  set(sysbuild_local_ZEPHYR_EXTRA_MODULES )
C:/ncs/v2.7.0/zephyr/cmake/modules/extensions.cmake(3130):  set(sysbuild_global_ZEPHYR_EXTRA_MODULES )
C:/ncs/v2.7.0/zephyr/cmake/modules/extensions.cmake(3133):  if(TARGET snippets_scope )
C:/ncs/v2.7.0/zephyr/cmake/modules/extensions.cmake(3138):  set(EXTRA_ZEPHYR_MODULES  )
C:/ncs/v2.7.0/zephyr/cmake/modules/extensions.cmake(3139):  set(scopes sysbuild_local;sysbuild_global;CACHE;snippets;ENV;current )
C:/ncs/v2.7.0/zephyr/cmake/modules/extensions.cmake(3140):  if(GET_VAR_REVERSE )
C:/ncs/v2.7.0/zephyr/cmake/modules/extensions.cmake(3143):  foreach(scope IN LISTS scopes )
C:/ncs/v2.7.0/zephyr/cmake/modules/extensions.cmake(3144):  foreach(var EXTRA_ZEPHYR_MODULES;ZEPHYR_EXTRA_MODULES )
C:/ncs/v2.7.0/zephyr/cmake/modules/extensions.cmake(3145):  zephyr_var_name(EXTRA_ZEPHYR_MODULES sysbuild_local expansion_var )
C:/ncs/v2.7.0/zephyr/cmake/modules/extensions.cmake(3038):  if(scope STREQUAL ENV OR scope STREQUAL CACHE )
C:/ncs/v2.7.0/zephyr/cmake/modules/extensions.cmake(3044):  else()
C:/ncs/v2.7.0/zephyr/cmake/modules/extensions.cmake(3045):  if(DEFINED sysbuild_local_EXTRA_ZEPHYR_MODULES )
C:/ncs/v2.7.0/zephyr/cmake/modules/extensions.cmake(3047):  else()
C:/ncs/v2.7.0/zephyr/cmake/modules/extensions.cmake(3048):  set(expansion_var PARENT_SCOPE )
C:/ncs/v2.7.0/zephyr/cmake/modules/extensions.cmake(3146):  if(DEFINED expansion_var )
C:/ncs/v2.7.0/zephyr/cmake/modules/extensions.cmake(3145):  zephyr_var_name(ZEPHYR_EXTRA_MODULES sysbuild_local expansion_var )
C:/ncs/v2.7.0/zephyr/cmake/modules/extensions.cmake(3038):  if(scope STREQUAL ENV OR scope STREQUAL CACHE )
C:/ncs/v2.7.0/zephyr/cmake/modules/extensions.cmake(3044):  else()
C:/ncs/v2.7.0/zephyr/cmake/modules/extensions.cmake(3045):  if(DEFINED sysbuild_local_ZEPHYR_EXTRA_MODULES )
C:/ncs/v2.7.0/zephyr/cmake/modules/extensions.cmake(3047):  else()
C:/ncs/v2.7.0/zephyr/cmake/modules/extensions.cmake(3048):  set(expansion_var PARENT_SCOPE )
C:/ncs/v2.7.0/zephyr/cmake/modules/extensions.cmake(3146):  if(DEFINED expansion_var )
C:/ncs/v2.7.0/zephyr/cmake/modules/extensions.cmake(3144):  foreach(var EXTRA_ZEPHYR_MODULES;ZEPHYR_EXTRA_MODULES )
C:/ncs/v2.7.0/zephyr/cmake/modules/extensions.cmake(3145):  zephyr_var_name(EXTRA_ZEPHYR_MODULES sysbuild_global expansion_var )
C:/ncs/v2.7.0/zephyr/cmake/modules/extensions.cmake(3038):  if(scope STREQUAL ENV OR scope STREQUAL CACHE )
C:/ncs/v2.7.0/zephyr/cmake/modules/extensions.cmake(3044):  else()
C:/ncs/v2.7.0/zephyr/cmake/modules/extensions.cmake(3045):  if(DEFINED sysbuild_global_EXTRA_ZEPHYR_MODULES )
C:/ncs/v2.7.0/zephyr/cmake/modules/extensions.cmake(3047):  else()
C:/ncs/v2.7.0/zephyr/cmake/modules/extensions.cmake(3048):  set(expansion_var PARENT_SCOPE )
C:/ncs/v2.7.0/zephyr/cmake/modules/extensions.cmake(3146):  if(DEFINED expansion_var )
C:/ncs/v2.7.0/zephyr/cmake/modules/extensions.cmake(3145):  zephyr_var_name(ZEPHYR_EXTRA_MODULES sysbuild_global expansion_var )
C:/ncs/v2.7.0/zephyr/cmake/modules/extensions.cmake(3038):  if(scope STREQUAL ENV OR scope STREQUAL CACHE )
C:/ncs/v2.7.0/zephyr/cmake/modules/extensions.cmake(3044):  else()
C:/ncs/v2.7.0/zephyr/cmake/modules/extensions.cmake(3045):  if(DEFINED sysbuild_global_ZEPHYR_EXTRA_MODULES )
C:/ncs/v2.7.0/zephyr/cmake/modules/extensions.cmake(3047):  else()
C:/ncs/v2.7.0/zephyr/cmake/modules/extensions.cmake(3048):  set(expansion_var PARENT_SCOPE )
C:/ncs/v2.7.0/zephyr/cmake/modules/extensions.cmake(3146):  if(DEFINED expansion_var )
C:/ncs/v2.7.0/zephyr/cmake/modules/extensions.cmake(3144):  foreach(var EXTRA_ZEPHYR_MODULES;ZEPHYR_EXTRA_MODULES )
C:/ncs/v2.7.0/zephyr/cmake/modules/extensions.cmake(3145):  zephyr_var_name(EXTRA_ZEPHYR_MODULES CACHE expansion_var )
C:/ncs/v2.7.0/zephyr/cmake/modules/extensions.cmake(3038):  if(scope STREQUAL ENV OR scope STREQUAL CACHE )
C:/ncs/v2.7.0/zephyr/cmake/modules/extensions.cmake(3039):  if(DEFINED CACHE{EXTRA_ZEPHYR_MODULES} )
C:/ncs/v2.7.0/zephyr/cmake/modules/extensions.cmake(3041):  else()
C:/ncs/v2.7.0/zephyr/cmake/modules/extensions.cmake(3042):  set(expansion_var PARENT_SCOPE )
C:/ncs/v2.7.0/zephyr/cmake/modules/extensions.cmake(3146):  if(DEFINED expansion_var )
C:/ncs/v2.7.0/zephyr/cmake/modules/extensions.cmake(3145):  zephyr_var_name(ZEPHYR_EXTRA_MODULES CACHE expansion_var )
C:/ncs/v2.7.0/zephyr/cmake/modules/extensions.cmake(3038):  if(scope STREQUAL ENV OR scope STREQUAL CACHE )
C:/ncs/v2.7.0/zephyr/cmake/modules/extensions.cmake(3039):  if(DEFINED CACHE{ZEPHYR_EXTRA_MODULES} )
C:/ncs/v2.7.0/zephyr/cmake/modules/extensions.cmake(3041):  else()
C:/ncs/v2.7.0/zephyr/cmake/modules/extensions.cmake(3042):  set(expansion_var PARENT_SCOPE )
C:/ncs/v2.7.0/zephyr/cmake/modules/extensions.cmake(3146):  if(DEFINED expansion_var )
C:/ncs/v2.7.0/zephyr/cmake/modules/extensions.cmake(3144):  foreach(var EXTRA_ZEPHYR_MODULES;ZEPHYR_EXTRA_MODULES )
C:/ncs/v2.7.0/zephyr/cmake/modules/extensions.cmake(3145):  zephyr_var_name(EXTRA_ZEPHYR_MODULES snippets expansion_var )
C:/ncs/v2.7.0/zephyr/cmake/modules/extensions.cmake(3038):  if(scope STREQUAL ENV OR scope STREQUAL CACHE )
C:/ncs/v2.7.0/zephyr/cmake/modules/extensions.cmake(3044):  else()
C:/ncs/v2.7.0/zephyr/cmake/modules/extensions.cmake(3045):  if(DEFINED snippets_EXTRA_ZEPHYR_MODULES )
C:/ncs/v2.7.0/zephyr/cmake/modules/extensions.cmake(3047):  else()
C:/ncs/v2.7.0/zephyr/cmake/modules/extensions.cmake(3048):  set(expansion_var PARENT_SCOPE )
C:/ncs/v2.7.0/zephyr/cmake/modules/extensions.cmake(3146):  if(DEFINED expansion_var )
C:/ncs/v2.7.0/zephyr/cmake/modules/extensions.cmake(3145):  zephyr_var_name(ZEPHYR_EXTRA_MODULES snippets expansion_var )
C:/ncs/v2.7.0/zephyr/cmake/modules/extensions.cmake(3038):  if(scope STREQUAL ENV OR scope STREQUAL CACHE )
C:/ncs/v2.7.0/zephyr/cmake/modules/extensions.cmake(3044):  else()
C:/ncs/v2.7.0/zephyr/cmake/modules/extensions.cmake(3045):  if(DEFINED snippets_ZEPHYR_EXTRA_MODULES )
C:/ncs/v2.7.0/zephyr/cmake/modules/extensions.cmake(3047):  else()
C:/ncs/v2.7.0/zephyr/cmake/modules/extensions.cmake(3048):  set(expansion_var PARENT_SCOPE )
C:/ncs/v2.7.0/zephyr/cmake/modules/extensions.cmake(3146):  if(DEFINED expansion_var )
C:/ncs/v2.7.0/zephyr/cmake/modules/extensions.cmake(3144):  foreach(var EXTRA_ZEPHYR_MODULES;ZEPHYR_EXTRA_MODULES )
C:/ncs/v2.7.0/zephyr/cmake/modules/extensions.cmake(3145):  zephyr_var_name(EXTRA_ZEPHYR_MODULES ENV expansion_var )
C:/ncs/v2.7.0/zephyr/cmake/modules/extensions.cmake(3038):  if(scope STREQUAL ENV OR scope STREQUAL CACHE )
C:/ncs/v2.7.0/zephyr/cmake/modules/extensions.cmake(3039):  if(DEFINED ENV{EXTRA_ZEPHYR_MODULES} )
C:/ncs/v2.7.0/zephyr/cmake/modules/extensions.cmake(3041):  else()
C:/ncs/v2.7.0/zephyr/cmake/modules/extensions.cmake(3042):  set(expansion_var PARENT_SCOPE )
C:/ncs/v2.7.0/zephyr/cmake/modules/extensions.cmake(3146):  if(DEFINED expansion_var )
C:/ncs/v2.7.0/zephyr/cmake/modules/extensions.cmake(3145):  zephyr_var_name(ZEPHYR_EXTRA_MODULES ENV expansion_var )
C:/ncs/v2.7.0/zephyr/cmake/modules/extensions.cmake(3038):  if(scope STREQUAL ENV OR scope STREQUAL CACHE )
C:/ncs/v2.7.0/zephyr/cmake/modules/extensions.cmake(3039):  if(DEFINED ENV{ZEPHYR_EXTRA_MODULES} )
C:/ncs/v2.7.0/zephyr/cmake/modules/extensions.cmake(3041):  else()
C:/ncs/v2.7.0/zephyr/cmake/modules/extensions.cmake(3042):  set(expansion_var PARENT_SCOPE )
C:/ncs/v2.7.0/zephyr/cmake/modules/extensions.cmake(3146):  if(DEFINED expansion_var )
C:/ncs/v2.7.0/zephyr/cmake/modules/extensions.cmake(3144):  foreach(var EXTRA_ZEPHYR_MODULES;ZEPHYR_EXTRA_MODULES )
C:/ncs/v2.7.0/zephyr/cmake/modules/extensions.cmake(3145):  zephyr_var_name(EXTRA_ZEPHYR_MODULES current expansion_var )
C:/ncs/v2.7.0/zephyr/cmake/modules/extensions.cmake(3038):  if(scope STREQUAL ENV OR scope STREQUAL CACHE )
C:/ncs/v2.7.0/zephyr/cmake/modules/extensions.cmake(3044):  else()
C:/ncs/v2.7.0/zephyr/cmake/modules/extensions.cmake(3045):  if(DEFINED current_EXTRA_ZEPHYR_MODULES )
C:/ncs/v2.7.0/zephyr/cmake/modules/extensions.cmake(3047):  else()
C:/ncs/v2.7.0/zephyr/cmake/modules/extensions.cmake(3048):  set(expansion_var PARENT_SCOPE )
C:/ncs/v2.7.0/zephyr/cmake/modules/extensions.cmake(3146):  if(DEFINED expansion_var )
C:/ncs/v2.7.0/zephyr/cmake/modules/extensions.cmake(3145):  zephyr_var_name(ZEPHYR_EXTRA_MODULES current expansion_var )
C:/ncs/v2.7.0/zephyr/cmake/modules/extensions.cmake(3038):  if(scope STREQUAL ENV OR scope STREQUAL CACHE )
C:/ncs/v2.7.0/zephyr/cmake/modules/extensions.cmake(3044):  else()
C:/ncs/v2.7.0/zephyr/cmake/modules/extensions.cmake(3045):  if(DEFINED current_ZEPHYR_EXTRA_MODULES )
C:/ncs/v2.7.0/zephyr/cmake/modules/extensions.cmake(3047):  else()
C:/ncs/v2.7.0/zephyr/cmake/modules/extensions.cmake(3048):  set(expansion_var PARENT_SCOPE )
C:/ncs/v2.7.0/zephyr/cmake/modules/extensions.cmake(3146):  if(DEFINED expansion_var )
C:/ncs/v2.7.0/zephyr/cmake/modules/extensions.cmake(3179):  if(GET_VAR_MERGE )
C:/ncs/v2.7.0/zephyr/cmake/modules/zephyr_module.cmake(40):  if(EXTRA_ZEPHYR_MODULES )
C:/ncs/v2.7.0/zephyr/cmake/modules/zephyr_module.cmake(44):  file(MAKE_DIRECTORY C:/ncs/projects/light_bulb/Kconfig )
C:/ncs/v2.7.0/zephyr/cmake/modules/zephyr_module.cmake(45):  set(kconfig_modules_file C:/ncs/projects/light_bulb/Kconfig/Kconfig.modules )
C:/ncs/v2.7.0/zephyr/cmake/modules/zephyr_module.cmake(46):  set(kconfig_sysbuild_file C:/ncs/projects/light_bulb/Kconfig/Kconfig.sysbuild.modules )
C:/ncs/v2.7.0/zephyr/cmake/modules/zephyr_module.cmake(47):  set(cmake_modules_file C:/ncs/projects/light_bulb/zephyr_modules.txt )
C:/ncs/v2.7.0/zephyr/cmake/modules/zephyr_module.cmake(48):  set(cmake_sysbuild_file C:/ncs/projects/light_bulb/sysbuild_modules.txt )
C:/ncs/v2.7.0/zephyr/cmake/modules/zephyr_module.cmake(49):  set(zephyr_settings_file C:/ncs/projects/light_bulb/zephyr_settings.txt )
C:/ncs/v2.7.0/zephyr/cmake/modules/zephyr_module.cmake(51):  if(WEST OR ZEPHYR_MODULES )
C:/ncs/v2.7.0/zephyr/cmake/modules/zephyr_module.cmake(54):  execute_process(COMMAND C:/ncs/toolchains/ce3b5ff664/opt/bin/python.exe C:/ncs/v2.7.0/zephyr/scripts/zephyr_module.py --zephyr-base=C:/ncs/v2.7.0/zephyr   --kconfig-out C:/ncs/projects/light_bulb/Kconfig/Kconfig.modules --cmake-out C:/ncs/projects/light_bulb/zephyr_modules.txt --sysbuild-kconfig-out C:/ncs/projects/light_bulb/Kconfig/Kconfig.sysbuild.modules --sysbuild-cmake-out C:/ncs/projects/light_bulb/sysbuild_modules.txt --settings-out C:/ncs/projects/light_bulb/zephyr_settings.txt WORKING_DIRECTORY C:/ncs/v2.7.0/zephyr ERROR_VARIABLE zephyr_module_error_text RESULT_VARIABLE zephyr_module_return )
C:/ncs/v2.7.0/zephyr/cmake/modules/zephyr_module.cmake(72):  if(1 )
C:/ncs/v2.7.0/zephyr/cmake/modules/zephyr_module.cmake(73):  message(FATAL_ERROR Traceback (most recent call last):
  File "C:\ncs\v2.7.0\zephyr\scripts\zephyr_module.py", line 742, in <module>
    main()
  File "C:\ncs\v2.7.0\zephyr\scripts\zephyr_module.py", line 700, in main
    with open(args.kconfig_out, 'w', encoding="utf-8") as fp:
FileNotFoundError: [Errno 2] No such file or directory: 'C:/ncs/projects/light_bulb/Kconfig/Kconfig.modules'
 )
